a:4:{s:3:"row";i:1;s:7:"message";s:42:"Skipped. Unknown order status (delivered).";s:6:"status";b:0;s:7:"post_id";s:0:"";}
a:4:{s:3:"row";i:2;s:7:"message";s:42:"Skipped. Unknown order status (delivered).";s:6:"status";b:0;s:7:"post_id";s:0:"";}
a:4:{s:3:"row";i:3;s:7:"message";s:42:"Skipped. Unknown order status (delivered).";s:6:"status";b:0;s:7:"post_id";s:0:"";}
a:4:{s:3:"row";i:4;s:7:"message";s:42:"Skipped. Unknown order status (delivered).";s:6:"status";b:0;s:7:"post_id";s:0:"";}
a:4:{s:3:"row";i:5;s:7:"message";s:42:"Skipped. Unknown order status (delivered).";s:6:"status";b:0;s:7:"post_id";s:0:"";}
a:4:{s:3:"row";i:6;s:7:"message";s:42:"Skipped. Unknown order status (delivered).";s:6:"status";b:0;s:7:"post_id";s:0:"";}
a:4:{s:3:"row";i:7;s:7:"message";s:42:"Skipped. Unknown order status (delivered).";s:6:"status";b:0;s:7:"post_id";s:0:"";}
a:4:{s:3:"row";i:8;s:7:"message";s:42:"Skipped. Unknown order status (delivered).";s:6:"status";b:0;s:7:"post_id";s:0:"";}
a:4:{s:3:"row";i:9;s:7:"message";s:42:"Skipped. Unknown order status (delivered).";s:6:"status";b:0;s:7:"post_id";s:0:"";}
a:4:{s:3:"row";i:10;s:7:"message";s:42:"Skipped. Unknown order status (delivered).";s:6:"status";b:0;s:7:"post_id";s:0:"";}
a:4:{s:3:"row";i:11;s:7:"message";s:42:"Skipped. Unknown order status (delivered).";s:6:"status";b:0;s:7:"post_id";s:0:"";}
a:4:{s:3:"row";i:12;s:7:"message";s:42:"Skipped. Unknown order status (delivered).";s:6:"status";b:0;s:7:"post_id";s:0:"";}
a:4:{s:3:"row";i:13;s:7:"message";s:42:"Skipped. Unknown order status (delivered).";s:6:"status";b:0;s:7:"post_id";s:0:"";}
a:4:{s:3:"row";i:14;s:7:"message";s:42:"Skipped. Unknown order status (delivered).";s:6:"status";b:0;s:7:"post_id";s:0:"";}
a:4:{s:3:"row";i:15;s:7:"message";s:42:"Skipped. Unknown order status (delivered).";s:6:"status";b:0;s:7:"post_id";s:0:"";}
a:4:{s:3:"row";i:16;s:7:"message";s:42:"Skipped. Unknown order status (delivered).";s:6:"status";b:0;s:7:"post_id";s:0:"";}
a:4:{s:3:"row";i:17;s:7:"message";s:42:"Skipped. Unknown order status (delivered).";s:6:"status";b:0;s:7:"post_id";s:0:"";}
a:4:{s:3:"row";i:18;s:7:"message";s:42:"Skipped. Unknown order status (delivered).";s:6:"status";b:0;s:7:"post_id";s:0:"";}
a:4:{s:3:"row";i:19;s:7:"message";s:28:"Order imported successfully.";s:6:"status";b:1;s:7:"post_id";i:3035;}
a:4:{s:3:"row";i:20;s:7:"message";s:42:"Skipped. Unknown order status (delivered).";s:6:"status";b:0;s:7:"post_id";s:0:"";}
a:4:{s:3:"row";i:21;s:7:"message";s:42:"Skipped. Unknown order status (delivered).";s:6:"status";b:0;s:7:"post_id";s:0:"";}
a:4:{s:3:"row";i:22;s:7:"message";s:42:"Skipped. Unknown order status (delivered).";s:6:"status";b:0;s:7:"post_id";s:0:"";}
a:4:{s:3:"row";i:23;s:7:"message";s:42:"Skipped. Unknown order status (delivered).";s:6:"status";b:0;s:7:"post_id";s:0:"";}
a:4:{s:3:"row";i:24;s:7:"message";s:42:"Skipped. Unknown order status (delivered).";s:6:"status";b:0;s:7:"post_id";s:0:"";}
a:4:{s:3:"row";i:25;s:7:"message";s:42:"Skipped. Unknown order status (delivered).";s:6:"status";b:0;s:7:"post_id";s:0:"";}
a:4:{s:3:"row";i:26;s:7:"message";s:42:"Skipped. Unknown order status (delivered).";s:6:"status";b:0;s:7:"post_id";s:0:"";}
a:4:{s:3:"row";i:27;s:7:"message";s:42:"Skipped. Unknown order status (delivered).";s:6:"status";b:0;s:7:"post_id";s:0:"";}
a:4:{s:3:"row";i:28;s:7:"message";s:28:"Order imported successfully.";s:6:"status";b:1;s:7:"post_id";i:3479;}
a:4:{s:3:"row";i:29;s:7:"message";s:42:"Skipped. Unknown order status (delivered).";s:6:"status";b:0;s:7:"post_id";s:0:"";}
a:4:{s:3:"row";i:30;s:7:"message";s:42:"Skipped. Unknown order status (delivered).";s:6:"status";b:0;s:7:"post_id";s:0:"";}
a:4:{s:3:"row";i:31;s:7:"message";s:42:"Skipped. Unknown order status (delivered).";s:6:"status";b:0;s:7:"post_id";s:0:"";}
a:4:{s:3:"row";i:32;s:7:"message";s:42:"Skipped. Unknown order status (delivered).";s:6:"status";b:0;s:7:"post_id";s:0:"";}
a:4:{s:3:"row";i:33;s:7:"message";s:28:"Order imported successfully.";s:6:"status";b:1;s:7:"post_id";i:3566;}
a:4:{s:3:"row";i:34;s:7:"message";s:28:"Order imported successfully.";s:6:"status";b:1;s:7:"post_id";i:3720;}
a:4:{s:3:"row";i:35;s:7:"message";s:28:"Order imported successfully.";s:6:"status";b:1;s:7:"post_id";i:3722;}
a:4:{s:3:"row";i:36;s:7:"message";s:28:"Order imported successfully.";s:6:"status";b:1;s:7:"post_id";i:3724;}
a:4:{s:3:"row";i:37;s:7:"message";s:28:"Order imported successfully.";s:6:"status";b:1;s:7:"post_id";i:3761;}
a:4:{s:3:"row";i:38;s:7:"message";s:28:"Order imported successfully.";s:6:"status";b:1;s:7:"post_id";i:3999;}
a:4:{s:3:"row";i:39;s:7:"message";s:50:"Skipped. Unknown order status (awaiting-shipment).";s:6:"status";b:0;s:7:"post_id";s:0:"";}
a:4:{s:3:"row";i:40;s:7:"message";s:50:"Skipped. Unknown order status (awaiting-shipment).";s:6:"status";b:0;s:7:"post_id";s:0:"";}
a:4:{s:3:"row";i:41;s:7:"message";s:50:"Skipped. Unknown order status (awaiting-shipment).";s:6:"status";b:0;s:7:"post_id";s:0:"";}
a:4:{s:3:"row";i:42;s:7:"message";s:50:"Skipped. Unknown order status (awaiting-shipment).";s:6:"status";b:0;s:7:"post_id";s:0:"";}
a:4:{s:3:"row";i:43;s:7:"message";s:28:"Order imported successfully.";s:6:"status";b:1;s:7:"post_id";i:4103;}
a:4:{s:3:"row";i:44;s:7:"message";s:28:"Order imported successfully.";s:6:"status";b:1;s:7:"post_id";i:4104;}
a:4:{s:3:"row";i:45;s:7:"message";s:28:"Order imported successfully.";s:6:"status";b:1;s:7:"post_id";i:4105;}
a:4:{s:3:"row";i:46;s:7:"message";s:50:"Skipped. Unknown order status (awaiting-shipment).";s:6:"status";b:0;s:7:"post_id";s:0:"";}
a:4:{s:3:"row";i:47;s:7:"message";s:28:"Order imported successfully.";s:6:"status";b:1;s:7:"post_id";i:4108;}
a:4:{s:3:"row";i:48;s:7:"message";s:50:"Skipped. Unknown order status (awaiting-shipment).";s:6:"status";b:0;s:7:"post_id";s:0:"";}
a:4:{s:3:"row";i:49;s:7:"message";s:50:"Skipped. Unknown order status (awaiting-shipment).";s:6:"status";b:0;s:7:"post_id";s:0:"";}
a:4:{s:3:"row";i:50;s:7:"message";s:28:"Order imported successfully.";s:6:"status";b:1;s:7:"post_id";i:4111;}
a:4:{s:3:"row";i:51;s:7:"message";s:28:"Order imported successfully.";s:6:"status";b:1;s:7:"post_id";i:4112;}
a:4:{s:3:"row";i:52;s:7:"message";s:50:"Skipped. Unknown order status (awaiting-shipment).";s:6:"status";b:0;s:7:"post_id";s:0:"";}
a:4:{s:3:"row";i:53;s:7:"message";s:28:"Order imported successfully.";s:6:"status";b:1;s:7:"post_id";i:4117;}
a:4:{s:3:"row";i:54;s:7:"message";s:28:"Order imported successfully.";s:6:"status";b:1;s:7:"post_id";i:4118;}
a:4:{s:3:"row";i:55;s:7:"message";s:28:"Order imported successfully.";s:6:"status";b:1;s:7:"post_id";i:4119;}
a:4:{s:3:"row";i:56;s:7:"message";s:28:"Order imported successfully.";s:6:"status";b:1;s:7:"post_id";i:4120;}
a:4:{s:3:"row";i:57;s:7:"message";s:28:"Order imported successfully.";s:6:"status";b:1;s:7:"post_id";i:4129;}
a:4:{s:3:"row";i:58;s:7:"message";s:28:"Order imported successfully.";s:6:"status";b:1;s:7:"post_id";i:4130;}
a:4:{s:3:"row";i:59;s:7:"message";s:28:"Order imported successfully.";s:6:"status";b:1;s:7:"post_id";i:4131;}
a:4:{s:3:"row";i:60;s:7:"message";s:28:"Order imported successfully.";s:6:"status";b:1;s:7:"post_id";i:4132;}
a:4:{s:3:"row";i:61;s:7:"message";s:28:"Order imported successfully.";s:6:"status";b:1;s:7:"post_id";i:4133;}
a:4:{s:3:"row";i:62;s:7:"message";s:28:"Order imported successfully.";s:6:"status";b:1;s:7:"post_id";i:4134;}
a:4:{s:3:"row";i:63;s:7:"message";s:28:"Order imported successfully.";s:6:"status";b:1;s:7:"post_id";i:4135;}
a:4:{s:3:"row";i:64;s:7:"message";s:28:"Order imported successfully.";s:6:"status";b:1;s:7:"post_id";i:4137;}
a:4:{s:3:"row";i:65;s:7:"message";s:28:"Order imported successfully.";s:6:"status";b:1;s:7:"post_id";i:4138;}
a:4:{s:3:"row";i:66;s:7:"message";s:28:"Order imported successfully.";s:6:"status";b:1;s:7:"post_id";i:4139;}
a:4:{s:3:"row";i:67;s:7:"message";s:28:"Order imported successfully.";s:6:"status";b:1;s:7:"post_id";i:4140;}
a:4:{s:3:"row";i:68;s:7:"message";s:28:"Order imported successfully.";s:6:"status";b:1;s:7:"post_id";i:4141;}
a:4:{s:3:"row";i:69;s:7:"message";s:28:"Order imported successfully.";s:6:"status";b:1;s:7:"post_id";i:4142;}
a:4:{s:3:"row";i:70;s:7:"message";s:28:"Order imported successfully.";s:6:"status";b:1;s:7:"post_id";i:4145;}
a:4:{s:3:"row";i:71;s:7:"message";s:28:"Order imported successfully.";s:6:"status";b:1;s:7:"post_id";i:4147;}
a:4:{s:3:"row";i:72;s:7:"message";s:28:"Order imported successfully.";s:6:"status";b:1;s:7:"post_id";i:4149;}
a:4:{s:3:"row";i:73;s:7:"message";s:28:"Order imported successfully.";s:6:"status";b:1;s:7:"post_id";i:4161;}
a:4:{s:3:"row";i:74;s:7:"message";s:28:"Order imported successfully.";s:6:"status";b:1;s:7:"post_id";i:4165;}
a:4:{s:3:"row";i:75;s:7:"message";s:28:"Order imported successfully.";s:6:"status";b:1;s:7:"post_id";i:4195;}
a:4:{s:3:"row";i:76;s:7:"message";s:49:"Skipped. Unknown order status (updated-tracking).";s:6:"status";b:0;s:7:"post_id";s:0:"";}
a:4:{s:3:"row";i:77;s:7:"message";s:49:"Skipped. Unknown order status (updated-tracking).";s:6:"status";b:0;s:7:"post_id";s:0:"";}
a:4:{s:3:"row";i:78;s:7:"message";s:49:"Skipped. Unknown order status (updated-tracking).";s:6:"status";b:0;s:7:"post_id";s:0:"";}
a:4:{s:3:"row";i:79;s:7:"message";s:49:"Skipped. Unknown order status (updated-tracking).";s:6:"status";b:0;s:7:"post_id";s:0:"";}
a:4:{s:3:"row";i:80;s:7:"message";s:49:"Skipped. Unknown order status (updated-tracking).";s:6:"status";b:0;s:7:"post_id";s:0:"";}
a:4:{s:3:"row";i:81;s:7:"message";s:49:"Skipped. Unknown order status (updated-tracking).";s:6:"status";b:0;s:7:"post_id";s:0:"";}
a:4:{s:3:"row";i:82;s:7:"message";s:49:"Skipped. Unknown order status (updated-tracking).";s:6:"status";b:0;s:7:"post_id";s:0:"";}
a:4:{s:3:"row";i:83;s:7:"message";s:49:"Skipped. Unknown order status (updated-tracking).";s:6:"status";b:0;s:7:"post_id";s:0:"";}
a:4:{s:3:"row";i:84;s:7:"message";s:49:"Skipped. Unknown order status (updated-tracking).";s:6:"status";b:0;s:7:"post_id";s:0:"";}
a:4:{s:3:"row";i:85;s:7:"message";s:49:"Skipped. Unknown order status (updated-tracking).";s:6:"status";b:0;s:7:"post_id";s:0:"";}
a:4:{s:3:"row";i:86;s:7:"message";s:49:"Skipped. Unknown order status (updated-tracking).";s:6:"status";b:0;s:7:"post_id";s:0:"";}
a:4:{s:3:"row";i:87;s:7:"message";s:49:"Skipped. Unknown order status (updated-tracking).";s:6:"status";b:0;s:7:"post_id";s:0:"";}
a:4:{s:3:"row";i:88;s:7:"message";s:28:"Order imported successfully.";s:6:"status";b:1;s:7:"post_id";i:4226;}
a:4:{s:3:"row";i:89;s:7:"message";s:49:"Skipped. Unknown order status (updated-tracking).";s:6:"status";b:0;s:7:"post_id";s:0:"";}
a:4:{s:3:"row";i:90;s:7:"message";s:49:"Skipped. Unknown order status (updated-tracking).";s:6:"status";b:0;s:7:"post_id";s:0:"";}
a:4:{s:3:"row";i:91;s:7:"message";s:49:"Skipped. Unknown order status (updated-tracking).";s:6:"status";b:0;s:7:"post_id";s:0:"";}
a:4:{s:3:"row";i:92;s:7:"message";s:28:"Order imported successfully.";s:6:"status";b:1;s:7:"post_id";i:4230;}
a:4:{s:3:"row";i:93;s:7:"message";s:49:"Skipped. Unknown order status (updated-tracking).";s:6:"status";b:0;s:7:"post_id";s:0:"";}
a:4:{s:3:"row";i:94;s:7:"message";s:49:"Skipped. Unknown order status (updated-tracking).";s:6:"status";b:0;s:7:"post_id";s:0:"";}
a:4:{s:3:"row";i:95;s:7:"message";s:49:"Skipped. Unknown order status (updated-tracking).";s:6:"status";b:0;s:7:"post_id";s:0:"";}
a:4:{s:3:"row";i:96;s:7:"message";s:49:"Skipped. Unknown order status (updated-tracking).";s:6:"status";b:0;s:7:"post_id";s:0:"";}
a:4:{s:3:"row";i:97;s:7:"message";s:49:"Skipped. Unknown order status (updated-tracking).";s:6:"status";b:0;s:7:"post_id";s:0:"";}
a:4:{s:3:"row";i:98;s:7:"message";s:49:"Skipped. Unknown order status (updated-tracking).";s:6:"status";b:0;s:7:"post_id";s:0:"";}
a:4:{s:3:"row";i:99;s:7:"message";s:49:"Skipped. Unknown order status (updated-tracking).";s:6:"status";b:0;s:7:"post_id";s:0:"";}
a:4:{s:3:"row";i:100;s:7:"message";s:49:"Skipped. Unknown order status (updated-tracking).";s:6:"status";b:0;s:7:"post_id";s:0:"";}
a:4:{s:3:"row";i:101;s:7:"message";s:49:"Skipped. Unknown order status (updated-tracking).";s:6:"status";b:0;s:7:"post_id";s:0:"";}
a:4:{s:3:"row";i:102;s:7:"message";s:49:"Skipped. Unknown order status (updated-tracking).";s:6:"status";b:0;s:7:"post_id";s:0:"";}
a:4:{s:3:"row";i:103;s:7:"message";s:28:"Order imported successfully.";s:6:"status";b:1;s:7:"post_id";i:4562;}
a:4:{s:3:"row";i:104;s:7:"message";s:49:"Skipped. Unknown order status (updated-tracking).";s:6:"status";b:0;s:7:"post_id";s:0:"";}
a:4:{s:3:"row";i:105;s:7:"message";s:49:"Skipped. Unknown order status (updated-tracking).";s:6:"status";b:0;s:7:"post_id";s:0:"";}
a:4:{s:3:"row";i:106;s:7:"message";s:49:"Skipped. Unknown order status (updated-tracking).";s:6:"status";b:0;s:7:"post_id";s:0:"";}
a:4:{s:3:"row";i:107;s:7:"message";s:49:"Skipped. Unknown order status (updated-tracking).";s:6:"status";b:0;s:7:"post_id";s:0:"";}
a:4:{s:3:"row";i:108;s:7:"message";s:49:"Skipped. Unknown order status (updated-tracking).";s:6:"status";b:0;s:7:"post_id";s:0:"";}
a:4:{s:3:"row";i:109;s:7:"message";s:49:"Skipped. Unknown order status (updated-tracking).";s:6:"status";b:0;s:7:"post_id";s:0:"";}
a:4:{s:3:"row";i:110;s:7:"message";s:28:"Order imported successfully.";s:6:"status";b:1;s:7:"post_id";i:4591;}
a:4:{s:3:"row";i:111;s:7:"message";s:49:"Skipped. Unknown order status (updated-tracking).";s:6:"status";b:0;s:7:"post_id";s:0:"";}
a:4:{s:3:"row";i:112;s:7:"message";s:49:"Skipped. Unknown order status (updated-tracking).";s:6:"status";b:0;s:7:"post_id";s:0:"";}
a:4:{s:3:"row";i:113;s:7:"message";s:49:"Skipped. Unknown order status (updated-tracking).";s:6:"status";b:0;s:7:"post_id";s:0:"";}
a:4:{s:3:"row";i:114;s:7:"message";s:49:"Skipped. Unknown order status (updated-tracking).";s:6:"status";b:0;s:7:"post_id";s:0:"";}
a:4:{s:3:"row";i:115;s:7:"message";s:49:"Skipped. Unknown order status (updated-tracking).";s:6:"status";b:0;s:7:"post_id";s:0:"";}
a:4:{s:3:"row";i:116;s:7:"message";s:49:"Skipped. Unknown order status (updated-tracking).";s:6:"status";b:0;s:7:"post_id";s:0:"";}
a:4:{s:3:"row";i:117;s:7:"message";s:49:"Skipped. Unknown order status (updated-tracking).";s:6:"status";b:0;s:7:"post_id";s:0:"";}
a:4:{s:3:"row";i:118;s:7:"message";s:49:"Skipped. Unknown order status (updated-tracking).";s:6:"status";b:0;s:7:"post_id";s:0:"";}
a:4:{s:3:"row";i:119;s:7:"message";s:49:"Skipped. Unknown order status (updated-tracking).";s:6:"status";b:0;s:7:"post_id";s:0:"";}
a:4:{s:3:"row";i:120;s:7:"message";s:49:"Skipped. Unknown order status (updated-tracking).";s:6:"status";b:0;s:7:"post_id";s:0:"";}
a:4:{s:3:"row";i:121;s:7:"message";s:49:"Skipped. Unknown order status (updated-tracking).";s:6:"status";b:0;s:7:"post_id";s:0:"";}
a:4:{s:3:"row";i:122;s:7:"message";s:49:"Skipped. Unknown order status (updated-tracking).";s:6:"status";b:0;s:7:"post_id";s:0:"";}
a:4:{s:3:"row";i:123;s:7:"message";s:49:"Skipped. Unknown order status (updated-tracking).";s:6:"status";b:0;s:7:"post_id";s:0:"";}
a:4:{s:3:"row";i:124;s:7:"message";s:28:"Order imported successfully.";s:6:"status";b:1;s:7:"post_id";i:4885;}
a:4:{s:3:"row";i:125;s:7:"message";s:49:"Skipped. Unknown order status (updated-tracking).";s:6:"status";b:0;s:7:"post_id";s:0:"";}
a:4:{s:3:"row";i:126;s:7:"message";s:49:"Skipped. Unknown order status (updated-tracking).";s:6:"status";b:0;s:7:"post_id";s:0:"";}
a:4:{s:3:"row";i:127;s:7:"message";s:49:"Skipped. Unknown order status (updated-tracking).";s:6:"status";b:0;s:7:"post_id";s:0:"";}
a:4:{s:3:"row";i:128;s:7:"message";s:49:"Skipped. Unknown order status (updated-tracking).";s:6:"status";b:0;s:7:"post_id";s:0:"";}
a:4:{s:3:"row";i:129;s:7:"message";s:49:"Skipped. Unknown order status (updated-tracking).";s:6:"status";b:0;s:7:"post_id";s:0:"";}
a:4:{s:3:"row";i:130;s:7:"message";s:49:"Skipped. Unknown order status (updated-tracking).";s:6:"status";b:0;s:7:"post_id";s:0:"";}
a:4:{s:3:"row";i:131;s:7:"message";s:49:"Skipped. Unknown order status (updated-tracking).";s:6:"status";b:0;s:7:"post_id";s:0:"";}
a:4:{s:3:"row";i:132;s:7:"message";s:28:"Order imported successfully.";s:6:"status";b:1;s:7:"post_id";i:4930;}
a:4:{s:3:"row";i:133;s:7:"message";s:49:"Skipped. Unknown order status (updated-tracking).";s:6:"status";b:0;s:7:"post_id";s:0:"";}
a:4:{s:3:"row";i:134;s:7:"message";s:49:"Skipped. Unknown order status (updated-tracking).";s:6:"status";b:0;s:7:"post_id";s:0:"";}
a:4:{s:3:"row";i:135;s:7:"message";s:49:"Skipped. Unknown order status (updated-tracking).";s:6:"status";b:0;s:7:"post_id";s:0:"";}
a:4:{s:3:"row";i:136;s:7:"message";s:28:"Order imported successfully.";s:6:"status";b:1;s:7:"post_id";i:4934;}
a:4:{s:3:"row";i:137;s:7:"message";s:49:"Skipped. Unknown order status (updated-tracking).";s:6:"status";b:0;s:7:"post_id";s:0:"";}
a:4:{s:3:"row";i:138;s:7:"message";s:28:"Order imported successfully.";s:6:"status";b:1;s:7:"post_id";i:4936;}
a:4:{s:3:"row";i:139;s:7:"message";s:49:"Skipped. Unknown order status (updated-tracking).";s:6:"status";b:0;s:7:"post_id";s:0:"";}
a:4:{s:3:"row";i:140;s:7:"message";s:49:"Skipped. Unknown order status (updated-tracking).";s:6:"status";b:0;s:7:"post_id";s:0:"";}
a:4:{s:3:"row";i:141;s:7:"message";s:49:"Skipped. Unknown order status (updated-tracking).";s:6:"status";b:0;s:7:"post_id";s:0:"";}
a:4:{s:3:"row";i:142;s:7:"message";s:49:"Skipped. Unknown order status (updated-tracking).";s:6:"status";b:0;s:7:"post_id";s:0:"";}
a:4:{s:3:"row";i:143;s:7:"message";s:49:"Skipped. Unknown order status (updated-tracking).";s:6:"status";b:0;s:7:"post_id";s:0:"";}
a:4:{s:3:"row";i:144;s:7:"message";s:49:"Skipped. Unknown order status (updated-tracking).";s:6:"status";b:0;s:7:"post_id";s:0:"";}
a:4:{s:3:"row";i:145;s:7:"message";s:49:"Skipped. Unknown order status (updated-tracking).";s:6:"status";b:0;s:7:"post_id";s:0:"";}
a:4:{s:3:"row";i:146;s:7:"message";s:49:"Skipped. Unknown order status (updated-tracking).";s:6:"status";b:0;s:7:"post_id";s:0:"";}
a:4:{s:3:"row";i:147;s:7:"message";s:28:"Order imported successfully.";s:6:"status";b:1;s:7:"post_id";i:5028;}
a:4:{s:3:"row";i:148;s:7:"message";s:28:"Order imported successfully.";s:6:"status";b:1;s:7:"post_id";i:5030;}
a:4:{s:3:"row";i:149;s:7:"message";s:49:"Skipped. Unknown order status (updated-tracking).";s:6:"status";b:0;s:7:"post_id";s:0:"";}
a:4:{s:3:"row";i:150;s:7:"message";s:49:"Skipped. Unknown order status (updated-tracking).";s:6:"status";b:0;s:7:"post_id";s:0:"";}
a:4:{s:3:"row";i:151;s:7:"message";s:49:"Skipped. Unknown order status (updated-tracking).";s:6:"status";b:0;s:7:"post_id";s:0:"";}
a:4:{s:3:"row";i:152;s:7:"message";s:49:"Skipped. Unknown order status (updated-tracking).";s:6:"status";b:0;s:7:"post_id";s:0:"";}
a:4:{s:3:"row";i:153;s:7:"message";s:49:"Skipped. Unknown order status (updated-tracking).";s:6:"status";b:0;s:7:"post_id";s:0:"";}
a:4:{s:3:"row";i:154;s:7:"message";s:49:"Skipped. Unknown order status (updated-tracking).";s:6:"status";b:0;s:7:"post_id";s:0:"";}
a:4:{s:3:"row";i:155;s:7:"message";s:49:"Skipped. Unknown order status (updated-tracking).";s:6:"status";b:0;s:7:"post_id";s:0:"";}
a:4:{s:3:"row";i:156;s:7:"message";s:49:"Skipped. Unknown order status (updated-tracking).";s:6:"status";b:0;s:7:"post_id";s:0:"";}
a:4:{s:3:"row";i:157;s:7:"message";s:28:"Order imported successfully.";s:6:"status";b:1;s:7:"post_id";i:5042;}
a:4:{s:3:"row";i:158;s:7:"message";s:49:"Skipped. Unknown order status (updated-tracking).";s:6:"status";b:0;s:7:"post_id";s:0:"";}
a:4:{s:3:"row";i:159;s:7:"message";s:49:"Skipped. Unknown order status (updated-tracking).";s:6:"status";b:0;s:7:"post_id";s:0:"";}
a:4:{s:3:"row";i:160;s:7:"message";s:49:"Skipped. Unknown order status (updated-tracking).";s:6:"status";b:0;s:7:"post_id";s:0:"";}
a:4:{s:3:"row";i:161;s:7:"message";s:49:"Skipped. Unknown order status (updated-tracking).";s:6:"status";b:0;s:7:"post_id";s:0:"";}
a:4:{s:3:"row";i:162;s:7:"message";s:49:"Skipped. Unknown order status (updated-tracking).";s:6:"status";b:0;s:7:"post_id";s:0:"";}
a:4:{s:3:"row";i:163;s:7:"message";s:49:"Skipped. Unknown order status (updated-tracking).";s:6:"status";b:0;s:7:"post_id";s:0:"";}
a:4:{s:3:"row";i:164;s:7:"message";s:28:"Order imported successfully.";s:6:"status";b:1;s:7:"post_id";i:5050;}
a:4:{s:3:"row";i:165;s:7:"message";s:49:"Skipped. Unknown order status (updated-tracking).";s:6:"status";b:0;s:7:"post_id";s:0:"";}
a:4:{s:3:"row";i:166;s:7:"message";s:28:"Order imported successfully.";s:6:"status";b:1;s:7:"post_id";i:5052;}
a:4:{s:3:"row";i:167;s:7:"message";s:28:"Order imported successfully.";s:6:"status";b:1;s:7:"post_id";i:5057;}
a:4:{s:3:"row";i:168;s:7:"message";s:49:"Skipped. Unknown order status (updated-tracking).";s:6:"status";b:0;s:7:"post_id";s:0:"";}
a:4:{s:3:"row";i:169;s:7:"message";s:49:"Skipped. Unknown order status (updated-tracking).";s:6:"status";b:0;s:7:"post_id";s:0:"";}
a:4:{s:3:"row";i:170;s:7:"message";s:49:"Skipped. Unknown order status (updated-tracking).";s:6:"status";b:0;s:7:"post_id";s:0:"";}
a:4:{s:3:"row";i:171;s:7:"message";s:49:"Skipped. Unknown order status (updated-tracking).";s:6:"status";b:0;s:7:"post_id";s:0:"";}
a:4:{s:3:"row";i:172;s:7:"message";s:49:"Skipped. Unknown order status (updated-tracking).";s:6:"status";b:0;s:7:"post_id";s:0:"";}
a:4:{s:3:"row";i:173;s:7:"message";s:49:"Skipped. Unknown order status (updated-tracking).";s:6:"status";b:0;s:7:"post_id";s:0:"";}
a:4:{s:3:"row";i:174;s:7:"message";s:49:"Skipped. Unknown order status (updated-tracking).";s:6:"status";b:0;s:7:"post_id";s:0:"";}
a:4:{s:3:"row";i:175;s:7:"message";s:49:"Skipped. Unknown order status (updated-tracking).";s:6:"status";b:0;s:7:"post_id";s:0:"";}
a:4:{s:3:"row";i:176;s:7:"message";s:49:"Skipped. Unknown order status (updated-tracking).";s:6:"status";b:0;s:7:"post_id";s:0:"";}
a:4:{s:3:"row";i:177;s:7:"message";s:49:"Skipped. Unknown order status (updated-tracking).";s:6:"status";b:0;s:7:"post_id";s:0:"";}
a:4:{s:3:"row";i:178;s:7:"message";s:49:"Skipped. Unknown order status (updated-tracking).";s:6:"status";b:0;s:7:"post_id";s:0:"";}
a:4:{s:3:"row";i:179;s:7:"message";s:49:"Skipped. Unknown order status (updated-tracking).";s:6:"status";b:0;s:7:"post_id";s:0:"";}
a:4:{s:3:"row";i:180;s:7:"message";s:49:"Skipped. Unknown order status (updated-tracking).";s:6:"status";b:0;s:7:"post_id";s:0:"";}
a:4:{s:3:"row";i:181;s:7:"message";s:28:"Order imported successfully.";s:6:"status";b:1;s:7:"post_id";i:5083;}
a:4:{s:3:"row";i:182;s:7:"message";s:49:"Skipped. Unknown order status (updated-tracking).";s:6:"status";b:0;s:7:"post_id";s:0:"";}
a:4:{s:3:"row";i:183;s:7:"message";s:49:"Skipped. Unknown order status (updated-tracking).";s:6:"status";b:0;s:7:"post_id";s:0:"";}
a:4:{s:3:"row";i:184;s:7:"message";s:49:"Skipped. Unknown order status (updated-tracking).";s:6:"status";b:0;s:7:"post_id";s:0:"";}
a:4:{s:3:"row";i:185;s:7:"message";s:49:"Skipped. Unknown order status (updated-tracking).";s:6:"status";b:0;s:7:"post_id";s:0:"";}
a:4:{s:3:"row";i:186;s:7:"message";s:49:"Skipped. Unknown order status (updated-tracking).";s:6:"status";b:0;s:7:"post_id";s:0:"";}
a:4:{s:3:"row";i:187;s:7:"message";s:49:"Skipped. Unknown order status (updated-tracking).";s:6:"status";b:0;s:7:"post_id";s:0:"";}
a:4:{s:3:"row";i:188;s:7:"message";s:49:"Skipped. Unknown order status (updated-tracking).";s:6:"status";b:0;s:7:"post_id";s:0:"";}
a:4:{s:3:"row";i:189;s:7:"message";s:49:"Skipped. Unknown order status (updated-tracking).";s:6:"status";b:0;s:7:"post_id";s:0:"";}
a:4:{s:3:"row";i:190;s:7:"message";s:49:"Skipped. Unknown order status (updated-tracking).";s:6:"status";b:0;s:7:"post_id";s:0:"";}
a:4:{s:3:"row";i:191;s:7:"message";s:49:"Skipped. Unknown order status (updated-tracking).";s:6:"status";b:0;s:7:"post_id";s:0:"";}
a:4:{s:3:"row";i:192;s:7:"message";s:49:"Skipped. Unknown order status (updated-tracking).";s:6:"status";b:0;s:7:"post_id";s:0:"";}
a:4:{s:3:"row";i:193;s:7:"message";s:49:"Skipped. Unknown order status (updated-tracking).";s:6:"status";b:0;s:7:"post_id";s:0:"";}
a:4:{s:3:"row";i:194;s:7:"message";s:49:"Skipped. Unknown order status (updated-tracking).";s:6:"status";b:0;s:7:"post_id";s:0:"";}
a:4:{s:3:"row";i:195;s:7:"message";s:49:"Skipped. Unknown order status (updated-tracking).";s:6:"status";b:0;s:7:"post_id";s:0:"";}
a:4:{s:3:"row";i:196;s:7:"message";s:49:"Skipped. Unknown order status (updated-tracking).";s:6:"status";b:0;s:7:"post_id";s:0:"";}
a:4:{s:3:"row";i:197;s:7:"message";s:49:"Skipped. Unknown order status (updated-tracking).";s:6:"status";b:0;s:7:"post_id";s:0:"";}
a:4:{s:3:"row";i:198;s:7:"message";s:49:"Skipped. Unknown order status (updated-tracking).";s:6:"status";b:0;s:7:"post_id";s:0:"";}
a:4:{s:3:"row";i:199;s:7:"message";s:49:"Skipped. Unknown order status (updated-tracking).";s:6:"status";b:0;s:7:"post_id";s:0:"";}
a:4:{s:3:"row";i:200;s:7:"message";s:49:"Skipped. Unknown order status (updated-tracking).";s:6:"status";b:0;s:7:"post_id";s:0:"";}
a:4:{s:3:"row";i:201;s:7:"message";s:49:"Skipped. Unknown order status (updated-tracking).";s:6:"status";b:0;s:7:"post_id";s:0:"";}
a:4:{s:3:"row";i:202;s:7:"message";s:49:"Skipped. Unknown order status (updated-tracking).";s:6:"status";b:0;s:7:"post_id";s:0:"";}
a:4:{s:3:"row";i:203;s:7:"message";s:49:"Skipped. Unknown order status (updated-tracking).";s:6:"status";b:0;s:7:"post_id";s:0:"";}
a:4:{s:3:"row";i:204;s:7:"message";s:49:"Skipped. Unknown order status (updated-tracking).";s:6:"status";b:0;s:7:"post_id";s:0:"";}
a:4:{s:3:"row";i:205;s:7:"message";s:49:"Skipped. Unknown order status (updated-tracking).";s:6:"status";b:0;s:7:"post_id";s:0:"";}
a:4:{s:3:"row";i:206;s:7:"message";s:49:"Skipped. Unknown order status (updated-tracking).";s:6:"status";b:0;s:7:"post_id";s:0:"";}
a:4:{s:3:"row";i:207;s:7:"message";s:49:"Skipped. Unknown order status (updated-tracking).";s:6:"status";b:0;s:7:"post_id";s:0:"";}
a:4:{s:3:"row";i:208;s:7:"message";s:49:"Skipped. Unknown order status (updated-tracking).";s:6:"status";b:0;s:7:"post_id";s:0:"";}
a:4:{s:3:"row";i:209;s:7:"message";s:49:"Skipped. Unknown order status (updated-tracking).";s:6:"status";b:0;s:7:"post_id";s:0:"";}
a:4:{s:3:"row";i:210;s:7:"message";s:49:"Skipped. Unknown order status (updated-tracking).";s:6:"status";b:0;s:7:"post_id";s:0:"";}
a:4:{s:3:"row";i:211;s:7:"message";s:49:"Skipped. Unknown order status (updated-tracking).";s:6:"status";b:0;s:7:"post_id";s:0:"";}
a:4:{s:3:"row";i:212;s:7:"message";s:49:"Skipped. Unknown order status (updated-tracking).";s:6:"status";b:0;s:7:"post_id";s:0:"";}
a:4:{s:3:"row";i:213;s:7:"message";s:49:"Skipped. Unknown order status (updated-tracking).";s:6:"status";b:0;s:7:"post_id";s:0:"";}
a:4:{s:3:"row";i:214;s:7:"message";s:49:"Skipped. Unknown order status (updated-tracking).";s:6:"status";b:0;s:7:"post_id";s:0:"";}
a:4:{s:3:"row";i:215;s:7:"message";s:28:"Order imported successfully.";s:6:"status";b:1;s:7:"post_id";i:5176;}
a:4:{s:3:"row";i:216;s:7:"message";s:49:"Skipped. Unknown order status (updated-tracking).";s:6:"status";b:0;s:7:"post_id";s:0:"";}
a:4:{s:3:"row";i:217;s:7:"message";s:49:"Skipped. Unknown order status (updated-tracking).";s:6:"status";b:0;s:7:"post_id";s:0:"";}
a:4:{s:3:"row";i:218;s:7:"message";s:49:"Skipped. Unknown order status (updated-tracking).";s:6:"status";b:0;s:7:"post_id";s:0:"";}
a:4:{s:3:"row";i:219;s:7:"message";s:49:"Skipped. Unknown order status (updated-tracking).";s:6:"status";b:0;s:7:"post_id";s:0:"";}
a:4:{s:3:"row";i:220;s:7:"message";s:49:"Skipped. Unknown order status (updated-tracking).";s:6:"status";b:0;s:7:"post_id";s:0:"";}
a:4:{s:3:"row";i:221;s:7:"message";s:49:"Skipped. Unknown order status (updated-tracking).";s:6:"status";b:0;s:7:"post_id";s:0:"";}
a:4:{s:3:"row";i:222;s:7:"message";s:49:"Skipped. Unknown order status (updated-tracking).";s:6:"status";b:0;s:7:"post_id";s:0:"";}
a:4:{s:3:"row";i:223;s:7:"message";s:28:"Order imported successfully.";s:6:"status";b:1;s:7:"post_id";i:5192;}
a:4:{s:3:"row";i:224;s:7:"message";s:49:"Skipped. Unknown order status (updated-tracking).";s:6:"status";b:0;s:7:"post_id";s:0:"";}
a:4:{s:3:"row";i:225;s:7:"message";s:49:"Skipped. Unknown order status (updated-tracking).";s:6:"status";b:0;s:7:"post_id";s:0:"";}
a:4:{s:3:"row";i:226;s:7:"message";s:49:"Skipped. Unknown order status (updated-tracking).";s:6:"status";b:0;s:7:"post_id";s:0:"";}
a:4:{s:3:"row";i:227;s:7:"message";s:49:"Skipped. Unknown order status (updated-tracking).";s:6:"status";b:0;s:7:"post_id";s:0:"";}
a:4:{s:3:"row";i:228;s:7:"message";s:28:"Order imported successfully.";s:6:"status";b:1;s:7:"post_id";i:5201;}
a:4:{s:3:"row";i:229;s:7:"message";s:49:"Skipped. Unknown order status (updated-tracking).";s:6:"status";b:0;s:7:"post_id";s:0:"";}
a:4:{s:3:"row";i:230;s:7:"message";s:49:"Skipped. Unknown order status (updated-tracking).";s:6:"status";b:0;s:7:"post_id";s:0:"";}
a:4:{s:3:"row";i:231;s:7:"message";s:49:"Skipped. Unknown order status (updated-tracking).";s:6:"status";b:0;s:7:"post_id";s:0:"";}
a:4:{s:3:"row";i:232;s:7:"message";s:49:"Skipped. Unknown order status (updated-tracking).";s:6:"status";b:0;s:7:"post_id";s:0:"";}
a:4:{s:3:"row";i:233;s:7:"message";s:49:"Skipped. Unknown order status (updated-tracking).";s:6:"status";b:0;s:7:"post_id";s:0:"";}
a:4:{s:3:"row";i:234;s:7:"message";s:49:"Skipped. Unknown order status (updated-tracking).";s:6:"status";b:0;s:7:"post_id";s:0:"";}
a:4:{s:3:"row";i:235;s:7:"message";s:49:"Skipped. Unknown order status (updated-tracking).";s:6:"status";b:0;s:7:"post_id";s:0:"";}
a:4:{s:3:"row";i:236;s:7:"message";s:49:"Skipped. Unknown order status (updated-tracking).";s:6:"status";b:0;s:7:"post_id";s:0:"";}
a:4:{s:3:"row";i:237;s:7:"message";s:49:"Skipped. Unknown order status (updated-tracking).";s:6:"status";b:0;s:7:"post_id";s:0:"";}
a:4:{s:3:"row";i:238;s:7:"message";s:49:"Skipped. Unknown order status (updated-tracking).";s:6:"status";b:0;s:7:"post_id";s:0:"";}
a:4:{s:3:"row";i:239;s:7:"message";s:49:"Skipped. Unknown order status (updated-tracking).";s:6:"status";b:0;s:7:"post_id";s:0:"";}
a:4:{s:3:"row";i:240;s:7:"message";s:49:"Skipped. Unknown order status (updated-tracking).";s:6:"status";b:0;s:7:"post_id";s:0:"";}
a:4:{s:3:"row";i:241;s:7:"message";s:49:"Skipped. Unknown order status (updated-tracking).";s:6:"status";b:0;s:7:"post_id";s:0:"";}
a:4:{s:3:"row";i:242;s:7:"message";s:49:"Skipped. Unknown order status (updated-tracking).";s:6:"status";b:0;s:7:"post_id";s:0:"";}
a:4:{s:3:"row";i:243;s:7:"message";s:49:"Skipped. Unknown order status (updated-tracking).";s:6:"status";b:0;s:7:"post_id";s:0:"";}
a:4:{s:3:"row";i:244;s:7:"message";s:49:"Skipped. Unknown order status (updated-tracking).";s:6:"status";b:0;s:7:"post_id";s:0:"";}
a:4:{s:3:"row";i:245;s:7:"message";s:49:"Skipped. Unknown order status (updated-tracking).";s:6:"status";b:0;s:7:"post_id";s:0:"";}
a:4:{s:3:"row";i:246;s:7:"message";s:49:"Skipped. Unknown order status (updated-tracking).";s:6:"status";b:0;s:7:"post_id";s:0:"";}
a:4:{s:3:"row";i:247;s:7:"message";s:49:"Skipped. Unknown order status (updated-tracking).";s:6:"status";b:0;s:7:"post_id";s:0:"";}
a:4:{s:3:"row";i:248;s:7:"message";s:49:"Skipped. Unknown order status (updated-tracking).";s:6:"status";b:0;s:7:"post_id";s:0:"";}
a:4:{s:3:"row";i:249;s:7:"message";s:49:"Skipped. Unknown order status (updated-tracking).";s:6:"status";b:0;s:7:"post_id";s:0:"";}
a:4:{s:3:"row";i:250;s:7:"message";s:49:"Skipped. Unknown order status (updated-tracking).";s:6:"status";b:0;s:7:"post_id";s:0:"";}
a:4:{s:3:"row";i:251;s:7:"message";s:49:"Skipped. Unknown order status (updated-tracking).";s:6:"status";b:0;s:7:"post_id";s:0:"";}
a:4:{s:3:"row";i:252;s:7:"message";s:49:"Skipped. Unknown order status (updated-tracking).";s:6:"status";b:0;s:7:"post_id";s:0:"";}
a:4:{s:3:"row";i:253;s:7:"message";s:49:"Skipped. Unknown order status (updated-tracking).";s:6:"status";b:0;s:7:"post_id";s:0:"";}
a:4:{s:3:"row";i:254;s:7:"message";s:49:"Skipped. Unknown order status (updated-tracking).";s:6:"status";b:0;s:7:"post_id";s:0:"";}
a:4:{s:3:"row";i:255;s:7:"message";s:49:"Skipped. Unknown order status (updated-tracking).";s:6:"status";b:0;s:7:"post_id";s:0:"";}
a:4:{s:3:"row";i:256;s:7:"message";s:49:"Skipped. Unknown order status (updated-tracking).";s:6:"status";b:0;s:7:"post_id";s:0:"";}
a:4:{s:3:"row";i:257;s:7:"message";s:49:"Skipped. Unknown order status (updated-tracking).";s:6:"status";b:0;s:7:"post_id";s:0:"";}
a:4:{s:3:"row";i:258;s:7:"message";s:49:"Skipped. Unknown order status (updated-tracking).";s:6:"status";b:0;s:7:"post_id";s:0:"";}
a:4:{s:3:"row";i:259;s:7:"message";s:49:"Skipped. Unknown order status (updated-tracking).";s:6:"status";b:0;s:7:"post_id";s:0:"";}
a:4:{s:3:"row";i:260;s:7:"message";s:49:"Skipped. Unknown order status (updated-tracking).";s:6:"status";b:0;s:7:"post_id";s:0:"";}
a:4:{s:3:"row";i:261;s:7:"message";s:49:"Skipped. Unknown order status (updated-tracking).";s:6:"status";b:0;s:7:"post_id";s:0:"";}
a:4:{s:3:"row";i:262;s:7:"message";s:49:"Skipped. Unknown order status (updated-tracking).";s:6:"status";b:0;s:7:"post_id";s:0:"";}
a:4:{s:3:"row";i:263;s:7:"message";s:49:"Skipped. Unknown order status (updated-tracking).";s:6:"status";b:0;s:7:"post_id";s:0:"";}
a:4:{s:3:"row";i:264;s:7:"message";s:49:"Skipped. Unknown order status (updated-tracking).";s:6:"status";b:0;s:7:"post_id";s:0:"";}
a:4:{s:3:"row";i:265;s:7:"message";s:49:"Skipped. Unknown order status (updated-tracking).";s:6:"status";b:0;s:7:"post_id";s:0:"";}
a:4:{s:3:"row";i:266;s:7:"message";s:49:"Skipped. Unknown order status (updated-tracking).";s:6:"status";b:0;s:7:"post_id";s:0:"";}
a:4:{s:3:"row";i:267;s:7:"message";s:49:"Skipped. Unknown order status (updated-tracking).";s:6:"status";b:0;s:7:"post_id";s:0:"";}
a:4:{s:3:"row";i:268;s:7:"message";s:49:"Skipped. Unknown order status (updated-tracking).";s:6:"status";b:0;s:7:"post_id";s:0:"";}
a:4:{s:3:"row";i:269;s:7:"message";s:28:"Order imported successfully.";s:6:"status";b:1;s:7:"post_id";i:5254;}
a:4:{s:3:"row";i:270;s:7:"message";s:49:"Skipped. Unknown order status (updated-tracking).";s:6:"status";b:0;s:7:"post_id";s:0:"";}
a:4:{s:3:"row";i:271;s:7:"message";s:49:"Skipped. Unknown order status (updated-tracking).";s:6:"status";b:0;s:7:"post_id";s:0:"";}
a:4:{s:3:"row";i:272;s:7:"message";s:49:"Skipped. Unknown order status (updated-tracking).";s:6:"status";b:0;s:7:"post_id";s:0:"";}
a:4:{s:3:"row";i:273;s:7:"message";s:49:"Skipped. Unknown order status (updated-tracking).";s:6:"status";b:0;s:7:"post_id";s:0:"";}
a:4:{s:3:"row";i:274;s:7:"message";s:49:"Skipped. Unknown order status (updated-tracking).";s:6:"status";b:0;s:7:"post_id";s:0:"";}
a:4:{s:3:"row";i:275;s:7:"message";s:49:"Skipped. Unknown order status (updated-tracking).";s:6:"status";b:0;s:7:"post_id";s:0:"";}
a:4:{s:3:"row";i:276;s:7:"message";s:49:"Skipped. Unknown order status (updated-tracking).";s:6:"status";b:0;s:7:"post_id";s:0:"";}
a:4:{s:3:"row";i:277;s:7:"message";s:49:"Skipped. Unknown order status (updated-tracking).";s:6:"status";b:0;s:7:"post_id";s:0:"";}
a:4:{s:3:"row";i:278;s:7:"message";s:28:"Order imported successfully.";s:6:"status";b:1;s:7:"post_id";i:5263;}
a:4:{s:3:"row";i:279;s:7:"message";s:28:"Order imported successfully.";s:6:"status";b:1;s:7:"post_id";i:5264;}
a:4:{s:3:"row";i:280;s:7:"message";s:28:"Order imported successfully.";s:6:"status";b:1;s:7:"post_id";i:5265;}
a:4:{s:3:"row";i:281;s:7:"message";s:49:"Skipped. Unknown order status (updated-tracking).";s:6:"status";b:0;s:7:"post_id";s:0:"";}
a:4:{s:3:"row";i:282;s:7:"message";s:49:"Skipped. Unknown order status (updated-tracking).";s:6:"status";b:0;s:7:"post_id";s:0:"";}
a:4:{s:3:"row";i:283;s:7:"message";s:49:"Skipped. Unknown order status (updated-tracking).";s:6:"status";b:0;s:7:"post_id";s:0:"";}
a:4:{s:3:"row";i:284;s:7:"message";s:49:"Skipped. Unknown order status (updated-tracking).";s:6:"status";b:0;s:7:"post_id";s:0:"";}
a:4:{s:3:"row";i:285;s:7:"message";s:49:"Skipped. Unknown order status (updated-tracking).";s:6:"status";b:0;s:7:"post_id";s:0:"";}
a:4:{s:3:"row";i:286;s:7:"message";s:49:"Skipped. Unknown order status (updated-tracking).";s:6:"status";b:0;s:7:"post_id";s:0:"";}
a:4:{s:3:"row";i:287;s:7:"message";s:49:"Skipped. Unknown order status (updated-tracking).";s:6:"status";b:0;s:7:"post_id";s:0:"";}
a:4:{s:3:"row";i:288;s:7:"message";s:49:"Skipped. Unknown order status (updated-tracking).";s:6:"status";b:0;s:7:"post_id";s:0:"";}
a:4:{s:3:"row";i:289;s:7:"message";s:49:"Skipped. Unknown order status (updated-tracking).";s:6:"status";b:0;s:7:"post_id";s:0:"";}
a:4:{s:3:"row";i:290;s:7:"message";s:49:"Skipped. Unknown order status (updated-tracking).";s:6:"status";b:0;s:7:"post_id";s:0:"";}
a:4:{s:3:"row";i:291;s:7:"message";s:49:"Skipped. Unknown order status (updated-tracking).";s:6:"status";b:0;s:7:"post_id";s:0:"";}
a:4:{s:3:"row";i:292;s:7:"message";s:49:"Skipped. Unknown order status (updated-tracking).";s:6:"status";b:0;s:7:"post_id";s:0:"";}
a:4:{s:3:"row";i:293;s:7:"message";s:49:"Skipped. Unknown order status (updated-tracking).";s:6:"status";b:0;s:7:"post_id";s:0:"";}
a:4:{s:3:"row";i:294;s:7:"message";s:49:"Skipped. Unknown order status (updated-tracking).";s:6:"status";b:0;s:7:"post_id";s:0:"";}
a:4:{s:3:"row";i:295;s:7:"message";s:49:"Skipped. Unknown order status (updated-tracking).";s:6:"status";b:0;s:7:"post_id";s:0:"";}
a:4:{s:3:"row";i:296;s:7:"message";s:49:"Skipped. Unknown order status (updated-tracking).";s:6:"status";b:0;s:7:"post_id";s:0:"";}
a:4:{s:3:"row";i:297;s:7:"message";s:49:"Skipped. Unknown order status (updated-tracking).";s:6:"status";b:0;s:7:"post_id";s:0:"";}
a:4:{s:3:"row";i:298;s:7:"message";s:49:"Skipped. Unknown order status (updated-tracking).";s:6:"status";b:0;s:7:"post_id";s:0:"";}
a:4:{s:3:"row";i:299;s:7:"message";s:49:"Skipped. Unknown order status (updated-tracking).";s:6:"status";b:0;s:7:"post_id";s:0:"";}
a:4:{s:3:"row";i:300;s:7:"message";s:49:"Skipped. Unknown order status (updated-tracking).";s:6:"status";b:0;s:7:"post_id";s:0:"";}
a:4:{s:3:"row";i:301;s:7:"message";s:28:"Order imported successfully.";s:6:"status";b:1;s:7:"post_id";i:5298;}
a:4:{s:3:"row";i:302;s:7:"message";s:49:"Skipped. Unknown order status (updated-tracking).";s:6:"status";b:0;s:7:"post_id";s:0:"";}
a:4:{s:3:"row";i:303;s:7:"message";s:28:"Order imported successfully.";s:6:"status";b:1;s:7:"post_id";i:5300;}
a:4:{s:3:"row";i:304;s:7:"message";s:49:"Skipped. Unknown order status (updated-tracking).";s:6:"status";b:0;s:7:"post_id";s:0:"";}
a:4:{s:3:"row";i:305;s:7:"message";s:49:"Skipped. Unknown order status (updated-tracking).";s:6:"status";b:0;s:7:"post_id";s:0:"";}
a:4:{s:3:"row";i:306;s:7:"message";s:49:"Skipped. Unknown order status (updated-tracking).";s:6:"status";b:0;s:7:"post_id";s:0:"";}
a:4:{s:3:"row";i:307;s:7:"message";s:49:"Skipped. Unknown order status (updated-tracking).";s:6:"status";b:0;s:7:"post_id";s:0:"";}
a:4:{s:3:"row";i:308;s:7:"message";s:28:"Order imported successfully.";s:6:"status";b:1;s:7:"post_id";i:5305;}
a:4:{s:3:"row";i:309;s:7:"message";s:49:"Skipped. Unknown order status (updated-tracking).";s:6:"status";b:0;s:7:"post_id";s:0:"";}
a:4:{s:3:"row";i:310;s:7:"message";s:49:"Skipped. Unknown order status (updated-tracking).";s:6:"status";b:0;s:7:"post_id";s:0:"";}
a:4:{s:3:"row";i:311;s:7:"message";s:49:"Skipped. Unknown order status (updated-tracking).";s:6:"status";b:0;s:7:"post_id";s:0:"";}
a:4:{s:3:"row";i:312;s:7:"message";s:49:"Skipped. Unknown order status (updated-tracking).";s:6:"status";b:0;s:7:"post_id";s:0:"";}
a:4:{s:3:"row";i:313;s:7:"message";s:49:"Skipped. Unknown order status (updated-tracking).";s:6:"status";b:0;s:7:"post_id";s:0:"";}
a:4:{s:3:"row";i:314;s:7:"message";s:49:"Skipped. Unknown order status (updated-tracking).";s:6:"status";b:0;s:7:"post_id";s:0:"";}
a:4:{s:3:"row";i:315;s:7:"message";s:49:"Skipped. Unknown order status (updated-tracking).";s:6:"status";b:0;s:7:"post_id";s:0:"";}
a:4:{s:3:"row";i:316;s:7:"message";s:49:"Skipped. Unknown order status (updated-tracking).";s:6:"status";b:0;s:7:"post_id";s:0:"";}
a:4:{s:3:"row";i:317;s:7:"message";s:49:"Skipped. Unknown order status (updated-tracking).";s:6:"status";b:0;s:7:"post_id";s:0:"";}
a:4:{s:3:"row";i:318;s:7:"message";s:49:"Skipped. Unknown order status (updated-tracking).";s:6:"status";b:0;s:7:"post_id";s:0:"";}
a:4:{s:3:"row";i:319;s:7:"message";s:49:"Skipped. Unknown order status (updated-tracking).";s:6:"status";b:0;s:7:"post_id";s:0:"";}
a:4:{s:3:"row";i:320;s:7:"message";s:49:"Skipped. Unknown order status (updated-tracking).";s:6:"status";b:0;s:7:"post_id";s:0:"";}
a:4:{s:3:"row";i:321;s:7:"message";s:49:"Skipped. Unknown order status (updated-tracking).";s:6:"status";b:0;s:7:"post_id";s:0:"";}
a:4:{s:3:"row";i:322;s:7:"message";s:49:"Skipped. Unknown order status (updated-tracking).";s:6:"status";b:0;s:7:"post_id";s:0:"";}
a:4:{s:3:"row";i:323;s:7:"message";s:49:"Skipped. Unknown order status (updated-tracking).";s:6:"status";b:0;s:7:"post_id";s:0:"";}
a:4:{s:3:"row";i:324;s:7:"message";s:49:"Skipped. Unknown order status (updated-tracking).";s:6:"status";b:0;s:7:"post_id";s:0:"";}
a:4:{s:3:"row";i:325;s:7:"message";s:49:"Skipped. Unknown order status (updated-tracking).";s:6:"status";b:0;s:7:"post_id";s:0:"";}
a:4:{s:3:"row";i:326;s:7:"message";s:49:"Skipped. Unknown order status (updated-tracking).";s:6:"status";b:0;s:7:"post_id";s:0:"";}
a:4:{s:3:"row";i:327;s:7:"message";s:49:"Skipped. Unknown order status (updated-tracking).";s:6:"status";b:0;s:7:"post_id";s:0:"";}
a:4:{s:3:"row";i:328;s:7:"message";s:49:"Skipped. Unknown order status (updated-tracking).";s:6:"status";b:0;s:7:"post_id";s:0:"";}
a:4:{s:3:"row";i:329;s:7:"message";s:49:"Skipped. Unknown order status (updated-tracking).";s:6:"status";b:0;s:7:"post_id";s:0:"";}
a:4:{s:3:"row";i:330;s:7:"message";s:49:"Skipped. Unknown order status (updated-tracking).";s:6:"status";b:0;s:7:"post_id";s:0:"";}
a:4:{s:3:"row";i:331;s:7:"message";s:49:"Skipped. Unknown order status (updated-tracking).";s:6:"status";b:0;s:7:"post_id";s:0:"";}
a:4:{s:3:"row";i:332;s:7:"message";s:49:"Skipped. Unknown order status (updated-tracking).";s:6:"status";b:0;s:7:"post_id";s:0:"";}
a:4:{s:3:"row";i:333;s:7:"message";s:49:"Skipped. Unknown order status (updated-tracking).";s:6:"status";b:0;s:7:"post_id";s:0:"";}
a:4:{s:3:"row";i:334;s:7:"message";s:49:"Skipped. Unknown order status (updated-tracking).";s:6:"status";b:0;s:7:"post_id";s:0:"";}
a:4:{s:3:"row";i:335;s:7:"message";s:49:"Skipped. Unknown order status (updated-tracking).";s:6:"status";b:0;s:7:"post_id";s:0:"";}
a:4:{s:3:"row";i:336;s:7:"message";s:49:"Skipped. Unknown order status (updated-tracking).";s:6:"status";b:0;s:7:"post_id";s:0:"";}
a:4:{s:3:"row";i:337;s:7:"message";s:49:"Skipped. Unknown order status (updated-tracking).";s:6:"status";b:0;s:7:"post_id";s:0:"";}
a:4:{s:3:"row";i:338;s:7:"message";s:49:"Skipped. Unknown order status (updated-tracking).";s:6:"status";b:0;s:7:"post_id";s:0:"";}
a:4:{s:3:"row";i:339;s:7:"message";s:49:"Skipped. Unknown order status (updated-tracking).";s:6:"status";b:0;s:7:"post_id";s:0:"";}
a:4:{s:3:"row";i:340;s:7:"message";s:49:"Skipped. Unknown order status (updated-tracking).";s:6:"status";b:0;s:7:"post_id";s:0:"";}
a:4:{s:3:"row";i:341;s:7:"message";s:49:"Skipped. Unknown order status (updated-tracking).";s:6:"status";b:0;s:7:"post_id";s:0:"";}
a:4:{s:3:"row";i:342;s:7:"message";s:49:"Skipped. Unknown order status (updated-tracking).";s:6:"status";b:0;s:7:"post_id";s:0:"";}
a:4:{s:3:"row";i:343;s:7:"message";s:49:"Skipped. Unknown order status (updated-tracking).";s:6:"status";b:0;s:7:"post_id";s:0:"";}
a:4:{s:3:"row";i:344;s:7:"message";s:49:"Skipped. Unknown order status (updated-tracking).";s:6:"status";b:0;s:7:"post_id";s:0:"";}
a:4:{s:3:"row";i:345;s:7:"message";s:49:"Skipped. Unknown order status (updated-tracking).";s:6:"status";b:0;s:7:"post_id";s:0:"";}
a:4:{s:3:"row";i:346;s:7:"message";s:49:"Skipped. Unknown order status (updated-tracking).";s:6:"status";b:0;s:7:"post_id";s:0:"";}
a:4:{s:3:"row";i:347;s:7:"message";s:28:"Order imported successfully.";s:6:"status";b:1;s:7:"post_id";i:5363;}
a:4:{s:3:"row";i:348;s:7:"message";s:28:"Order imported successfully.";s:6:"status";b:1;s:7:"post_id";i:5364;}
a:4:{s:3:"row";i:349;s:7:"message";s:49:"Skipped. Unknown order status (updated-tracking).";s:6:"status";b:0;s:7:"post_id";s:0:"";}
a:4:{s:3:"row";i:350;s:7:"message";s:49:"Skipped. Unknown order status (updated-tracking).";s:6:"status";b:0;s:7:"post_id";s:0:"";}
a:4:{s:3:"row";i:351;s:7:"message";s:28:"Order imported successfully.";s:6:"status";b:1;s:7:"post_id";i:5372;}
a:4:{s:3:"row";i:352;s:7:"message";s:28:"Order imported successfully.";s:6:"status";b:1;s:7:"post_id";i:5373;}
a:4:{s:3:"row";i:353;s:7:"message";s:28:"Order imported successfully.";s:6:"status";b:1;s:7:"post_id";i:5374;}
a:4:{s:3:"row";i:354;s:7:"message";s:28:"Order imported successfully.";s:6:"status";b:1;s:7:"post_id";i:5375;}
a:4:{s:3:"row";i:355;s:7:"message";s:28:"Order imported successfully.";s:6:"status";b:1;s:7:"post_id";i:5376;}
a:4:{s:3:"row";i:356;s:7:"message";s:28:"Order imported successfully.";s:6:"status";b:1;s:7:"post_id";i:5377;}
a:4:{s:3:"row";i:357;s:7:"message";s:28:"Order imported successfully.";s:6:"status";b:1;s:7:"post_id";i:5378;}
a:4:{s:3:"row";i:358;s:7:"message";s:28:"Order imported successfully.";s:6:"status";b:1;s:7:"post_id";i:5379;}
a:4:{s:3:"row";i:359;s:7:"message";s:28:"Order imported successfully.";s:6:"status";b:1;s:7:"post_id";i:5380;}
a:4:{s:3:"row";i:360;s:7:"message";s:28:"Order imported successfully.";s:6:"status";b:1;s:7:"post_id";i:5381;}
a:4:{s:3:"row";i:361;s:7:"message";s:28:"Order imported successfully.";s:6:"status";b:1;s:7:"post_id";i:5382;}
a:4:{s:3:"row";i:362;s:7:"message";s:28:"Order imported successfully.";s:6:"status";b:1;s:7:"post_id";i:5383;}
a:4:{s:3:"row";i:363;s:7:"message";s:28:"Order imported successfully.";s:6:"status";b:1;s:7:"post_id";i:5384;}
a:4:{s:3:"row";i:364;s:7:"message";s:28:"Order imported successfully.";s:6:"status";b:1;s:7:"post_id";i:5385;}
a:4:{s:3:"row";i:365;s:7:"message";s:28:"Order imported successfully.";s:6:"status";b:1;s:7:"post_id";i:5386;}
a:4:{s:3:"row";i:366;s:7:"message";s:28:"Order imported successfully.";s:6:"status";b:1;s:7:"post_id";i:5388;}
a:4:{s:3:"row";i:367;s:7:"message";s:28:"Order imported successfully.";s:6:"status";b:1;s:7:"post_id";i:5490;}
a:4:{s:3:"row";i:368;s:7:"message";s:28:"Order imported successfully.";s:6:"status";b:1;s:7:"post_id";i:5492;}
a:4:{s:3:"row";i:369;s:7:"message";s:28:"Order imported successfully.";s:6:"status";b:1;s:7:"post_id";i:5494;}
a:4:{s:3:"row";i:370;s:7:"message";s:28:"Order imported successfully.";s:6:"status";b:1;s:7:"post_id";i:5496;}
a:4:{s:3:"row";i:371;s:7:"message";s:28:"Order imported successfully.";s:6:"status";b:1;s:7:"post_id";i:5498;}
a:4:{s:3:"row";i:372;s:7:"message";s:28:"Order imported successfully.";s:6:"status";b:1;s:7:"post_id";i:5503;}
a:4:{s:3:"row";i:373;s:7:"message";s:28:"Order imported successfully.";s:6:"status";b:1;s:7:"post_id";i:5504;}
a:4:{s:3:"row";i:374;s:7:"message";s:28:"Order imported successfully.";s:6:"status";b:1;s:7:"post_id";i:5505;}
