2021-10-30T13:06:39+00:00 CRITICAL Uncaught Error: Class 'WP_Site_Health' not found in C:\Users\admin\Local Sites\treeline\app\public\wp-includes\rest-api.php:337
Stack trace:
#0 C:\Users\admin\Local Sites\treeline\app\public\wp-includes\class-wp-hook.php(303): create_initial_rest_routes(Object(WP_REST_Server))
#1 C:\Users\admin\Local Sites\treeline\app\public\wp-includes\class-wp-hook.php(327): WP_Hook->apply_filters(NULL, Array)
#2 C:\Users\admin\Local Sites\treeline\app\public\wp-includes\plugin.php(470): WP_Hook->do_action(Array)
#3 C:\Users\admin\Local Sites\treeline\app\public\wp-includes\rest-api.php(537): do_action('rest_api_init', Object(WP_REST_Server))
#4 C:\Users\admin\Local Sites\treeline\app\public\wp-includes\rest-api.php(109): rest_get_server()
#5 C:\Users\admin\Local Sites\treeline\app\public\wp-content\themes\storefront\class-api.php(20): register_rest_route('vivid_rest_api/...', '/latest-posts/(...', Array)
#6 C:\Users\admin\Local Sites\treeline\app\public\wp-content\themes\storefront\functions.php(96): Latest_Posts_Controll in C:\Users\admin\Local Sites\treeline\app\public\wp-includes\rest-api.php on line 337

2021-10-30T13:06:40+00:00 CRITICAL Uncaught Error: Class 'WP_Site_Health' not found in C:\Users\admin\Local Sites\treeline\app\public\wp-includes\rest-api.php:337
Stack trace:
#0 C:\Users\admin\Local Sites\treeline\app\public\wp-includes\class-wp-hook.php(303): create_initial_rest_routes(Object(WP_REST_Server))
#1 C:\Users\admin\Local Sites\treeline\app\public\wp-includes\class-wp-hook.php(327): WP_Hook->apply_filters(NULL, Array)
#2 C:\Users\admin\Local Sites\treeline\app\public\wp-includes\plugin.php(470): WP_Hook->do_action(Array)
#3 C:\Users\admin\Local Sites\treeline\app\public\wp-includes\rest-api.php(537): do_action('rest_api_init', Object(WP_REST_Server))
#4 C:\Users\admin\Local Sites\treeline\app\public\wp-includes\rest-api.php(109): rest_get_server()
#5 C:\Users\admin\Local Sites\treeline\app\public\wp-content\themes\storefront\class-api.php(20): register_rest_route('vivid_rest_api/...', '/latest-posts/(...', Array)
#6 C:\Users\admin\Local Sites\treeline\app\public\wp-content\themes\storefront\functions.php(96): Latest_Posts_Controll in C:\Users\admin\Local Sites\treeline\app\public\wp-includes\rest-api.php on line 337

2021-10-30T13:07:03+00:00 CRITICAL Uncaught Error: Class 'WP_Site_Health' not found in C:\Users\admin\Local Sites\treeline\app\public\wp-includes\rest-api.php:337
Stack trace:
#0 C:\Users\admin\Local Sites\treeline\app\public\wp-includes\class-wp-hook.php(303): create_initial_rest_routes(Object(WP_REST_Server))
#1 C:\Users\admin\Local Sites\treeline\app\public\wp-includes\class-wp-hook.php(327): WP_Hook->apply_filters(NULL, Array)
#2 C:\Users\admin\Local Sites\treeline\app\public\wp-includes\plugin.php(470): WP_Hook->do_action(Array)
#3 C:\Users\admin\Local Sites\treeline\app\public\wp-includes\rest-api.php(537): do_action('rest_api_init', Object(WP_REST_Server))
#4 C:\Users\admin\Local Sites\treeline\app\public\wp-includes\rest-api.php(109): rest_get_server()
#5 C:\Users\admin\Local Sites\treeline\app\public\wp-content\themes\storefront\class-api.php(20): register_rest_route('vivid_rest_api/...', '/latest-posts/(...', Array)
#6 C:\Users\admin\Local Sites\treeline\app\public\wp-content\themes\storefront\functions.php(96): Latest_Posts_Controll in C:\Users\admin\Local Sites\treeline\app\public\wp-includes\rest-api.php on line 337

2021-10-30T13:07:04+00:00 CRITICAL Uncaught Error: Class 'WP_Site_Health' not found in C:\Users\admin\Local Sites\treeline\app\public\wp-includes\rest-api.php:337
Stack trace:
#0 C:\Users\admin\Local Sites\treeline\app\public\wp-includes\class-wp-hook.php(303): create_initial_rest_routes(Object(WP_REST_Server))
#1 C:\Users\admin\Local Sites\treeline\app\public\wp-includes\class-wp-hook.php(327): WP_Hook->apply_filters(NULL, Array)
#2 C:\Users\admin\Local Sites\treeline\app\public\wp-includes\plugin.php(470): WP_Hook->do_action(Array)
#3 C:\Users\admin\Local Sites\treeline\app\public\wp-includes\rest-api.php(537): do_action('rest_api_init', Object(WP_REST_Server))
#4 C:\Users\admin\Local Sites\treeline\app\public\wp-includes\rest-api.php(109): rest_get_server()
#5 C:\Users\admin\Local Sites\treeline\app\public\wp-content\themes\storefront\class-api.php(20): register_rest_route('vivid_rest_api/...', '/latest-posts/(...', Array)
#6 C:\Users\admin\Local Sites\treeline\app\public\wp-content\themes\storefront\functions.php(96): Latest_Posts_Controll in C:\Users\admin\Local Sites\treeline\app\public\wp-includes\rest-api.php on line 337

2021-10-30T13:12:45+00:00 CRITICAL Uncaught Error: Class 'WP_Site_Health' not found in C:\Users\admin\Local Sites\treeline\app\public\wp-includes\rest-api.php:337
Stack trace:
#0 C:\Users\admin\Local Sites\treeline\app\public\wp-includes\class-wp-hook.php(303): create_initial_rest_routes(Object(WP_REST_Server))
#1 C:\Users\admin\Local Sites\treeline\app\public\wp-includes\class-wp-hook.php(327): WP_Hook->apply_filters(NULL, Array)
#2 C:\Users\admin\Local Sites\treeline\app\public\wp-includes\plugin.php(470): WP_Hook->do_action(Array)
#3 C:\Users\admin\Local Sites\treeline\app\public\wp-includes\rest-api.php(537): do_action('rest_api_init', Object(WP_REST_Server))
#4 C:\Users\admin\Local Sites\treeline\app\public\wp-includes\rest-api.php(109): rest_get_server()
#5 C:\Users\admin\Local Sites\treeline\app\public\wp-content\themes\storefront\class-api.php(23): register_rest_route('vivid_rest_api/...', '/latest-posts/(...', Array)
#6 C:\Users\admin\Local Sites\treeline\app\public\wp-content\themes\storefront\functions.php(96): Latest_Posts_Controll in C:\Users\admin\Local Sites\treeline\app\public\wp-includes\rest-api.php on line 337

2021-10-30T13:12:45+00:00 CRITICAL Uncaught Error: Class 'WP_Site_Health' not found in C:\Users\admin\Local Sites\treeline\app\public\wp-includes\rest-api.php:337
Stack trace:
#0 C:\Users\admin\Local Sites\treeline\app\public\wp-includes\class-wp-hook.php(303): create_initial_rest_routes(Object(WP_REST_Server))
#1 C:\Users\admin\Local Sites\treeline\app\public\wp-includes\class-wp-hook.php(327): WP_Hook->apply_filters(NULL, Array)
#2 C:\Users\admin\Local Sites\treeline\app\public\wp-includes\plugin.php(470): WP_Hook->do_action(Array)
#3 C:\Users\admin\Local Sites\treeline\app\public\wp-includes\rest-api.php(537): do_action('rest_api_init', Object(WP_REST_Server))
#4 C:\Users\admin\Local Sites\treeline\app\public\wp-includes\rest-api.php(109): rest_get_server()
#5 C:\Users\admin\Local Sites\treeline\app\public\wp-content\themes\storefront\class-api.php(23): register_rest_route('vivid_rest_api/...', '/latest-posts/(...', Array)
#6 C:\Users\admin\Local Sites\treeline\app\public\wp-content\themes\storefront\functions.php(96): Latest_Posts_Controll in C:\Users\admin\Local Sites\treeline\app\public\wp-includes\rest-api.php on line 337

2021-10-30T13:13:08+00:00 CRITICAL Uncaught Error: Class 'WP_Site_Health' not found in C:\Users\admin\Local Sites\treeline\app\public\wp-includes\rest-api.php:337
Stack trace:
#0 C:\Users\admin\Local Sites\treeline\app\public\wp-includes\class-wp-hook.php(303): create_initial_rest_routes(Object(WP_REST_Server))
#1 C:\Users\admin\Local Sites\treeline\app\public\wp-includes\class-wp-hook.php(327): WP_Hook->apply_filters(NULL, Array)
#2 C:\Users\admin\Local Sites\treeline\app\public\wp-includes\plugin.php(470): WP_Hook->do_action(Array)
#3 C:\Users\admin\Local Sites\treeline\app\public\wp-includes\rest-api.php(537): do_action('rest_api_init', Object(WP_REST_Server))
#4 C:\Users\admin\Local Sites\treeline\app\public\wp-includes\rest-api.php(109): rest_get_server()
#5 C:\Users\admin\Local Sites\treeline\app\public\wp-content\themes\storefront\class-api.php(21): register_rest_route('vivid_rest_api/...', '/latest-posts/(...', Array)
#6 C:\Users\admin\Local Sites\treeline\app\public\wp-content\themes\storefront\functions.php(96): Latest_Posts_Controll in C:\Users\admin\Local Sites\treeline\app\public\wp-includes\rest-api.php on line 337

2021-10-30T13:13:08+00:00 CRITICAL Uncaught Error: Class 'WP_Site_Health' not found in C:\Users\admin\Local Sites\treeline\app\public\wp-includes\rest-api.php:337
Stack trace:
#0 C:\Users\admin\Local Sites\treeline\app\public\wp-includes\class-wp-hook.php(303): create_initial_rest_routes(Object(WP_REST_Server))
#1 C:\Users\admin\Local Sites\treeline\app\public\wp-includes\class-wp-hook.php(327): WP_Hook->apply_filters(NULL, Array)
#2 C:\Users\admin\Local Sites\treeline\app\public\wp-includes\plugin.php(470): WP_Hook->do_action(Array)
#3 C:\Users\admin\Local Sites\treeline\app\public\wp-includes\rest-api.php(537): do_action('rest_api_init', Object(WP_REST_Server))
#4 C:\Users\admin\Local Sites\treeline\app\public\wp-includes\rest-api.php(109): rest_get_server()
#5 C:\Users\admin\Local Sites\treeline\app\public\wp-content\themes\storefront\class-api.php(21): register_rest_route('vivid_rest_api/...', '/latest-posts/(...', Array)
#6 C:\Users\admin\Local Sites\treeline\app\public\wp-content\themes\storefront\functions.php(96): Latest_Posts_Controll in C:\Users\admin\Local Sites\treeline\app\public\wp-includes\rest-api.php on line 337

2021-10-30T13:13:27+00:00 CRITICAL Uncaught Error: Class 'WP_Site_Health' not found in C:\Users\admin\Local Sites\treeline\app\public\wp-includes\rest-api.php:337
Stack trace:
#0 C:\Users\admin\Local Sites\treeline\app\public\wp-includes\class-wp-hook.php(303): create_initial_rest_routes(Object(WP_REST_Server))
#1 C:\Users\admin\Local Sites\treeline\app\public\wp-includes\class-wp-hook.php(327): WP_Hook->apply_filters(NULL, Array)
#2 C:\Users\admin\Local Sites\treeline\app\public\wp-includes\plugin.php(470): WP_Hook->do_action(Array)
#3 C:\Users\admin\Local Sites\treeline\app\public\wp-includes\rest-api.php(537): do_action('rest_api_init', Object(WP_REST_Server))
#4 C:\Users\admin\Local Sites\treeline\app\public\wp-includes\rest-api.php(109): rest_get_server()
#5 C:\Users\admin\Local Sites\treeline\app\public\wp-content\themes\storefront\class-api.php(21): register_rest_route('vivid_rest_api/...', '/latest-posts/(...', Array)
#6 C:\Users\admin\Local Sites\treeline\app\public\wp-content\themes\storefront\functions.php(96): Latest_Posts_Controll in C:\Users\admin\Local Sites\treeline\app\public\wp-includes\rest-api.php on line 337

2021-10-30T13:13:28+00:00 CRITICAL Uncaught Error: Class 'WP_Site_Health' not found in C:\Users\admin\Local Sites\treeline\app\public\wp-includes\rest-api.php:337
Stack trace:
#0 C:\Users\admin\Local Sites\treeline\app\public\wp-includes\class-wp-hook.php(303): create_initial_rest_routes(Object(WP_REST_Server))
#1 C:\Users\admin\Local Sites\treeline\app\public\wp-includes\class-wp-hook.php(327): WP_Hook->apply_filters(NULL, Array)
#2 C:\Users\admin\Local Sites\treeline\app\public\wp-includes\plugin.php(470): WP_Hook->do_action(Array)
#3 C:\Users\admin\Local Sites\treeline\app\public\wp-includes\rest-api.php(537): do_action('rest_api_init', Object(WP_REST_Server))
#4 C:\Users\admin\Local Sites\treeline\app\public\wp-includes\rest-api.php(109): rest_get_server()
#5 C:\Users\admin\Local Sites\treeline\app\public\wp-content\themes\storefront\class-api.php(21): register_rest_route('vivid_rest_api/...', '/latest-posts/(...', Array)
#6 C:\Users\admin\Local Sites\treeline\app\public\wp-content\themes\storefront\functions.php(96): Latest_Posts_Controll in C:\Users\admin\Local Sites\treeline\app\public\wp-includes\rest-api.php on line 337

2021-10-30T13:14:40+00:00 CRITICAL Uncaught Error: Class 'WP_Site_Health' not found in C:\Users\admin\Local Sites\treeline\app\public\wp-includes\rest-api.php:337
Stack trace:
#0 C:\Users\admin\Local Sites\treeline\app\public\wp-includes\class-wp-hook.php(303): create_initial_rest_routes(Object(WP_REST_Server))
#1 C:\Users\admin\Local Sites\treeline\app\public\wp-includes\class-wp-hook.php(327): WP_Hook->apply_filters(NULL, Array)
#2 C:\Users\admin\Local Sites\treeline\app\public\wp-includes\plugin.php(470): WP_Hook->do_action(Array)
#3 C:\Users\admin\Local Sites\treeline\app\public\wp-includes\rest-api.php(537): do_action('rest_api_init', Object(WP_REST_Server))
#4 C:\Users\admin\Local Sites\treeline\app\public\wp-includes\rest-api.php(109): rest_get_server()
#5 C:\Users\admin\Local Sites\treeline\app\public\wp-content\themes\storefront\class-api.php(21): register_rest_route('vivid_rest_api/...', '/latest-posts/(...', Array)
#6 C:\Users\admin\Local Sites\treeline\app\public\wp-content\themes\storefront\functions.php(96): Latest_Posts_Controll in C:\Users\admin\Local Sites\treeline\app\public\wp-includes\rest-api.php on line 337

2021-10-30T13:14:40+00:00 CRITICAL Uncaught Error: Class 'WP_Site_Health' not found in C:\Users\admin\Local Sites\treeline\app\public\wp-includes\rest-api.php:337
Stack trace:
#0 C:\Users\admin\Local Sites\treeline\app\public\wp-includes\class-wp-hook.php(303): create_initial_rest_routes(Object(WP_REST_Server))
#1 C:\Users\admin\Local Sites\treeline\app\public\wp-includes\class-wp-hook.php(327): WP_Hook->apply_filters(NULL, Array)
#2 C:\Users\admin\Local Sites\treeline\app\public\wp-includes\plugin.php(470): WP_Hook->do_action(Array)
#3 C:\Users\admin\Local Sites\treeline\app\public\wp-includes\rest-api.php(537): do_action('rest_api_init', Object(WP_REST_Server))
#4 C:\Users\admin\Local Sites\treeline\app\public\wp-includes\rest-api.php(109): rest_get_server()
#5 C:\Users\admin\Local Sites\treeline\app\public\wp-content\themes\storefront\class-api.php(21): register_rest_route('vivid_rest_api/...', '/latest-posts/(...', Array)
#6 C:\Users\admin\Local Sites\treeline\app\public\wp-content\themes\storefront\functions.php(96): Latest_Posts_Controll in C:\Users\admin\Local Sites\treeline\app\public\wp-includes\rest-api.php on line 337

