10-18-2021 @ 10:46:50 - Row #2 failed: Array
(
    [0] => No product or variation in your store matches the product ID #4966.
)

10-18-2021 @ 10:46:50 - Row #3 failed: Array
(
    [0] => No product or variation in your store matches the product ID #1354.
)

10-18-2021 @ 10:46:51 - Row #4 failed: Array
(
    [0] => No product or variation in your store matches the product ID #4956.
)

10-18-2021 @ 10:46:51 - Row #5 failed: Array
(
    [0] => No product or variation in your store matches the product ID #1354.
)

10-18-2021 @ 10:46:51 - Row #6 failed: Array
(
    [0] => No product or variation in your store matches the product ID #4954.
)

10-18-2021 @ 10:46:51 - Row #7 failed: Array
(
    [0] => No product or variation in your store matches the product ID #4963.
)

10-18-2021 @ 10:46:51 - Row #8 failed: Array
(
    [0] => No product or variation in your store matches the product ID #4966.
)

10-18-2021 @ 10:46:51 - Row #9 failed: Array
(
    [0] => No product or variation in your store matches the product ID #4963.
)

10-18-2021 @ 10:46:52 - Row #10 failed: Array
(
    [0] => No product or variation in your store matches the product ID #4954.
)

10-18-2021 @ 10:46:52 - Row #11 failed: Array
(
    [0] => No product or variation in your store matches the product ID #4963.
)

10-18-2021 @ 10:46:53 - Row #12 failed: Array
(
    [0] => No product or variation in your store matches the product ID #4941.
)

10-18-2021 @ 10:46:53 - Row #13 failed: Array
(
    [0] => User with ID (#65) does not exist.
)

10-18-2021 @ 10:46:53 - Row #14 failed: Array
(
    [0] => No product or variation in your store matches the product ID #4954.
)

10-18-2021 @ 10:46:53 - Row #15 failed: Array
(
    [0] => No product or variation in your store matches the product ID #4954.
)

10-18-2021 @ 10:46:53 - Row #16 failed: Array
(
    [0] => No product or variation in your store matches the product ID #4941.
)

10-18-2021 @ 10:46:53 - Row #17 failed: Array
(
    [0] => No product or variation in your store matches the product ID #4964.
)

10-18-2021 @ 10:46:54 - Row #18 failed: Array
(
    [0] => No product or variation in your store matches the product ID #4944.
)

10-18-2021 @ 10:46:54 - Row #19 failed: Array
(
    [0] => User with ID (#91) does not exist.
)

10-18-2021 @ 10:46:54 - Row #20 failed: Array
(
    [0] => User with ID (#88) does not exist.
)

10-18-2021 @ 10:46:54 - Row #21 failed: Array
(
    [0] => User with ID (#85) does not exist.
)

10-18-2021 @ 10:46:54 - Row #22 failed: Array
(
    [0] => User with ID (#37) does not exist.
)

10-18-2021 @ 10:46:54 - Row #23 failed: Array
(
    [0] => User with ID (#78) does not exist.
)

10-18-2021 @ 10:46:54 - Row #24 failed: Array
(
    [0] => User with ID (#77) does not exist.
)

10-18-2021 @ 10:46:54 - Row #25 failed: Array
(
    [0] => User with ID (#76) does not exist.
)

10-18-2021 @ 10:46:54 - Row #26 failed: Array
(
    [0] => User with ID (#75) does not exist.
)

10-18-2021 @ 10:46:54 - Row #27 failed: Array
(
    [0] => User with ID (#73) does not exist.
)

10-18-2021 @ 10:46:54 - Row #28 failed: Array
(
    [0] => User with ID (#72) does not exist.
)

10-18-2021 @ 10:46:54 - Row #29 failed: Array
(
    [0] => User with ID (#71) does not exist.
)

10-18-2021 @ 10:46:54 - Row #30 failed: Array
(
    [0] => User with ID (#70) does not exist.
)

10-18-2021 @ 10:46:54 - Row #31 failed: Array
(
    [0] => User with ID (#67) does not exist.
)

10-18-2021 @ 10:46:54 - Row #32 failed: Array
(
    [0] => User with ID (#69) does not exist.
)

10-18-2021 @ 10:46:54 - Row #33 failed: Array
(
    [0] => User with ID (#68) does not exist.
)

10-18-2021 @ 10:46:54 - Row #34 failed: Array
(
    [0] => User with ID (#65) does not exist.
)

10-18-2021 @ 10:46:54 - Row #35 failed: Array
(
    [0] => User with ID (#64) does not exist.
)

10-18-2021 @ 10:46:54 - Row #36 failed: Array
(
    [0] => User with ID (#62) does not exist.
)

10-18-2021 @ 10:46:54 - Row #37 failed: Array
(
    [0] => User with ID (#35) does not exist.
)

10-18-2021 @ 10:46:54 - Row #38 failed: Array
(
    [0] => User with ID (#61) does not exist.
)

10-18-2021 @ 10:46:54 - Row #39 failed: Array
(
    [0] => User with ID (#60) does not exist.
)

10-18-2021 @ 10:46:54 - Row #40 failed: Array
(
    [0] => User with ID (#58) does not exist.
)

10-18-2021 @ 10:46:54 - Row #41 failed: Array
(
    [0] => User with ID (#57) does not exist.
)

10-18-2021 @ 10:46:55 - Row #42 failed: Array
(
    [0] => User with ID (#55) does not exist.
)

10-18-2021 @ 10:46:55 - Row #43 failed: Array
(
    [0] => User with ID (#54) does not exist.
)

10-18-2021 @ 10:46:55 - Row #44 failed: Array
(
    [0] => User with ID (#53) does not exist.
)

10-18-2021 @ 10:46:55 - Row #45 failed: Array
(
    [0] => User with ID (#47) does not exist.
)

10-18-2021 @ 10:46:55 - Row #46 failed: Array
(
    [0] => User with ID (#48) does not exist.
)

10-18-2021 @ 10:46:55 - Row #47 failed: Array
(
    [0] => User with ID (#46) does not exist.
)

10-18-2021 @ 10:46:55 - Row #48 failed: Array
(
    [0] => User with ID (#49) does not exist.
)

10-18-2021 @ 10:46:55 - Row #49 failed: Array
(
    [0] => User with ID (#51) does not exist.
)

10-18-2021 @ 10:46:55 - Row #50 failed: Array
(
    [0] => User with ID (#34) does not exist.
)

10-18-2021 @ 10:46:55 - Row #51 failed: Array
(
    [0] => User with ID (#37) does not exist.
)

10-18-2021 @ 10:46:56 - Row #52 failed: Array
(
    [0] => User with ID (#38) does not exist.
)

10-18-2021 @ 10:46:56 - Row #53 failed: Array
(
    [0] => User with ID (#39) does not exist.
)

10-18-2021 @ 10:46:56 - Row #54 failed: Array
(
    [0] => User with ID (#43) does not exist.
)

10-18-2021 @ 10:46:56 - Row #55 failed: Array
(
    [0] => User with ID (#35) does not exist.
)

10-18-2021 @ 10:46:56 - Row #56 failed: Array
(
    [0] => User with ID (#33) does not exist.
)

10-18-2021 @ 10:46:56 - Row #57 failed: Array
(
    [0] => User with ID (#27) does not exist.
)

10-18-2021 @ 10:46:56 - Row #58 failed: Array
(
    [0] => User with ID (#26) does not exist.
)

10-18-2021 @ 10:46:56 - Row #59 failed: Array
(
    [0] => User with ID (#24) does not exist.
)

10-18-2021 @ 10:46:56 - Row #60 failed: Array
(
    [0] => User with ID (#22) does not exist.
)

10-18-2021 @ 10:46:56 - Row #61 failed: Array
(
    [0] => User with ID (#21) does not exist.
)

10-18-2021 @ 10:46:56 - Row #62 failed: Array
(
    [0] => User with ID (#20) does not exist.
)

10-18-2021 @ 10:46:56 - Row #63 failed: Array
(
    [0] => User with ID (#19) does not exist.
)

10-18-2021 @ 10:46:56 - Row #64 failed: Array
(
    [0] => User with ID (#18) does not exist.
)

10-18-2021 @ 10:46:56 - Row #65 failed: Array
(
    [0] => User with ID (#9) does not exist.
)

10-18-2021 @ 10:46:56 - Row #66 failed: Array
(
    [0] => User with ID (#7) does not exist.
)

10-18-2021 @ 10:46:56 - Row #67 failed: Array
(
    [0] => User with ID (#15) does not exist.
)

10-18-2021 @ 10:46:56 - Row #68 failed: Array
(
    [0] => User with ID (#14) does not exist.
)

