10-18-2021 @ 07:34:11 - ---[ New import started at 2021-10-18 07:34:11 ] PHP Memory: 256 MB, WP Memory: 40 MB
10-18-2021 @ 07:34:11 - Preparing for import.
10-18-2021 @ 07:34:11 - Row :1 - Parsing item.
10-18-2021 @ 07:34:11 - Row :1 - Processing item.
10-18-2021 @ 07:34:11 - Processing users.
10-18-2021 @ 07:34:12 - > &#8220;2&#8221;User imported successfully. ID:2
10-18-2021 @ 07:34:12 - > Finished importing user 2
10-18-2021 @ 07:34:12 - Row :1 - User imported successfully.
10-18-2021 @ 07:34:12 - Row :2 - Parsing item.
10-18-2021 @ 07:34:12 - Row :2 - Processing item.
10-18-2021 @ 07:34:12 - Processing users.
10-18-2021 @ 07:34:12 - > &#8220;3&#8221;User imported successfully. ID:3
10-18-2021 @ 07:34:12 - > Finished importing user 3
10-18-2021 @ 07:34:12 - Row :2 - User imported successfully.
10-18-2021 @ 07:34:12 - Row :3 - Parsing item.
10-18-2021 @ 07:34:12 - Row :3 - Processing item.
10-18-2021 @ 07:34:12 - Processing users.
10-18-2021 @ 07:34:12 - > &#8220;4&#8221;User imported successfully. ID:4
10-18-2021 @ 07:34:12 - > Finished importing user 4
10-18-2021 @ 07:34:12 - Row :3 - User imported successfully.
10-18-2021 @ 07:34:12 - Row :4 - Parsing item.
10-18-2021 @ 07:34:12 - Row :4 - Processing item.
10-18-2021 @ 07:34:12 - Processing users.
10-18-2021 @ 07:34:12 - > &#8220;5&#8221;User imported successfully. ID:5
10-18-2021 @ 07:34:12 - > Finished importing user 5
10-18-2021 @ 07:34:12 - Row :4 - User imported successfully.
10-18-2021 @ 07:34:13 - Row :5 - Parsing item.
10-18-2021 @ 07:34:13 - Row :5 - Processing item.
10-18-2021 @ 07:34:13 - Processing users.
10-18-2021 @ 07:34:13 - > &#8220;6&#8221;User imported successfully. ID:6
10-18-2021 @ 07:34:13 - > Finished importing user 6
10-18-2021 @ 07:34:13 - Row :5 - User imported successfully.
10-18-2021 @ 07:34:13 - Row :6 - Parsing item.
10-18-2021 @ 07:34:13 - Row :6 - Processing item.
10-18-2021 @ 07:34:13 - Processing users.
10-18-2021 @ 07:34:13 - > &#8220;7&#8221;User imported successfully. ID:7
10-18-2021 @ 07:34:13 - > Finished importing user 7
10-18-2021 @ 07:34:13 - Row :6 - User imported successfully.
10-18-2021 @ 07:34:13 - Row :7 - Parsing item.
10-18-2021 @ 07:34:13 - Row :7 - Processing item.
10-18-2021 @ 07:34:13 - Processing users.
10-18-2021 @ 07:34:13 - > &#8220;8&#8221;User imported successfully. ID:8
10-18-2021 @ 07:34:13 - > Finished importing user 8
10-18-2021 @ 07:34:13 - Row :7 - User imported successfully.
10-18-2021 @ 07:34:13 - Row :8 - Parsing item.
10-18-2021 @ 07:34:13 - Row :8 - Processing item.
10-18-2021 @ 07:34:13 - Processing users.
10-18-2021 @ 07:34:14 - > &#8220;9&#8221;User imported successfully. ID:9
10-18-2021 @ 07:34:14 - > Finished importing user 9
10-18-2021 @ 07:34:14 - Row :8 - User imported successfully.
10-18-2021 @ 07:34:14 - Row :9 - Parsing item.
10-18-2021 @ 07:34:14 - Row :9 - Processing item.
10-18-2021 @ 07:34:14 - Processing users.
10-18-2021 @ 07:34:14 - > &#8220;10&#8221;User imported successfully. ID:10
10-18-2021 @ 07:34:14 - > Finished importing user 10
10-18-2021 @ 07:34:14 - Row :9 - User imported successfully.
10-18-2021 @ 07:34:14 - Row :10 - Parsing item.
10-18-2021 @ 07:34:14 - Row :10 - Processing item.
10-18-2021 @ 07:34:14 - Processing users.
10-18-2021 @ 07:34:14 - > &#8220;11&#8221;User imported successfully. ID:11
10-18-2021 @ 07:34:14 - > Finished importing user 11
10-18-2021 @ 07:34:14 - Row :10 - User imported successfully.
10-18-2021 @ 07:34:15 - Preparing for import.
10-18-2021 @ 07:34:15 - Row :11 - Parsing item.
10-18-2021 @ 07:34:15 - Row :11 - Processing item.
10-18-2021 @ 07:34:15 - Processing users.
10-18-2021 @ 07:34:15 - > &#8220;12&#8221;User imported successfully. ID:12
10-18-2021 @ 07:34:15 - > Finished importing user 12
10-18-2021 @ 07:34:15 - Row :11 - User imported successfully.
10-18-2021 @ 07:34:15 - Row :12 - Parsing item.
10-18-2021 @ 07:34:15 - Row :12 - Processing item.
10-18-2021 @ 07:34:15 - Processing users.
10-18-2021 @ 07:34:15 - > &#8220;13&#8221;User imported successfully. ID:13
10-18-2021 @ 07:34:15 - > Finished importing user 13
10-18-2021 @ 07:34:15 - Row :12 - User imported successfully.
10-18-2021 @ 07:34:15 - Row :13 - Parsing item.
10-18-2021 @ 07:34:15 - Row :13 - Processing item.
10-18-2021 @ 07:34:15 - Processing users.
10-18-2021 @ 07:34:15 - > &#8220;14&#8221;User imported successfully. ID:14
10-18-2021 @ 07:34:15 - > Finished importing user 14
10-18-2021 @ 07:34:15 - Row :13 - User imported successfully.
10-18-2021 @ 07:34:15 - Row :14 - Parsing item.
10-18-2021 @ 07:34:15 - Row :14 - Processing item.
10-18-2021 @ 07:34:15 - Processing users.
10-18-2021 @ 07:34:16 - > &#8220;15&#8221;User imported successfully. ID:15
10-18-2021 @ 07:34:16 - > Finished importing user 15
10-18-2021 @ 07:34:16 - Row :14 - User imported successfully.
10-18-2021 @ 07:34:16 - Row :15 - Parsing item.
10-18-2021 @ 07:34:16 - Row :15 - Processing item.
10-18-2021 @ 07:34:16 - Processing users.
10-18-2021 @ 07:34:16 - > &#8220;16&#8221;User imported successfully. ID:16
10-18-2021 @ 07:34:16 - > Finished importing user 16
10-18-2021 @ 07:34:16 - Row :15 - User imported successfully.
10-18-2021 @ 07:34:16 - Row :16 - Parsing item.
10-18-2021 @ 07:34:16 - Row :16 - Processing item.
10-18-2021 @ 07:34:16 - Processing users.
10-18-2021 @ 07:34:16 - > &#8220;17&#8221;User imported successfully. ID:17
10-18-2021 @ 07:34:16 - > Finished importing user 17
10-18-2021 @ 07:34:16 - Row :16 - User imported successfully.
10-18-2021 @ 07:34:16 - Row :17 - Parsing item.
10-18-2021 @ 07:34:16 - Row :17 - Processing item.
10-18-2021 @ 07:34:16 - Processing users.
10-18-2021 @ 07:34:17 - > &#8220;18&#8221;User imported successfully. ID:18
10-18-2021 @ 07:34:17 - > Finished importing user 18
10-18-2021 @ 07:34:17 - Row :17 - User imported successfully.
10-18-2021 @ 07:34:17 - Row :18 - Parsing item.
10-18-2021 @ 07:34:17 - Row :18 - Processing item.
10-18-2021 @ 07:34:17 - Processing users.
10-18-2021 @ 07:34:17 - > &#8220;19&#8221;User imported successfully. ID:19
10-18-2021 @ 07:34:17 - > Finished importing user 19
10-18-2021 @ 07:34:17 - Row :18 - User imported successfully.
10-18-2021 @ 07:34:17 - Row :19 - Parsing item.
10-18-2021 @ 07:34:17 - Row :19 - Processing item.
10-18-2021 @ 07:34:17 - Processing users.
10-18-2021 @ 07:34:17 - > &#8220;20&#8221;User imported successfully. ID:20
10-18-2021 @ 07:34:17 - > Finished importing user 20
10-18-2021 @ 07:34:17 - Row :19 - User imported successfully.
10-18-2021 @ 07:34:17 - Row :20 - Parsing item.
10-18-2021 @ 07:34:17 - Row :20 - Processing item.
10-18-2021 @ 07:34:17 - Processing users.
10-18-2021 @ 07:34:17 - > &#8220;21&#8221;User imported successfully. ID:21
10-18-2021 @ 07:34:17 - > Finished importing user 21
10-18-2021 @ 07:34:17 - Row :20 - User imported successfully.
10-18-2021 @ 07:34:18 - Preparing for import.
10-18-2021 @ 07:34:18 - Row :21 - Parsing item.
10-18-2021 @ 07:34:18 - Row :21 - Processing item.
10-18-2021 @ 07:34:18 - Processing users.
10-18-2021 @ 07:34:19 - > &#8220;22&#8221;User imported successfully. ID:22
10-18-2021 @ 07:34:19 - > Finished importing user 22
10-18-2021 @ 07:34:19 - Row :21 - User imported successfully.
10-18-2021 @ 07:34:19 - Row :22 - Parsing item.
10-18-2021 @ 07:34:19 - Row :22 - Processing item.
10-18-2021 @ 07:34:19 - Processing users.
10-18-2021 @ 07:34:19 - > &#8220;23&#8221;User imported successfully. ID:23
10-18-2021 @ 07:34:19 - > Finished importing user 23
10-18-2021 @ 07:34:19 - Row :22 - User imported successfully.
10-18-2021 @ 07:34:19 - Row :23 - Parsing item.
10-18-2021 @ 07:34:19 - Row :23 - Processing item.
10-18-2021 @ 07:34:19 - Processing users.
10-18-2021 @ 07:34:19 - > &#8220;24&#8221;User imported successfully. ID:24
10-18-2021 @ 07:34:19 - > Finished importing user 24
10-18-2021 @ 07:34:19 - Row :23 - User imported successfully.
10-18-2021 @ 07:34:19 - Row :24 - Parsing item.
10-18-2021 @ 07:34:19 - Row :24 - Processing item.
10-18-2021 @ 07:34:19 - Processing users.
10-18-2021 @ 07:34:20 - > &#8220;25&#8221;User imported successfully. ID:25
10-18-2021 @ 07:34:20 - > Finished importing user 25
10-18-2021 @ 07:34:20 - Row :24 - User imported successfully.
10-18-2021 @ 07:34:20 - Row :25 - Parsing item.
10-18-2021 @ 07:34:20 - Row :25 - Processing item.
10-18-2021 @ 07:34:20 - Processing users.
10-18-2021 @ 07:34:20 - > &#8220;26&#8221;User imported successfully. ID:26
10-18-2021 @ 07:34:20 - > Finished importing user 26
10-18-2021 @ 07:34:20 - Row :25 - User imported successfully.
10-18-2021 @ 07:34:20 - Row :26 - Parsing item.
10-18-2021 @ 07:34:20 - Row :26 - Processing item.
10-18-2021 @ 07:34:20 - Processing users.
10-18-2021 @ 07:34:21 - > &#8220;27&#8221;User imported successfully. ID:27
10-18-2021 @ 07:34:21 - > Finished importing user 27
10-18-2021 @ 07:34:21 - Row :26 - User imported successfully.
10-18-2021 @ 07:34:21 - Row :27 - Parsing item.
10-18-2021 @ 07:34:21 - Row :27 - Processing item.
10-18-2021 @ 07:34:21 - Processing users.
10-18-2021 @ 07:34:21 - > &#8220;28&#8221;User imported successfully. ID:28
10-18-2021 @ 07:34:21 - > Finished importing user 28
10-18-2021 @ 07:34:21 - Row :27 - User imported successfully.
10-18-2021 @ 07:34:21 - Row :28 - Parsing item.
10-18-2021 @ 07:34:21 - Row :28 - Processing item.
10-18-2021 @ 07:34:21 - Processing users.
10-18-2021 @ 07:34:21 - > &#8220;29&#8221;User imported successfully. ID:29
10-18-2021 @ 07:34:21 - > Finished importing user 29
10-18-2021 @ 07:34:21 - Row :28 - User imported successfully.
10-18-2021 @ 07:34:21 - Row :29 - Parsing item.
10-18-2021 @ 07:34:21 - Row :29 - Processing item.
10-18-2021 @ 07:34:21 - Processing users.
10-18-2021 @ 07:34:21 - > &#8220;30&#8221;User imported successfully. ID:30
10-18-2021 @ 07:34:21 - > Finished importing user 30
10-18-2021 @ 07:34:21 - Row :29 - User imported successfully.
10-18-2021 @ 07:34:21 - Row :30 - Parsing item.
10-18-2021 @ 07:34:21 - Row :30 - Processing item.
10-18-2021 @ 07:34:21 - Processing users.
10-18-2021 @ 07:34:22 - > &#8220;31&#8221;User imported successfully. ID:31
10-18-2021 @ 07:34:22 - > Finished importing user 31
10-18-2021 @ 07:34:22 - Row :30 - User imported successfully.
10-18-2021 @ 07:34:22 - Preparing for import.
10-18-2021 @ 07:34:22 - Row :31 - Parsing item.
10-18-2021 @ 07:34:22 - Row :31 - Processing item.
10-18-2021 @ 07:34:22 - Processing users.
10-18-2021 @ 07:34:23 - > &#8220;32&#8221;User imported successfully. ID:32
10-18-2021 @ 07:34:23 - > Finished importing user 32
10-18-2021 @ 07:34:23 - Row :31 - User imported successfully.
10-18-2021 @ 07:34:23 - Row :32 - Parsing item.
10-18-2021 @ 07:34:23 - Row :32 - Processing item.
10-18-2021 @ 07:34:23 - Processing users.
10-18-2021 @ 07:34:24 - > &#8220;33&#8221;User imported successfully. ID:33
10-18-2021 @ 07:34:24 - > Finished importing user 33
10-18-2021 @ 07:34:24 - Row :32 - User imported successfully.
10-18-2021 @ 07:34:24 - Row :33 - Parsing item.
10-18-2021 @ 07:34:24 - Row :33 - Processing item.
10-18-2021 @ 07:34:24 - Processing users.
10-18-2021 @ 07:34:24 - > &#8220;34&#8221;User imported successfully. ID:34
10-18-2021 @ 07:34:24 - > Finished importing user 34
10-18-2021 @ 07:34:24 - Row :33 - User imported successfully.
10-18-2021 @ 07:34:24 - Row :34 - Parsing item.
10-18-2021 @ 07:34:24 - Row :34 - Processing item.
10-18-2021 @ 07:34:24 - Processing users.
10-18-2021 @ 07:34:24 - > &#8220;35&#8221;User imported successfully. ID:35
10-18-2021 @ 07:34:24 - > Finished importing user 35
10-18-2021 @ 07:34:24 - Row :34 - User imported successfully.
10-18-2021 @ 07:34:24 - Row :35 - Parsing item.
10-18-2021 @ 07:34:24 - Row :35 - Processing item.
10-18-2021 @ 07:34:24 - Processing users.
10-18-2021 @ 07:34:24 - > &#8220;36&#8221;User imported successfully. ID:36
10-18-2021 @ 07:34:24 - > Finished importing user 36
10-18-2021 @ 07:34:24 - Row :35 - User imported successfully.
10-18-2021 @ 07:34:24 - Row :36 - Parsing item.
10-18-2021 @ 07:34:24 - Row :36 - Processing item.
10-18-2021 @ 07:34:24 - Processing users.
10-18-2021 @ 07:34:25 - > &#8220;37&#8221;User imported successfully. ID:37
10-18-2021 @ 07:34:25 - > Finished importing user 37
10-18-2021 @ 07:34:25 - Row :36 - User imported successfully.
10-18-2021 @ 07:34:25 - Row :37 - Parsing item.
10-18-2021 @ 07:34:25 - Row :37 - Processing item.
10-18-2021 @ 07:34:25 - Processing users.
10-18-2021 @ 07:34:25 - > &#8220;38&#8221;User imported successfully. ID:38
10-18-2021 @ 07:34:25 - > Finished importing user 38
10-18-2021 @ 07:34:25 - Row :37 - User imported successfully.
10-18-2021 @ 07:34:25 - Row :38 - Parsing item.
10-18-2021 @ 07:34:25 - Row :38 - Processing item.
10-18-2021 @ 07:34:25 - Processing users.
10-18-2021 @ 07:34:25 - > &#8220;39&#8221;User imported successfully. ID:39
10-18-2021 @ 07:34:25 - > Finished importing user 39
10-18-2021 @ 07:34:25 - Row :38 - User imported successfully.
10-18-2021 @ 07:34:25 - Row :39 - Parsing item.
10-18-2021 @ 07:34:25 - Row :39 - Processing item.
10-18-2021 @ 07:34:25 - Processing users.
10-18-2021 @ 07:34:25 - > &#8220;40&#8221;User imported successfully. ID:40
10-18-2021 @ 07:34:25 - > Finished importing user 40
10-18-2021 @ 07:34:25 - Row :39 - User imported successfully.
10-18-2021 @ 07:34:25 - Row :40 - Parsing item.
10-18-2021 @ 07:34:25 - Row :40 - Processing item.
10-18-2021 @ 07:34:25 - Processing users.
10-18-2021 @ 07:34:26 - > &#8220;41&#8221;User imported successfully. ID:41
10-18-2021 @ 07:34:26 - > Finished importing user 41
10-18-2021 @ 07:34:26 - Row :40 - User imported successfully.
10-18-2021 @ 07:34:26 - Preparing for import.
10-18-2021 @ 07:34:26 - Row :41 - Parsing item.
10-18-2021 @ 07:34:26 - Row :41 - Processing item.
10-18-2021 @ 07:34:26 - Processing users.
10-18-2021 @ 07:34:26 - > &#8220;42&#8221;User imported successfully. ID:42
10-18-2021 @ 07:34:26 - > Finished importing user 42
10-18-2021 @ 07:34:26 - Row :41 - User imported successfully.
10-18-2021 @ 07:34:26 - Row :42 - Parsing item.
10-18-2021 @ 07:34:26 - Row :42 - Processing item.
10-18-2021 @ 07:34:26 - Processing users.
10-18-2021 @ 07:34:27 - > &#8220;43&#8221;User imported successfully. ID:43
10-18-2021 @ 07:34:27 - > Finished importing user 43
10-18-2021 @ 07:34:27 - Row :42 - User imported successfully.
10-18-2021 @ 07:34:27 - Row :43 - Parsing item.
10-18-2021 @ 07:34:27 - Row :43 - Processing item.
10-18-2021 @ 07:34:27 - Processing users.
10-18-2021 @ 07:34:27 - > &#8220;44&#8221;User imported successfully. ID:44
10-18-2021 @ 07:34:27 - > Finished importing user 44
10-18-2021 @ 07:34:27 - Row :43 - User imported successfully.
10-18-2021 @ 07:34:27 - Row :44 - Parsing item.
10-18-2021 @ 07:34:27 - Row :44 - Processing item.
10-18-2021 @ 07:34:27 - Processing users.
10-18-2021 @ 07:34:27 - > &#8220;45&#8221;User imported successfully. ID:45
10-18-2021 @ 07:34:27 - > Finished importing user 45
10-18-2021 @ 07:34:27 - Row :44 - User imported successfully.
10-18-2021 @ 07:34:27 - Row :45 - Parsing item.
10-18-2021 @ 07:34:27 - Row :45 - Processing item.
10-18-2021 @ 07:34:27 - Processing users.
10-18-2021 @ 07:34:27 - > &#8220;46&#8221;User imported successfully. ID:46
10-18-2021 @ 07:34:27 - > Finished importing user 46
10-18-2021 @ 07:34:27 - Row :45 - User imported successfully.
10-18-2021 @ 07:34:27 - Row :46 - Parsing item.
10-18-2021 @ 07:34:27 - Row :46 - Processing item.
10-18-2021 @ 07:34:27 - Processing users.
10-18-2021 @ 07:34:28 - > &#8220;47&#8221;User imported successfully. ID:47
10-18-2021 @ 07:34:28 - > Finished importing user 47
10-18-2021 @ 07:34:28 - Row :46 - User imported successfully.
10-18-2021 @ 07:34:28 - Row :47 - Parsing item.
10-18-2021 @ 07:34:28 - Row :47 - Processing item.
10-18-2021 @ 07:34:28 - Processing users.
10-18-2021 @ 07:34:28 - > &#8220;48&#8221;User imported successfully. ID:48
10-18-2021 @ 07:34:28 - > Finished importing user 48
10-18-2021 @ 07:34:28 - Row :47 - User imported successfully.
10-18-2021 @ 07:34:28 - Row :48 - Parsing item.
10-18-2021 @ 07:34:28 - Row :48 - Processing item.
10-18-2021 @ 07:34:28 - Processing users.
10-18-2021 @ 07:34:28 - > &#8220;49&#8221;User imported successfully. ID:49
10-18-2021 @ 07:34:28 - > Finished importing user 49
10-18-2021 @ 07:34:28 - Row :48 - User imported successfully.
10-18-2021 @ 07:34:28 - Row :49 - Parsing item.
10-18-2021 @ 07:34:28 - Row :49 - Processing item.
10-18-2021 @ 07:34:28 - Processing users.
10-18-2021 @ 07:34:28 - > &#8220;50&#8221;User imported successfully. ID:50
10-18-2021 @ 07:34:28 - > Finished importing user 50
10-18-2021 @ 07:34:28 - Row :49 - User imported successfully.
10-18-2021 @ 07:34:28 - Row :50 - Parsing item.
10-18-2021 @ 07:34:28 - Row :50 - Processing item.
10-18-2021 @ 07:34:28 - Processing users.
10-18-2021 @ 07:34:29 - > &#8220;51&#8221;User imported successfully. ID:51
10-18-2021 @ 07:34:29 - > Finished importing user 51
10-18-2021 @ 07:34:29 - Row :50 - User imported successfully.
10-18-2021 @ 07:34:29 - Preparing for import.
10-18-2021 @ 07:34:29 - Row :51 - Parsing item.
10-18-2021 @ 07:34:29 - Row :51 - Processing item.
10-18-2021 @ 07:34:29 - Processing users.
10-18-2021 @ 07:34:30 - > &#8220;52&#8221;User imported successfully. ID:52
10-18-2021 @ 07:34:30 - > Finished importing user 52
10-18-2021 @ 07:34:30 - Row :51 - User imported successfully.
10-18-2021 @ 07:34:30 - Row :52 - Parsing item.
10-18-2021 @ 07:34:30 - Row :52 - Processing item.
10-18-2021 @ 07:34:30 - Processing users.
10-18-2021 @ 07:34:30 - > &#8220;53&#8221;User imported successfully. ID:53
10-18-2021 @ 07:34:30 - > Finished importing user 53
10-18-2021 @ 07:34:30 - Row :52 - User imported successfully.
10-18-2021 @ 07:34:30 - Row :53 - Parsing item.
10-18-2021 @ 07:34:30 - Row :53 - Processing item.
10-18-2021 @ 07:34:30 - Processing users.
10-18-2021 @ 07:34:30 - > &#8220;54&#8221;User imported successfully. ID:54
10-18-2021 @ 07:34:30 - > Finished importing user 54
10-18-2021 @ 07:34:30 - Row :53 - User imported successfully.
10-18-2021 @ 07:34:30 - Row :54 - Parsing item.
10-18-2021 @ 07:34:30 - Row :54 - Processing item.
10-18-2021 @ 07:34:30 - Processing users.
10-18-2021 @ 07:34:30 - > &#8220;55&#8221;User imported successfully. ID:55
10-18-2021 @ 07:34:30 - > Finished importing user 55
10-18-2021 @ 07:34:30 - Row :54 - User imported successfully.
10-18-2021 @ 07:34:30 - Row :55 - Parsing item.
10-18-2021 @ 07:34:30 - Row :55 - Processing item.
10-18-2021 @ 07:34:30 - Processing users.
10-18-2021 @ 07:34:31 - > &#8220;56&#8221;User imported successfully. ID:56
10-18-2021 @ 07:34:31 - > Finished importing user 56
10-18-2021 @ 07:34:31 - Row :55 - User imported successfully.
10-18-2021 @ 07:34:31 - Row :56 - Parsing item.
10-18-2021 @ 07:34:31 - Row :56 - Processing item.
10-18-2021 @ 07:34:31 - Processing users.
10-18-2021 @ 07:34:31 - > &#8220;57&#8221;User imported successfully. ID:57
10-18-2021 @ 07:34:31 - > Finished importing user 57
10-18-2021 @ 07:34:31 - Row :56 - User imported successfully.
10-18-2021 @ 07:34:31 - Row :57 - Parsing item.
10-18-2021 @ 07:34:31 - Row :57 - Processing item.
10-18-2021 @ 07:34:31 - Processing users.
10-18-2021 @ 07:34:31 - > &#8220;58&#8221;User imported successfully. ID:58
10-18-2021 @ 07:34:31 - > Finished importing user 58
10-18-2021 @ 07:34:31 - Row :57 - User imported successfully.
10-18-2021 @ 07:34:31 - Row :58 - Parsing item.
10-18-2021 @ 07:34:31 - Row :58 - Processing item.
10-18-2021 @ 07:34:31 - Processing users.
10-18-2021 @ 07:34:31 - > &#8220;59&#8221;User imported successfully. ID:59
10-18-2021 @ 07:34:31 - > Finished importing user 59
10-18-2021 @ 07:34:31 - Row :58 - User imported successfully.
10-18-2021 @ 07:34:31 - Row :59 - Parsing item.
10-18-2021 @ 07:34:31 - Row :59 - Processing item.
10-18-2021 @ 07:34:31 - Processing users.
10-18-2021 @ 07:34:31 - > &#8220;60&#8221;User imported successfully. ID:60
10-18-2021 @ 07:34:31 - > Finished importing user 60
10-18-2021 @ 07:34:31 - Row :59 - User imported successfully.
10-18-2021 @ 07:34:31 - Row :60 - Parsing item.
10-18-2021 @ 07:34:31 - Row :60 - Processing item.
10-18-2021 @ 07:34:31 - Processing users.
10-18-2021 @ 07:34:32 - > &#8220;61&#8221;User imported successfully. ID:61
10-18-2021 @ 07:34:32 - > Finished importing user 61
10-18-2021 @ 07:34:32 - Row :60 - User imported successfully.
10-18-2021 @ 07:34:32 - Preparing for import.
10-18-2021 @ 07:34:32 - Row :61 - Parsing item.
10-18-2021 @ 07:34:32 - Row :61 - Processing item.
10-18-2021 @ 07:34:32 - Processing users.
10-18-2021 @ 07:34:33 - > &#8220;62&#8221;User imported successfully. ID:62
10-18-2021 @ 07:34:33 - > Finished importing user 62
10-18-2021 @ 07:34:33 - Row :61 - User imported successfully.
10-18-2021 @ 07:34:33 - Row :62 - Parsing item.
10-18-2021 @ 07:34:33 - Row :62 - Processing item.
10-18-2021 @ 07:34:33 - Processing users.
10-18-2021 @ 07:34:33 - > &#8220;63&#8221;User imported successfully. ID:63
10-18-2021 @ 07:34:33 - > Finished importing user 63
10-18-2021 @ 07:34:33 - Row :62 - User imported successfully.
10-18-2021 @ 07:34:33 - Row :63 - Parsing item.
10-18-2021 @ 07:34:33 - Row :63 - Processing item.
10-18-2021 @ 07:34:33 - Processing users.
10-18-2021 @ 07:34:33 - > &#8220;64&#8221;User imported successfully. ID:64
10-18-2021 @ 07:34:33 - > Finished importing user 64
10-18-2021 @ 07:34:33 - Row :63 - User imported successfully.
10-18-2021 @ 07:34:33 - Row :64 - Parsing item.
10-18-2021 @ 07:34:33 - Row :64 - Processing item.
10-18-2021 @ 07:34:33 - Processing users.
10-18-2021 @ 07:34:33 - > &#8220;65&#8221;User imported successfully. ID:65
10-18-2021 @ 07:34:33 - > Finished importing user 65
10-18-2021 @ 07:34:33 - Row :64 - User imported successfully.
10-18-2021 @ 07:34:33 - Row :65 - Parsing item.
10-18-2021 @ 07:34:33 - Row :65 - Processing item.
10-18-2021 @ 07:34:33 - Processing users.
10-18-2021 @ 07:34:33 - > &#8220;66&#8221;User imported successfully. ID:66
10-18-2021 @ 07:34:33 - > Finished importing user 66
10-18-2021 @ 07:34:33 - Row :65 - User imported successfully.
10-18-2021 @ 07:34:33 - Row :66 - Parsing item.
10-18-2021 @ 07:34:33 - Row :66 - Processing item.
10-18-2021 @ 07:34:33 - Processing users.
10-18-2021 @ 07:34:34 - > &#8220;67&#8221;User imported successfully. ID:67
10-18-2021 @ 07:34:34 - > Finished importing user 67
10-18-2021 @ 07:34:34 - Row :66 - User imported successfully.
10-18-2021 @ 07:34:34 - Row :67 - Parsing item.
10-18-2021 @ 07:34:34 - Row :67 - Processing item.
10-18-2021 @ 07:34:34 - Processing users.
10-18-2021 @ 07:34:34 - > &#8220;68&#8221;User imported successfully. ID:68
10-18-2021 @ 07:34:34 - > Finished importing user 68
10-18-2021 @ 07:34:34 - Row :67 - User imported successfully.
10-18-2021 @ 07:34:34 - Row :68 - Parsing item.
10-18-2021 @ 07:34:34 - Row :68 - Processing item.
10-18-2021 @ 07:34:34 - Processing users.
10-18-2021 @ 07:34:34 - > &#8220;69&#8221;User imported successfully. ID:69
10-18-2021 @ 07:34:34 - > Finished importing user 69
10-18-2021 @ 07:34:34 - Row :68 - User imported successfully.
10-18-2021 @ 07:34:34 - Row :69 - Parsing item.
10-18-2021 @ 07:34:34 - Row :69 - Processing item.
10-18-2021 @ 07:34:34 - Processing users.
10-18-2021 @ 07:34:34 - > &#8220;70&#8221;User imported successfully. ID:70
10-18-2021 @ 07:34:34 - > Finished importing user 70
10-18-2021 @ 07:34:34 - Row :69 - User imported successfully.
10-18-2021 @ 07:34:34 - Row :70 - Parsing item.
10-18-2021 @ 07:34:34 - Row :70 - Processing item.
10-18-2021 @ 07:34:34 - Processing users.
10-18-2021 @ 07:34:35 - > &#8220;71&#8221;User imported successfully. ID:71
10-18-2021 @ 07:34:35 - > Finished importing user 71
10-18-2021 @ 07:34:35 - Row :70 - User imported successfully.
10-18-2021 @ 07:34:36 - Preparing for import.
10-18-2021 @ 07:34:36 - Row :71 - Parsing item.
10-18-2021 @ 07:34:36 - Row :71 - Processing item.
10-18-2021 @ 07:34:36 - Processing users.
10-18-2021 @ 07:34:36 - > &#8220;72&#8221;User imported successfully. ID:72
10-18-2021 @ 07:34:36 - > Finished importing user 72
10-18-2021 @ 07:34:36 - Row :71 - User imported successfully.
10-18-2021 @ 07:34:36 - Row :72 - Parsing item.
10-18-2021 @ 07:34:36 - Row :72 - Processing item.
10-18-2021 @ 07:34:36 - Processing users.
10-18-2021 @ 07:34:36 - > &#8220;73&#8221;User imported successfully. ID:73
10-18-2021 @ 07:34:36 - > Finished importing user 73
10-18-2021 @ 07:34:36 - Row :72 - User imported successfully.
10-18-2021 @ 07:34:36 - Row :73 - Parsing item.
10-18-2021 @ 07:34:36 - Row :73 - Processing item.
10-18-2021 @ 07:34:36 - Processing users.
10-18-2021 @ 07:34:36 - > &#8220;74&#8221;User imported successfully. ID:74
10-18-2021 @ 07:34:36 - > Finished importing user 74
10-18-2021 @ 07:34:36 - Row :73 - User imported successfully.
10-18-2021 @ 07:34:36 - Row :74 - Parsing item.
10-18-2021 @ 07:34:36 - Row :74 - Processing item.
10-18-2021 @ 07:34:36 - Processing users.
10-18-2021 @ 07:34:37 - > &#8220;75&#8221;User imported successfully. ID:75
10-18-2021 @ 07:34:37 - > Finished importing user 75
10-18-2021 @ 07:34:37 - Row :74 - User imported successfully.
10-18-2021 @ 07:34:37 - Row :75 - Parsing item.
10-18-2021 @ 07:34:37 - Row :75 - Processing item.
10-18-2021 @ 07:34:37 - Processing users.
10-18-2021 @ 07:34:37 - > &#8220;76&#8221;User imported successfully. ID:76
10-18-2021 @ 07:34:37 - > Finished importing user 76
10-18-2021 @ 07:34:37 - Row :75 - User imported successfully.
10-18-2021 @ 07:34:37 - Row :76 - Parsing item.
10-18-2021 @ 07:34:37 - Row :76 - Processing item.
10-18-2021 @ 07:34:37 - Processing users.
10-18-2021 @ 07:34:37 - > &#8220;77&#8221;User imported successfully. ID:77
10-18-2021 @ 07:34:37 - > Finished importing user 77
10-18-2021 @ 07:34:37 - Row :76 - User imported successfully.
10-18-2021 @ 07:34:37 - Row :77 - Parsing item.
10-18-2021 @ 07:34:37 - Row :77 - Processing item.
10-18-2021 @ 07:34:37 - Processing users.
10-18-2021 @ 07:34:37 - > &#8220;78&#8221;User imported successfully. ID:78
10-18-2021 @ 07:34:37 - > Finished importing user 78
10-18-2021 @ 07:34:37 - Row :77 - User imported successfully.
10-18-2021 @ 07:34:37 - Row :78 - Parsing item.
10-18-2021 @ 07:34:37 - Row :78 - Processing item.
10-18-2021 @ 07:34:37 - Processing users.
10-18-2021 @ 07:34:38 - > &#8220;79&#8221;User imported successfully. ID:79
10-18-2021 @ 07:34:38 - > Finished importing user 79
10-18-2021 @ 07:34:38 - Row :78 - User imported successfully.
10-18-2021 @ 07:34:38 - Row :79 - Parsing item.
10-18-2021 @ 07:34:38 - Row :79 - Processing item.
10-18-2021 @ 07:34:38 - Processing users.
10-18-2021 @ 07:34:38 - > &#8220;80&#8221;User imported successfully. ID:80
10-18-2021 @ 07:34:38 - > Finished importing user 80
10-18-2021 @ 07:34:38 - Row :79 - User imported successfully.
10-18-2021 @ 07:34:38 - Row :80 - Parsing item.
10-18-2021 @ 07:34:38 - Row :80 - Processing item.
10-18-2021 @ 07:34:38 - Processing users.
10-18-2021 @ 07:34:38 - > &#8220;81&#8221;User imported successfully. ID:81
10-18-2021 @ 07:34:38 - > Finished importing user 81
10-18-2021 @ 07:34:38 - Row :80 - User imported successfully.
10-18-2021 @ 07:34:39 - Preparing for import.
10-18-2021 @ 07:34:39 - Row :81 - Parsing item.
10-18-2021 @ 07:34:39 - Row :81 - Processing item.
10-18-2021 @ 07:34:39 - Processing users.
10-18-2021 @ 07:34:39 - > &#8220;82&#8221;User imported successfully. ID:82
10-18-2021 @ 07:34:39 - > Finished importing user 82
10-18-2021 @ 07:34:39 - Row :81 - User imported successfully.
10-18-2021 @ 07:34:39 - Row :82 - Parsing item.
10-18-2021 @ 07:34:39 - Row :82 - Processing item.
10-18-2021 @ 07:34:39 - Processing users.
10-18-2021 @ 07:34:39 - > &#8220;83&#8221;User imported successfully. ID:83
10-18-2021 @ 07:34:39 - > Finished importing user 83
10-18-2021 @ 07:34:39 - Row :82 - User imported successfully.
10-18-2021 @ 07:34:39 - Row :83 - Parsing item.
10-18-2021 @ 07:34:39 - Row :83 - Processing item.
10-18-2021 @ 07:34:39 - Processing users.
10-18-2021 @ 07:34:39 - > &#8220;84&#8221;User imported successfully. ID:84
10-18-2021 @ 07:34:39 - > Finished importing user 84
10-18-2021 @ 07:34:39 - Row :83 - User imported successfully.
10-18-2021 @ 07:34:39 - Row :84 - Parsing item.
10-18-2021 @ 07:34:39 - Row :84 - Processing item.
10-18-2021 @ 07:34:39 - Processing users.
10-18-2021 @ 07:34:39 - > &#8220;85&#8221;User imported successfully. ID:85
10-18-2021 @ 07:34:39 - > Finished importing user 85
10-18-2021 @ 07:34:39 - Row :84 - User imported successfully.
10-18-2021 @ 07:34:39 - Row :85 - Parsing item.
10-18-2021 @ 07:34:39 - Row :85 - Processing item.
10-18-2021 @ 07:34:39 - Processing users.
10-18-2021 @ 07:34:40 - > &#8220;86&#8221;User imported successfully. ID:86
10-18-2021 @ 07:34:40 - > Finished importing user 86
10-18-2021 @ 07:34:40 - Row :85 - User imported successfully.
10-18-2021 @ 07:34:40 - Row :86 - Parsing item.
10-18-2021 @ 07:34:40 - Row :86 - Processing item.
10-18-2021 @ 07:34:40 - Processing users.
10-18-2021 @ 07:34:40 - > &#8220;87&#8221;User imported successfully. ID:87
10-18-2021 @ 07:34:40 - > Finished importing user 87
10-18-2021 @ 07:34:40 - Row :86 - User imported successfully.
10-18-2021 @ 07:34:40 - Row :87 - Parsing item.
10-18-2021 @ 07:34:40 - Row :87 - Processing item.
10-18-2021 @ 07:34:40 - Processing users.
10-18-2021 @ 07:34:40 - > &#8220;88&#8221;User imported successfully. ID:88
10-18-2021 @ 07:34:40 - > Finished importing user 88
10-18-2021 @ 07:34:40 - Row :87 - User imported successfully.
10-18-2021 @ 07:34:40 - Row :88 - Parsing item.
10-18-2021 @ 07:34:40 - Row :88 - Processing item.
10-18-2021 @ 07:34:40 - Processing users.
10-18-2021 @ 07:34:41 - > &#8220;89&#8221;User imported successfully. ID:89
10-18-2021 @ 07:34:41 - > Finished importing user 89
10-18-2021 @ 07:34:41 - Row :88 - User imported successfully.
10-18-2021 @ 07:34:41 - Row :89 - Parsing item.
10-18-2021 @ 07:34:41 - Row :89 - Processing item.
10-18-2021 @ 07:34:41 - Processing users.
10-18-2021 @ 07:34:41 - > &#8220;90&#8221;User imported successfully. ID:90
10-18-2021 @ 07:34:41 - > Finished importing user 90
10-18-2021 @ 07:34:41 - Row :89 - User imported successfully.
10-18-2021 @ 07:34:41 - Row :90 - Parsing item.
10-18-2021 @ 07:34:41 - Row :90 - Processing item.
10-18-2021 @ 07:34:41 - Processing users.
10-18-2021 @ 07:34:41 - > &#8220;91&#8221;User imported successfully. ID:91
10-18-2021 @ 07:34:41 - > Finished importing user 91
10-18-2021 @ 07:34:41 - Row :90 - User imported successfully.
10-18-2021 @ 07:34:41 - ---[ Import ended at 2021-10-18 07:34:41]---
