10-18-2021 @ 07:37:04 - ---[ New import started at 2021-10-18 07:37:04 ] PHP Memory: 256 MB, WP Memory: 40 MB
10-18-2021 @ 07:37:04 - Preparing for import.
10-18-2021 @ 07:37:04 - Row :1 - Parsing item.
10-18-2021 @ 07:37:04 - Row :1 - Parsing failed. Reason: Skipped. Unknown order status (delivered).
10-18-2021 @ 07:37:04 - Row :2 - Parsing item.
10-18-2021 @ 07:37:04 - Row :2 - Parsing failed. Reason: Skipped. Unknown order status (delivered).
10-18-2021 @ 07:37:04 - Row :3 - Parsing item.
10-18-2021 @ 07:37:04 - Row :3 - Parsing failed. Reason: Skipped. Unknown order status (delivered).
10-18-2021 @ 07:37:04 - Row :4 - Parsing item.
10-18-2021 @ 07:37:04 - Row :4 - Parsing failed. Reason: Skipped. Unknown order status (delivered).
10-18-2021 @ 07:37:04 - Row :5 - Parsing item.
10-18-2021 @ 07:37:04 - Row :5 - Parsing failed. Reason: Skipped. Unknown order status (delivered).
10-18-2021 @ 07:37:04 - Row :6 - Parsing item.
10-18-2021 @ 07:37:04 - Row :6 - Parsing failed. Reason: Skipped. Unknown order status (delivered).
10-18-2021 @ 07:37:04 - Row :7 - Parsing item.
10-18-2021 @ 07:37:04 - Row :7 - Parsing failed. Reason: Skipped. Unknown order status (delivered).
10-18-2021 @ 07:37:04 - Row :8 - Parsing item.
10-18-2021 @ 07:37:04 - Row :8 - Parsing failed. Reason: Skipped. Unknown order status (delivered).
10-18-2021 @ 07:37:04 - Row :9 - Parsing item.
10-18-2021 @ 07:37:04 - Row :9 - Parsing failed. Reason: Skipped. Unknown order status (delivered).
10-18-2021 @ 07:37:04 - Row :10 - Parsing item.
10-18-2021 @ 07:37:04 - Row :10 - Parsing failed. Reason: Skipped. Unknown order status (delivered).
10-18-2021 @ 07:37:04 - Preparing for import.
10-18-2021 @ 07:37:04 - Row :11 - Parsing item.
10-18-2021 @ 07:37:04 - Row :11 - Parsing failed. Reason: Skipped. Unknown order status (delivered).
10-18-2021 @ 07:37:04 - Row :12 - Parsing item.
10-18-2021 @ 07:37:04 - Row :12 - Parsing failed. Reason: Skipped. Unknown order status (delivered).
10-18-2021 @ 07:37:04 - Row :13 - Parsing item.
10-18-2021 @ 07:37:04 - Row :13 - Parsing failed. Reason: Skipped. Unknown order status (delivered).
10-18-2021 @ 07:37:04 - Row :14 - Parsing item.
10-18-2021 @ 07:37:04 - Row :14 - Parsing failed. Reason: Skipped. Unknown order status (delivered).
10-18-2021 @ 07:37:04 - Row :15 - Parsing item.
10-18-2021 @ 07:37:04 - Row :15 - Parsing failed. Reason: Skipped. Unknown order status (delivered).
10-18-2021 @ 07:37:04 - Row :16 - Parsing item.
10-18-2021 @ 07:37:04 - Row :16 - Parsing failed. Reason: Skipped. Unknown order status (delivered).
10-18-2021 @ 07:37:04 - Row :17 - Parsing item.
10-18-2021 @ 07:37:04 - Row :17 - Parsing failed. Reason: Skipped. Unknown order status (delivered).
10-18-2021 @ 07:37:04 - Row :18 - Parsing item.
10-18-2021 @ 07:37:04 - Row :18 - Parsing failed. Reason: Skipped. Unknown order status (delivered).
10-18-2021 @ 07:37:04 - Row :19 - Parsing item.
10-18-2021 @ 07:37:04 - Importing as new order ID:3035
10-18-2021 @ 07:37:04 - Row :19 - Processing item.
10-18-2021 @ 07:37:05 - Found order object. ID:3035
10-18-2021 @ 07:37:06 - Row :19 - Order imported successfully.
10-18-2021 @ 07:37:06 - Row :20 - Parsing item.
10-18-2021 @ 07:37:06 - Row :20 - Parsing failed. Reason: Skipped. Unknown order status (delivered).
10-18-2021 @ 07:37:06 - Preparing for import.
10-18-2021 @ 07:37:06 - Row :21 - Parsing item.
10-18-2021 @ 07:37:06 - Row :21 - Parsing failed. Reason: Skipped. Unknown order status (delivered).
10-18-2021 @ 07:37:06 - Row :22 - Parsing item.
10-18-2021 @ 07:37:06 - Row :22 - Parsing failed. Reason: Skipped. Unknown order status (delivered).
10-18-2021 @ 07:37:06 - Row :23 - Parsing item.
10-18-2021 @ 07:37:06 - Row :23 - Parsing failed. Reason: Skipped. Unknown order status (delivered).
10-18-2021 @ 07:37:06 - Row :24 - Parsing item.
10-18-2021 @ 07:37:06 - Row :24 - Parsing failed. Reason: Skipped. Unknown order status (delivered).
10-18-2021 @ 07:37:06 - Row :25 - Parsing item.
10-18-2021 @ 07:37:06 - Row :25 - Parsing failed. Reason: Skipped. Unknown order status (delivered).
10-18-2021 @ 07:37:06 - Row :26 - Parsing item.
10-18-2021 @ 07:37:06 - Row :26 - Parsing failed. Reason: Skipped. Unknown order status (delivered).
10-18-2021 @ 07:37:06 - Row :27 - Parsing item.
10-18-2021 @ 07:37:06 - Row :27 - Parsing failed. Reason: Skipped. Unknown order status (delivered).
10-18-2021 @ 07:37:06 - Row :28 - Parsing item.
10-18-2021 @ 07:37:06 - Importing as new order ID:3479
10-18-2021 @ 07:37:06 - Row :28 - Processing item.
10-18-2021 @ 07:37:07 - Found order object. ID:3479
10-18-2021 @ 07:37:07 - Row :28 - Order imported successfully.
10-18-2021 @ 07:37:07 - Row :29 - Parsing item.
10-18-2021 @ 07:37:07 - Row :29 - Parsing failed. Reason: Skipped. Unknown order status (delivered).
10-18-2021 @ 07:37:07 - Row :30 - Parsing item.
10-18-2021 @ 07:37:07 - Row :30 - Parsing failed. Reason: Skipped. Unknown order status (delivered).
10-18-2021 @ 07:37:08 - Preparing for import.
10-18-2021 @ 07:37:08 - Row :31 - Parsing item.
10-18-2021 @ 07:37:08 - Row :31 - Parsing failed. Reason: Skipped. Unknown order status (delivered).
10-18-2021 @ 07:37:08 - Row :32 - Parsing item.
10-18-2021 @ 07:37:08 - Row :32 - Parsing failed. Reason: Skipped. Unknown order status (delivered).
10-18-2021 @ 07:37:08 - Row :33 - Parsing item.
10-18-2021 @ 07:37:08 - Importing as new order ID:3566
10-18-2021 @ 07:37:08 - Row :33 - Processing item.
10-18-2021 @ 07:37:08 - Found order object. ID:3566
10-18-2021 @ 07:37:08 - Row :33 - Order imported successfully.
10-18-2021 @ 07:37:08 - Row :34 - Parsing item.
10-18-2021 @ 07:37:08 - Importing as new order ID:3720
10-18-2021 @ 07:37:08 - Row :34 - Processing item.
10-18-2021 @ 07:37:09 - Found order object. ID:3720
10-18-2021 @ 07:37:09 - Row :34 - Order imported successfully.
10-18-2021 @ 07:37:09 - Row :35 - Parsing item.
10-18-2021 @ 07:37:09 - Importing as new order ID:3722
10-18-2021 @ 07:37:09 - Row :35 - Processing item.
10-18-2021 @ 07:37:10 - Found order object. ID:3722
10-18-2021 @ 07:37:10 - Row :35 - Order imported successfully.
10-18-2021 @ 07:37:10 - Row :36 - Parsing item.
10-18-2021 @ 07:37:10 - Importing as new order ID:3724
10-18-2021 @ 07:37:10 - Row :36 - Processing item.
10-18-2021 @ 07:37:10 - Found order object. ID:3724
10-18-2021 @ 07:37:11 - Row :36 - Order imported successfully.
10-18-2021 @ 07:37:11 - Row :37 - Parsing item.
10-18-2021 @ 07:37:11 - Importing as new order ID:3761
10-18-2021 @ 07:37:11 - Row :37 - Processing item.
10-18-2021 @ 07:37:11 - Found order object. ID:3761
10-18-2021 @ 07:37:12 - Row :37 - Order imported successfully.
10-18-2021 @ 07:37:12 - Row :38 - Parsing item.
10-18-2021 @ 07:37:12 - Importing as new order ID:3999
10-18-2021 @ 07:37:12 - Row :38 - Processing item.
10-18-2021 @ 07:37:12 - Found order object. ID:3999
10-18-2021 @ 07:37:13 - Row :38 - Order imported successfully.
10-18-2021 @ 07:37:13 - Row :39 - Parsing item.
10-18-2021 @ 07:37:13 - Row :39 - Parsing failed. Reason: Skipped. Unknown order status (awaiting-shipment).
10-18-2021 @ 07:37:13 - Row :40 - Parsing item.
10-18-2021 @ 07:37:13 - Row :40 - Parsing failed. Reason: Skipped. Unknown order status (awaiting-shipment).
10-18-2021 @ 07:37:14 - Preparing for import.
10-18-2021 @ 07:37:14 - Row :41 - Parsing item.
10-18-2021 @ 07:37:14 - Row :41 - Parsing failed. Reason: Skipped. Unknown order status (awaiting-shipment).
10-18-2021 @ 07:37:14 - Row :42 - Parsing item.
10-18-2021 @ 07:37:14 - Row :42 - Parsing failed. Reason: Skipped. Unknown order status (awaiting-shipment).
10-18-2021 @ 07:37:14 - Row :43 - Parsing item.
10-18-2021 @ 07:37:14 - Importing as new order ID:4103
10-18-2021 @ 07:37:14 - Row :43 - Processing item.
10-18-2021 @ 07:37:14 - Found order object. ID:4103
10-18-2021 @ 07:37:15 - Row :43 - Order imported successfully.
10-18-2021 @ 07:37:15 - Row :44 - Parsing item.
10-18-2021 @ 07:37:15 - Importing as new order ID:4104
10-18-2021 @ 07:37:15 - Row :44 - Processing item.
10-18-2021 @ 07:37:15 - Found order object. ID:4104
10-18-2021 @ 07:37:16 - Row :44 - Order imported successfully.
10-18-2021 @ 07:37:16 - Row :45 - Parsing item.
10-18-2021 @ 07:37:16 - Importing as new order ID:4105
10-18-2021 @ 07:37:16 - Row :45 - Processing item.
10-18-2021 @ 07:37:16 - Found order object. ID:4105
10-18-2021 @ 07:37:17 - Row :45 - Order imported successfully.
10-18-2021 @ 07:37:17 - Row :46 - Parsing item.
10-18-2021 @ 07:37:17 - Row :46 - Parsing failed. Reason: Skipped. Unknown order status (awaiting-shipment).
10-18-2021 @ 07:37:17 - Row :47 - Parsing item.
10-18-2021 @ 07:37:17 - Importing as new order ID:4108
10-18-2021 @ 07:37:17 - Row :47 - Processing item.
10-18-2021 @ 07:37:17 - Found order object. ID:4108
10-18-2021 @ 07:37:18 - Row :47 - Order imported successfully.
10-18-2021 @ 07:37:18 - Row :48 - Parsing item.
10-18-2021 @ 07:37:18 - Row :48 - Parsing failed. Reason: Skipped. Unknown order status (awaiting-shipment).
10-18-2021 @ 07:37:18 - Row :49 - Parsing item.
10-18-2021 @ 07:37:18 - Row :49 - Parsing failed. Reason: Skipped. Unknown order status (awaiting-shipment).
10-18-2021 @ 07:37:18 - Row :50 - Parsing item.
10-18-2021 @ 07:37:18 - Importing as new order ID:4111
10-18-2021 @ 07:37:18 - Row :50 - Processing item.
10-18-2021 @ 07:37:18 - Found order object. ID:4111
10-18-2021 @ 07:37:19 - Row :50 - Order imported successfully.
10-18-2021 @ 07:37:19 - Preparing for import.
10-18-2021 @ 07:37:19 - Row :51 - Parsing item.
10-18-2021 @ 07:37:20 - Importing as new order ID:4112
10-18-2021 @ 07:37:20 - Row :51 - Processing item.
10-18-2021 @ 07:37:20 - Found order object. ID:4112
10-18-2021 @ 07:37:20 - Row :51 - Order imported successfully.
10-18-2021 @ 07:37:20 - Row :52 - Parsing item.
10-18-2021 @ 07:37:20 - Row :52 - Parsing failed. Reason: Skipped. Unknown order status (awaiting-shipment).
10-18-2021 @ 07:37:20 - Row :53 - Parsing item.
10-18-2021 @ 07:37:20 - Importing as new order ID:4117
10-18-2021 @ 07:37:20 - Row :53 - Processing item.
10-18-2021 @ 07:37:21 - Found order object. ID:4117
10-18-2021 @ 07:37:21 - Row :53 - Order imported successfully.
10-18-2021 @ 07:37:21 - Row :54 - Parsing item.
10-18-2021 @ 07:37:21 - Importing as new order ID:4118
10-18-2021 @ 07:37:21 - Row :54 - Processing item.
10-18-2021 @ 07:37:22 - Found order object. ID:4118
10-18-2021 @ 07:37:22 - Row :54 - Order imported successfully.
10-18-2021 @ 07:37:22 - Row :55 - Parsing item.
10-18-2021 @ 07:37:22 - Importing as new order ID:4119
10-18-2021 @ 07:37:22 - Row :55 - Processing item.
10-18-2021 @ 07:37:22 - Found order object. ID:4119
10-18-2021 @ 07:37:23 - Row :55 - Order imported successfully.
10-18-2021 @ 07:37:23 - Row :56 - Parsing item.
10-18-2021 @ 07:37:23 - Importing as new order ID:4120
10-18-2021 @ 07:37:23 - Row :56 - Processing item.
10-18-2021 @ 07:37:23 - Found order object. ID:4120
10-18-2021 @ 07:37:24 - Row :56 - Order imported successfully.
10-18-2021 @ 07:37:24 - Row :57 - Parsing item.
10-18-2021 @ 07:37:24 - Importing as new order ID:4129
10-18-2021 @ 07:37:24 - Row :57 - Processing item.
10-18-2021 @ 07:37:24 - Found order object. ID:4129
10-18-2021 @ 07:37:25 - Row :57 - Order imported successfully.
10-18-2021 @ 07:37:25 - Row :58 - Parsing item.
10-18-2021 @ 07:37:25 - Importing as new order ID:4130
10-18-2021 @ 07:37:25 - Row :58 - Processing item.
10-18-2021 @ 07:37:26 - Found order object. ID:4130
10-18-2021 @ 07:37:26 - Row :58 - Order imported successfully.
10-18-2021 @ 07:37:26 - Row :59 - Parsing item.
10-18-2021 @ 07:37:27 - Importing as new order ID:4131
10-18-2021 @ 07:37:27 - Row :59 - Processing item.
10-18-2021 @ 07:37:27 - Found order object. ID:4131
10-18-2021 @ 07:37:28 - Row :59 - Order imported successfully.
10-18-2021 @ 07:37:28 - Row :60 - Parsing item.
10-18-2021 @ 07:37:28 - Importing as new order ID:4132
10-18-2021 @ 07:37:28 - Row :60 - Processing item.
10-18-2021 @ 07:37:28 - Found order object. ID:4132
10-18-2021 @ 07:37:29 - Row :60 - Order imported successfully.
10-18-2021 @ 07:37:30 - Preparing for import.
10-18-2021 @ 07:37:30 - Row :61 - Parsing item.
10-18-2021 @ 07:37:30 - Importing as new order ID:4133
10-18-2021 @ 07:37:30 - Row :61 - Processing item.
10-18-2021 @ 07:37:30 - Found order object. ID:4133
10-18-2021 @ 07:37:31 - Row :61 - Order imported successfully.
10-18-2021 @ 07:37:31 - Row :62 - Parsing item.
10-18-2021 @ 07:37:31 - Importing as new order ID:4134
10-18-2021 @ 07:37:31 - Row :62 - Processing item.
10-18-2021 @ 07:37:31 - Found order object. ID:4134
10-18-2021 @ 07:37:32 - Row :62 - Order imported successfully.
10-18-2021 @ 07:37:32 - Row :63 - Parsing item.
10-18-2021 @ 07:37:32 - Importing as new order ID:4135
10-18-2021 @ 07:37:32 - Row :63 - Processing item.
10-18-2021 @ 07:37:33 - Found order object. ID:4135
10-18-2021 @ 07:37:33 - Row :63 - Order imported successfully.
10-18-2021 @ 07:37:33 - Row :64 - Parsing item.
10-18-2021 @ 07:37:33 - Importing as new order ID:4137
10-18-2021 @ 07:37:33 - Row :64 - Processing item.
10-18-2021 @ 07:37:34 - Found order object. ID:4137
10-18-2021 @ 07:37:35 - Row :64 - Order imported successfully.
10-18-2021 @ 07:37:35 - Row :65 - Parsing item.
10-18-2021 @ 07:37:35 - Importing as new order ID:4138
10-18-2021 @ 07:37:35 - Row :65 - Processing item.
10-18-2021 @ 07:37:35 - Found order object. ID:4138
10-18-2021 @ 07:37:36 - Row :65 - Order imported successfully.
10-18-2021 @ 07:37:36 - Row :66 - Parsing item.
10-18-2021 @ 07:37:36 - Importing as new order ID:4139
10-18-2021 @ 07:37:36 - Row :66 - Processing item.
10-18-2021 @ 07:37:36 - Found order object. ID:4139
10-18-2021 @ 07:37:36 - Row :66 - Order imported successfully.
10-18-2021 @ 07:37:36 - Row :67 - Parsing item.
10-18-2021 @ 07:37:36 - Importing as new order ID:4140
10-18-2021 @ 07:37:36 - Row :67 - Processing item.
10-18-2021 @ 07:37:37 - Found order object. ID:4140
10-18-2021 @ 07:37:38 - Row :67 - Order imported successfully.
10-18-2021 @ 07:37:38 - Row :68 - Parsing item.
10-18-2021 @ 07:37:38 - Importing as new order ID:4141
10-18-2021 @ 07:37:38 - Row :68 - Processing item.
10-18-2021 @ 07:37:38 - Found order object. ID:4141
10-18-2021 @ 07:37:39 - Row :68 - Order imported successfully.
10-18-2021 @ 07:37:39 - Row :69 - Parsing item.
10-18-2021 @ 07:37:39 - Importing as new order ID:4142
10-18-2021 @ 07:37:39 - Row :69 - Processing item.
10-18-2021 @ 07:37:40 - Found order object. ID:4142
10-18-2021 @ 07:37:40 - Row :69 - Order imported successfully.
10-18-2021 @ 07:37:40 - Row :70 - Parsing item.
10-18-2021 @ 07:37:40 - Importing as new order ID:4145
10-18-2021 @ 07:37:40 - Row :70 - Processing item.
10-18-2021 @ 07:37:41 - Found order object. ID:4145
10-18-2021 @ 07:37:41 - Row :70 - Order imported successfully.
10-18-2021 @ 07:37:43 - Preparing for import.
10-18-2021 @ 07:37:43 - Row :71 - Parsing item.
10-18-2021 @ 07:37:43 - Importing as new order ID:4147
10-18-2021 @ 07:37:43 - Row :71 - Processing item.
10-18-2021 @ 07:37:44 - Found order object. ID:4147
10-18-2021 @ 07:37:44 - Row :71 - Order imported successfully.
10-18-2021 @ 07:37:44 - Row :72 - Parsing item.
10-18-2021 @ 07:37:44 - Importing as new order ID:4149
10-18-2021 @ 07:37:44 - Row :72 - Processing item.
10-18-2021 @ 07:37:45 - Found order object. ID:4149
10-18-2021 @ 07:37:46 - Row :72 - Order imported successfully.
10-18-2021 @ 07:37:46 - Row :73 - Parsing item.
10-18-2021 @ 07:37:46 - Importing as new order ID:4161
10-18-2021 @ 07:37:46 - Row :73 - Processing item.
10-18-2021 @ 07:37:46 - Found order object. ID:4161
10-18-2021 @ 07:37:47 - Row :73 - Order imported successfully.
10-18-2021 @ 07:37:47 - Row :74 - Parsing item.
10-18-2021 @ 07:37:47 - Importing as new order ID:4165
10-18-2021 @ 07:37:47 - Row :74 - Processing item.
10-18-2021 @ 07:37:48 - Found order object. ID:4165
10-18-2021 @ 07:37:49 - Row :74 - Order imported successfully.
10-18-2021 @ 07:37:49 - Row :75 - Parsing item.
10-18-2021 @ 07:37:49 - Importing as new order ID:4195
10-18-2021 @ 07:37:49 - Row :75 - Processing item.
10-18-2021 @ 07:37:49 - Found order object. ID:4195
10-18-2021 @ 07:37:49 - Row :75 - Order imported successfully.
10-18-2021 @ 07:37:49 - Row :76 - Parsing item.
10-18-2021 @ 07:37:49 - Row :76 - Parsing failed. Reason: Skipped. Unknown order status (updated-tracking).
10-18-2021 @ 07:37:49 - Row :77 - Parsing item.
10-18-2021 @ 07:37:49 - Row :77 - Parsing failed. Reason: Skipped. Unknown order status (updated-tracking).
10-18-2021 @ 07:37:49 - Row :78 - Parsing item.
10-18-2021 @ 07:37:49 - Row :78 - Parsing failed. Reason: Skipped. Unknown order status (updated-tracking).
10-18-2021 @ 07:37:49 - Row :79 - Parsing item.
10-18-2021 @ 07:37:49 - Row :79 - Parsing failed. Reason: Skipped. Unknown order status (updated-tracking).
10-18-2021 @ 07:37:49 - Row :80 - Parsing item.
10-18-2021 @ 07:37:49 - Row :80 - Parsing failed. Reason: Skipped. Unknown order status (updated-tracking).
10-18-2021 @ 07:37:51 - Preparing for import.
10-18-2021 @ 07:37:51 - Row :81 - Parsing item.
10-18-2021 @ 07:37:51 - Row :81 - Parsing failed. Reason: Skipped. Unknown order status (updated-tracking).
10-18-2021 @ 07:37:51 - Row :82 - Parsing item.
10-18-2021 @ 07:37:51 - Row :82 - Parsing failed. Reason: Skipped. Unknown order status (updated-tracking).
10-18-2021 @ 07:37:51 - Row :83 - Parsing item.
10-18-2021 @ 07:37:51 - Row :83 - Parsing failed. Reason: Skipped. Unknown order status (updated-tracking).
10-18-2021 @ 07:37:51 - Row :84 - Parsing item.
10-18-2021 @ 07:37:51 - Row :84 - Parsing failed. Reason: Skipped. Unknown order status (updated-tracking).
10-18-2021 @ 07:37:51 - Row :85 - Parsing item.
10-18-2021 @ 07:37:51 - Row :85 - Parsing failed. Reason: Skipped. Unknown order status (updated-tracking).
10-18-2021 @ 07:37:51 - Row :86 - Parsing item.
10-18-2021 @ 07:37:51 - Row :86 - Parsing failed. Reason: Skipped. Unknown order status (updated-tracking).
10-18-2021 @ 07:37:51 - Row :87 - Parsing item.
10-18-2021 @ 07:37:51 - Row :87 - Parsing failed. Reason: Skipped. Unknown order status (updated-tracking).
10-18-2021 @ 07:37:51 - Row :88 - Parsing item.
10-18-2021 @ 07:37:51 - Importing as new order ID:4226
10-18-2021 @ 07:37:51 - Row :88 - Processing item.
10-18-2021 @ 07:37:51 - Found order object. ID:4226
10-18-2021 @ 07:37:52 - Row :88 - Order imported successfully.
10-18-2021 @ 07:37:52 - Row :89 - Parsing item.
10-18-2021 @ 07:37:52 - Row :89 - Parsing failed. Reason: Skipped. Unknown order status (updated-tracking).
10-18-2021 @ 07:37:52 - Row :90 - Parsing item.
10-18-2021 @ 07:37:52 - Row :90 - Parsing failed. Reason: Skipped. Unknown order status (updated-tracking).
10-18-2021 @ 07:38:00 - Preparing for import.
10-18-2021 @ 07:38:00 - Row :91 - Parsing item.
10-18-2021 @ 07:38:00 - Row :91 - Parsing failed. Reason: Skipped. Unknown order status (updated-tracking).
10-18-2021 @ 07:38:00 - Row :92 - Parsing item.
10-18-2021 @ 07:38:00 - Importing as new order ID:4230
10-18-2021 @ 07:38:00 - Row :92 - Processing item.
10-18-2021 @ 07:38:00 - Found order object. ID:4230
10-18-2021 @ 07:38:00 - Row :92 - Order imported successfully.
10-18-2021 @ 07:38:00 - Row :93 - Parsing item.
10-18-2021 @ 07:38:00 - Row :93 - Parsing failed. Reason: Skipped. Unknown order status (updated-tracking).
10-18-2021 @ 07:38:00 - Row :94 - Parsing item.
10-18-2021 @ 07:38:00 - Row :94 - Parsing failed. Reason: Skipped. Unknown order status (updated-tracking).
10-18-2021 @ 07:38:00 - Row :95 - Parsing item.
10-18-2021 @ 07:38:00 - Row :95 - Parsing failed. Reason: Skipped. Unknown order status (updated-tracking).
10-18-2021 @ 07:38:00 - Row :96 - Parsing item.
10-18-2021 @ 07:38:00 - Row :96 - Parsing failed. Reason: Skipped. Unknown order status (updated-tracking).
10-18-2021 @ 07:38:00 - Row :97 - Parsing item.
10-18-2021 @ 07:38:00 - Row :97 - Parsing failed. Reason: Skipped. Unknown order status (updated-tracking).
10-18-2021 @ 07:38:00 - Row :98 - Parsing item.
10-18-2021 @ 07:38:00 - Row :98 - Parsing failed. Reason: Skipped. Unknown order status (updated-tracking).
10-18-2021 @ 07:38:00 - Row :99 - Parsing item.
10-18-2021 @ 07:38:00 - Row :99 - Parsing failed. Reason: Skipped. Unknown order status (updated-tracking).
10-18-2021 @ 07:38:00 - Row :100 - Parsing item.
10-18-2021 @ 07:38:00 - Row :100 - Parsing failed. Reason: Skipped. Unknown order status (updated-tracking).
10-18-2021 @ 07:38:01 - Preparing for import.
10-18-2021 @ 07:38:01 - Row :101 - Parsing item.
10-18-2021 @ 07:38:01 - Row :101 - Parsing failed. Reason: Skipped. Unknown order status (updated-tracking).
10-18-2021 @ 07:38:01 - Row :102 - Parsing item.
10-18-2021 @ 07:38:01 - Row :102 - Parsing failed. Reason: Skipped. Unknown order status (updated-tracking).
10-18-2021 @ 07:38:01 - Row :103 - Parsing item.
10-18-2021 @ 07:38:01 - Importing as new order ID:4562
10-18-2021 @ 07:38:01 - Row :103 - Processing item.
10-18-2021 @ 07:38:01 - Found order object. ID:4562
10-18-2021 @ 07:38:02 - Row :103 - Order imported successfully.
10-18-2021 @ 07:38:02 - Row :104 - Parsing item.
10-18-2021 @ 07:38:02 - Row :104 - Parsing failed. Reason: Skipped. Unknown order status (updated-tracking).
10-18-2021 @ 07:38:02 - Row :105 - Parsing item.
10-18-2021 @ 07:38:02 - Row :105 - Parsing failed. Reason: Skipped. Unknown order status (updated-tracking).
10-18-2021 @ 07:38:02 - Row :106 - Parsing item.
10-18-2021 @ 07:38:02 - Row :106 - Parsing failed. Reason: Skipped. Unknown order status (updated-tracking).
10-18-2021 @ 07:38:02 - Row :107 - Parsing item.
10-18-2021 @ 07:38:02 - Row :107 - Parsing failed. Reason: Skipped. Unknown order status (updated-tracking).
10-18-2021 @ 07:38:02 - Row :108 - Parsing item.
10-18-2021 @ 07:38:02 - Row :108 - Parsing failed. Reason: Skipped. Unknown order status (updated-tracking).
10-18-2021 @ 07:38:02 - Row :109 - Parsing item.
10-18-2021 @ 07:38:02 - Row :109 - Parsing failed. Reason: Skipped. Unknown order status (updated-tracking).
10-18-2021 @ 07:38:02 - Row :110 - Parsing item.
10-18-2021 @ 07:38:02 - Importing as new order ID:4591
10-18-2021 @ 07:38:02 - Row :110 - Processing item.
10-18-2021 @ 07:38:03 - Found order object. ID:4591
10-18-2021 @ 07:38:03 - Row :110 - Order imported successfully.
10-18-2021 @ 07:38:05 - Preparing for import.
10-18-2021 @ 07:38:05 - Row :111 - Parsing item.
10-18-2021 @ 07:38:05 - Row :111 - Parsing failed. Reason: Skipped. Unknown order status (updated-tracking).
10-18-2021 @ 07:38:05 - Row :112 - Parsing item.
10-18-2021 @ 07:38:05 - Row :112 - Parsing failed. Reason: Skipped. Unknown order status (updated-tracking).
10-18-2021 @ 07:38:05 - Row :113 - Parsing item.
10-18-2021 @ 07:38:05 - Row :113 - Parsing failed. Reason: Skipped. Unknown order status (updated-tracking).
10-18-2021 @ 07:38:05 - Row :114 - Parsing item.
10-18-2021 @ 07:38:05 - Row :114 - Parsing failed. Reason: Skipped. Unknown order status (updated-tracking).
10-18-2021 @ 07:38:05 - Row :115 - Parsing item.
10-18-2021 @ 07:38:05 - Row :115 - Parsing failed. Reason: Skipped. Unknown order status (updated-tracking).
10-18-2021 @ 07:38:05 - Row :116 - Parsing item.
10-18-2021 @ 07:38:05 - Row :116 - Parsing failed. Reason: Skipped. Unknown order status (updated-tracking).
10-18-2021 @ 07:38:05 - Row :117 - Parsing item.
10-18-2021 @ 07:38:05 - Row :117 - Parsing failed. Reason: Skipped. Unknown order status (updated-tracking).
10-18-2021 @ 07:38:05 - Row :118 - Parsing item.
10-18-2021 @ 07:38:05 - Row :118 - Parsing failed. Reason: Skipped. Unknown order status (updated-tracking).
10-18-2021 @ 07:38:05 - Row :119 - Parsing item.
10-18-2021 @ 07:38:05 - Row :119 - Parsing failed. Reason: Skipped. Unknown order status (updated-tracking).
10-18-2021 @ 07:38:05 - Row :120 - Parsing item.
10-18-2021 @ 07:38:05 - Row :120 - Parsing failed. Reason: Skipped. Unknown order status (updated-tracking).
10-18-2021 @ 07:38:05 - Preparing for import.
10-18-2021 @ 07:38:05 - Row :121 - Parsing item.
10-18-2021 @ 07:38:05 - Row :121 - Parsing failed. Reason: Skipped. Unknown order status (updated-tracking).
10-18-2021 @ 07:38:05 - Row :122 - Parsing item.
10-18-2021 @ 07:38:05 - Row :122 - Parsing failed. Reason: Skipped. Unknown order status (updated-tracking).
10-18-2021 @ 07:38:05 - Row :123 - Parsing item.
10-18-2021 @ 07:38:05 - Row :123 - Parsing failed. Reason: Skipped. Unknown order status (updated-tracking).
10-18-2021 @ 07:38:05 - Row :124 - Parsing item.
10-18-2021 @ 07:38:05 - Importing as new order ID:4885
10-18-2021 @ 07:38:05 - Row :124 - Processing item.
10-18-2021 @ 07:38:06 - Found order object. ID:4885
10-18-2021 @ 07:38:06 - Row :124 - Order imported successfully.
10-18-2021 @ 07:38:06 - Row :125 - Parsing item.
10-18-2021 @ 07:38:06 - Row :125 - Parsing failed. Reason: Skipped. Unknown order status (updated-tracking).
10-18-2021 @ 07:38:06 - Row :126 - Parsing item.
10-18-2021 @ 07:38:06 - Row :126 - Parsing failed. Reason: Skipped. Unknown order status (updated-tracking).
10-18-2021 @ 07:38:06 - Row :127 - Parsing item.
10-18-2021 @ 07:38:06 - Row :127 - Parsing failed. Reason: Skipped. Unknown order status (updated-tracking).
10-18-2021 @ 07:38:06 - Row :128 - Parsing item.
10-18-2021 @ 07:38:06 - Row :128 - Parsing failed. Reason: Skipped. Unknown order status (updated-tracking).
10-18-2021 @ 07:38:06 - Row :129 - Parsing item.
10-18-2021 @ 07:38:06 - Row :129 - Parsing failed. Reason: Skipped. Unknown order status (updated-tracking).
10-18-2021 @ 07:38:06 - Row :130 - Parsing item.
10-18-2021 @ 07:38:06 - Row :130 - Parsing failed. Reason: Skipped. Unknown order status (updated-tracking).
10-18-2021 @ 07:38:07 - Preparing for import.
10-18-2021 @ 07:38:07 - Row :131 - Parsing item.
10-18-2021 @ 07:38:07 - Row :131 - Parsing failed. Reason: Skipped. Unknown order status (updated-tracking).
10-18-2021 @ 07:38:07 - Row :132 - Parsing item.
10-18-2021 @ 07:38:07 - Importing as new order ID:4930
10-18-2021 @ 07:38:07 - Row :132 - Processing item.
10-18-2021 @ 07:38:07 - Found order object. ID:4930
10-18-2021 @ 07:38:08 - Row :132 - Order imported successfully.
10-18-2021 @ 07:38:08 - Row :133 - Parsing item.
10-18-2021 @ 07:38:08 - Row :133 - Parsing failed. Reason: Skipped. Unknown order status (updated-tracking).
10-18-2021 @ 07:38:08 - Row :134 - Parsing item.
10-18-2021 @ 07:38:08 - Row :134 - Parsing failed. Reason: Skipped. Unknown order status (updated-tracking).
10-18-2021 @ 07:38:08 - Row :135 - Parsing item.
10-18-2021 @ 07:38:08 - Row :135 - Parsing failed. Reason: Skipped. Unknown order status (updated-tracking).
10-18-2021 @ 07:38:08 - Row :136 - Parsing item.
10-18-2021 @ 07:38:08 - Importing as new order ID:4934
10-18-2021 @ 07:38:08 - Row :136 - Processing item.
10-18-2021 @ 07:38:08 - Found order object. ID:4934
10-18-2021 @ 07:38:09 - Row :136 - Order imported successfully.
10-18-2021 @ 07:38:09 - Row :137 - Parsing item.
10-18-2021 @ 07:38:09 - Row :137 - Parsing failed. Reason: Skipped. Unknown order status (updated-tracking).
10-18-2021 @ 07:38:09 - Row :138 - Parsing item.
10-18-2021 @ 07:38:09 - Importing as new order ID:4936
10-18-2021 @ 07:38:09 - Row :138 - Processing item.
10-18-2021 @ 07:38:10 - Found order object. ID:4936
10-18-2021 @ 07:38:10 - Row :138 - Order imported successfully.
10-18-2021 @ 07:38:10 - Row :139 - Parsing item.
10-18-2021 @ 07:38:10 - Row :139 - Parsing failed. Reason: Skipped. Unknown order status (updated-tracking).
10-18-2021 @ 07:38:10 - Row :140 - Parsing item.
10-18-2021 @ 07:38:10 - Row :140 - Parsing failed. Reason: Skipped. Unknown order status (updated-tracking).
10-18-2021 @ 07:38:11 - Preparing for import.
10-18-2021 @ 07:38:11 - Row :141 - Parsing item.
10-18-2021 @ 07:38:11 - Row :141 - Parsing failed. Reason: Skipped. Unknown order status (updated-tracking).
10-18-2021 @ 07:38:11 - Row :142 - Parsing item.
10-18-2021 @ 07:38:11 - Row :142 - Parsing failed. Reason: Skipped. Unknown order status (updated-tracking).
10-18-2021 @ 07:38:11 - Row :143 - Parsing item.
10-18-2021 @ 07:38:11 - Row :143 - Parsing failed. Reason: Skipped. Unknown order status (updated-tracking).
10-18-2021 @ 07:38:11 - Row :144 - Parsing item.
10-18-2021 @ 07:38:11 - Row :144 - Parsing failed. Reason: Skipped. Unknown order status (updated-tracking).
10-18-2021 @ 07:38:11 - Row :145 - Parsing item.
10-18-2021 @ 07:38:11 - Row :145 - Parsing failed. Reason: Skipped. Unknown order status (updated-tracking).
10-18-2021 @ 07:38:11 - Row :146 - Parsing item.
10-18-2021 @ 07:38:11 - Row :146 - Parsing failed. Reason: Skipped. Unknown order status (updated-tracking).
10-18-2021 @ 07:38:11 - Row :147 - Parsing item.
10-18-2021 @ 07:38:11 - Importing as new order ID:5028
10-18-2021 @ 07:38:11 - Row :147 - Processing item.
10-18-2021 @ 07:38:12 - Found order object. ID:5028
10-18-2021 @ 07:38:12 - Row :147 - Order imported successfully.
10-18-2021 @ 07:38:12 - Row :148 - Parsing item.
10-18-2021 @ 07:38:13 - Importing as new order ID:5030
10-18-2021 @ 07:38:13 - Row :148 - Processing item.
10-18-2021 @ 07:38:13 - Found order object. ID:5030
10-18-2021 @ 07:38:14 - Row :148 - Order imported successfully.
10-18-2021 @ 07:38:14 - Row :149 - Parsing item.
10-18-2021 @ 07:38:14 - Row :149 - Parsing failed. Reason: Skipped. Unknown order status (updated-tracking).
10-18-2021 @ 07:38:14 - Row :150 - Parsing item.
10-18-2021 @ 07:38:14 - Row :150 - Parsing failed. Reason: Skipped. Unknown order status (updated-tracking).
10-18-2021 @ 07:38:14 - Preparing for import.
10-18-2021 @ 07:38:14 - Row :151 - Parsing item.
10-18-2021 @ 07:38:14 - Row :151 - Parsing failed. Reason: Skipped. Unknown order status (updated-tracking).
10-18-2021 @ 07:38:14 - Row :152 - Parsing item.
10-18-2021 @ 07:38:14 - Row :152 - Parsing failed. Reason: Skipped. Unknown order status (updated-tracking).
10-18-2021 @ 07:38:14 - Row :153 - Parsing item.
10-18-2021 @ 07:38:14 - Row :153 - Parsing failed. Reason: Skipped. Unknown order status (updated-tracking).
10-18-2021 @ 07:38:14 - Row :154 - Parsing item.
10-18-2021 @ 07:38:14 - Row :154 - Parsing failed. Reason: Skipped. Unknown order status (updated-tracking).
10-18-2021 @ 07:38:14 - Row :155 - Parsing item.
10-18-2021 @ 07:38:14 - Row :155 - Parsing failed. Reason: Skipped. Unknown order status (updated-tracking).
10-18-2021 @ 07:38:14 - Row :156 - Parsing item.
10-18-2021 @ 07:38:14 - Row :156 - Parsing failed. Reason: Skipped. Unknown order status (updated-tracking).
10-18-2021 @ 07:38:14 - Row :157 - Parsing item.
10-18-2021 @ 07:38:14 - Importing as new order ID:5042
10-18-2021 @ 07:38:14 - Row :157 - Processing item.
10-18-2021 @ 07:38:15 - Found order object. ID:5042
10-18-2021 @ 07:38:15 - Row :157 - Order imported successfully.
10-18-2021 @ 07:38:15 - Row :158 - Parsing item.
10-18-2021 @ 07:38:15 - Row :158 - Parsing failed. Reason: Skipped. Unknown order status (updated-tracking).
10-18-2021 @ 07:38:15 - Row :159 - Parsing item.
10-18-2021 @ 07:38:15 - Row :159 - Parsing failed. Reason: Skipped. Unknown order status (updated-tracking).
10-18-2021 @ 07:38:15 - Row :160 - Parsing item.
10-18-2021 @ 07:38:15 - Row :160 - Parsing failed. Reason: Skipped. Unknown order status (updated-tracking).
10-18-2021 @ 07:38:16 - Preparing for import.
10-18-2021 @ 07:38:16 - Row :161 - Parsing item.
10-18-2021 @ 07:38:16 - Row :161 - Parsing failed. Reason: Skipped. Unknown order status (updated-tracking).
10-18-2021 @ 07:38:16 - Row :162 - Parsing item.
10-18-2021 @ 07:38:16 - Row :162 - Parsing failed. Reason: Skipped. Unknown order status (updated-tracking).
10-18-2021 @ 07:38:16 - Row :163 - Parsing item.
10-18-2021 @ 07:38:16 - Row :163 - Parsing failed. Reason: Skipped. Unknown order status (updated-tracking).
10-18-2021 @ 07:38:16 - Row :164 - Parsing item.
10-18-2021 @ 07:38:16 - Importing as new order ID:5050
10-18-2021 @ 07:38:16 - Row :164 - Processing item.
10-18-2021 @ 07:38:16 - Found order object. ID:5050
10-18-2021 @ 07:38:17 - Row :164 - Order imported successfully.
10-18-2021 @ 07:38:17 - Row :165 - Parsing item.
10-18-2021 @ 07:38:17 - Row :165 - Parsing failed. Reason: Skipped. Unknown order status (updated-tracking).
10-18-2021 @ 07:38:17 - Row :166 - Parsing item.
10-18-2021 @ 07:38:17 - Importing as new order ID:5052
10-18-2021 @ 07:38:17 - Row :166 - Processing item.
10-18-2021 @ 07:38:18 - Found order object. ID:5052
10-18-2021 @ 07:38:18 - Row :166 - Order imported successfully.
10-18-2021 @ 07:38:18 - Row :167 - Parsing item.
10-18-2021 @ 07:38:18 - Importing as new order ID:5057
10-18-2021 @ 07:38:18 - Row :167 - Processing item.
10-18-2021 @ 07:38:19 - Found order object. ID:5057
10-18-2021 @ 07:38:19 - Row :167 - Order imported successfully.
10-18-2021 @ 07:38:19 - Row :168 - Parsing item.
10-18-2021 @ 07:38:19 - Row :168 - Parsing failed. Reason: Skipped. Unknown order status (updated-tracking).
10-18-2021 @ 07:38:19 - Row :169 - Parsing item.
10-18-2021 @ 07:38:19 - Row :169 - Parsing failed. Reason: Skipped. Unknown order status (updated-tracking).
10-18-2021 @ 07:38:19 - Row :170 - Parsing item.
10-18-2021 @ 07:38:19 - Row :170 - Parsing failed. Reason: Skipped. Unknown order status (updated-tracking).
10-18-2021 @ 07:38:20 - Preparing for import.
10-18-2021 @ 07:38:20 - Row :171 - Parsing item.
10-18-2021 @ 07:38:20 - Row :171 - Parsing failed. Reason: Skipped. Unknown order status (updated-tracking).
10-18-2021 @ 07:38:20 - Row :172 - Parsing item.
10-18-2021 @ 07:38:20 - Row :172 - Parsing failed. Reason: Skipped. Unknown order status (updated-tracking).
10-18-2021 @ 07:38:20 - Row :173 - Parsing item.
10-18-2021 @ 07:38:20 - Row :173 - Parsing failed. Reason: Skipped. Unknown order status (updated-tracking).
10-18-2021 @ 07:38:20 - Row :174 - Parsing item.
10-18-2021 @ 07:38:20 - Row :174 - Parsing failed. Reason: Skipped. Unknown order status (updated-tracking).
10-18-2021 @ 07:38:20 - Row :175 - Parsing item.
10-18-2021 @ 07:38:20 - Row :175 - Parsing failed. Reason: Skipped. Unknown order status (updated-tracking).
10-18-2021 @ 07:38:20 - Row :176 - Parsing item.
10-18-2021 @ 07:38:20 - Row :176 - Parsing failed. Reason: Skipped. Unknown order status (updated-tracking).
10-18-2021 @ 07:38:20 - Row :177 - Parsing item.
10-18-2021 @ 07:38:20 - Row :177 - Parsing failed. Reason: Skipped. Unknown order status (updated-tracking).
10-18-2021 @ 07:38:20 - Row :178 - Parsing item.
10-18-2021 @ 07:38:20 - Row :178 - Parsing failed. Reason: Skipped. Unknown order status (updated-tracking).
10-18-2021 @ 07:38:20 - Row :179 - Parsing item.
10-18-2021 @ 07:38:20 - Row :179 - Parsing failed. Reason: Skipped. Unknown order status (updated-tracking).
10-18-2021 @ 07:38:20 - Row :180 - Parsing item.
10-18-2021 @ 07:38:20 - Row :180 - Parsing failed. Reason: Skipped. Unknown order status (updated-tracking).
10-18-2021 @ 07:38:21 - Preparing for import.
10-18-2021 @ 07:38:21 - Row :181 - Parsing item.
10-18-2021 @ 07:38:21 - Importing as new order ID:5083
10-18-2021 @ 07:38:21 - Row :181 - Processing item.
10-18-2021 @ 07:38:21 - Found order object. ID:5083
10-18-2021 @ 07:38:22 - Row :181 - Order imported successfully.
10-18-2021 @ 07:38:22 - Row :182 - Parsing item.
10-18-2021 @ 07:38:22 - Row :182 - Parsing failed. Reason: Skipped. Unknown order status (updated-tracking).
10-18-2021 @ 07:38:22 - Row :183 - Parsing item.
10-18-2021 @ 07:38:22 - Row :183 - Parsing failed. Reason: Skipped. Unknown order status (updated-tracking).
10-18-2021 @ 07:38:22 - Row :184 - Parsing item.
10-18-2021 @ 07:38:22 - Row :184 - Parsing failed. Reason: Skipped. Unknown order status (updated-tracking).
10-18-2021 @ 07:38:22 - Row :185 - Parsing item.
10-18-2021 @ 07:38:22 - Row :185 - Parsing failed. Reason: Skipped. Unknown order status (updated-tracking).
10-18-2021 @ 07:38:22 - Row :186 - Parsing item.
10-18-2021 @ 07:38:22 - Row :186 - Parsing failed. Reason: Skipped. Unknown order status (updated-tracking).
10-18-2021 @ 07:38:22 - Row :187 - Parsing item.
10-18-2021 @ 07:38:22 - Row :187 - Parsing failed. Reason: Skipped. Unknown order status (updated-tracking).
10-18-2021 @ 07:38:22 - Row :188 - Parsing item.
10-18-2021 @ 07:38:22 - Row :188 - Parsing failed. Reason: Skipped. Unknown order status (updated-tracking).
10-18-2021 @ 07:38:22 - Row :189 - Parsing item.
10-18-2021 @ 07:38:22 - Row :189 - Parsing failed. Reason: Skipped. Unknown order status (updated-tracking).
10-18-2021 @ 07:38:22 - Row :190 - Parsing item.
10-18-2021 @ 07:38:22 - Row :190 - Parsing failed. Reason: Skipped. Unknown order status (updated-tracking).
10-18-2021 @ 07:38:23 - Preparing for import.
10-18-2021 @ 07:38:23 - Row :191 - Parsing item.
10-18-2021 @ 07:38:23 - Row :191 - Parsing failed. Reason: Skipped. Unknown order status (updated-tracking).
10-18-2021 @ 07:38:23 - Row :192 - Parsing item.
10-18-2021 @ 07:38:23 - Row :192 - Parsing failed. Reason: Skipped. Unknown order status (updated-tracking).
10-18-2021 @ 07:38:23 - Row :193 - Parsing item.
10-18-2021 @ 07:38:23 - Row :193 - Parsing failed. Reason: Skipped. Unknown order status (updated-tracking).
10-18-2021 @ 07:38:23 - Row :194 - Parsing item.
10-18-2021 @ 07:38:23 - Row :194 - Parsing failed. Reason: Skipped. Unknown order status (updated-tracking).
10-18-2021 @ 07:38:23 - Row :195 - Parsing item.
10-18-2021 @ 07:38:23 - Row :195 - Parsing failed. Reason: Skipped. Unknown order status (updated-tracking).
10-18-2021 @ 07:38:23 - Row :196 - Parsing item.
10-18-2021 @ 07:38:23 - Row :196 - Parsing failed. Reason: Skipped. Unknown order status (updated-tracking).
10-18-2021 @ 07:38:23 - Row :197 - Parsing item.
10-18-2021 @ 07:38:23 - Row :197 - Parsing failed. Reason: Skipped. Unknown order status (updated-tracking).
10-18-2021 @ 07:38:23 - Row :198 - Parsing item.
10-18-2021 @ 07:38:23 - Row :198 - Parsing failed. Reason: Skipped. Unknown order status (updated-tracking).
10-18-2021 @ 07:38:23 - Row :199 - Parsing item.
10-18-2021 @ 07:38:23 - Row :199 - Parsing failed. Reason: Skipped. Unknown order status (updated-tracking).
10-18-2021 @ 07:38:23 - Row :200 - Parsing item.
10-18-2021 @ 07:38:23 - Row :200 - Parsing failed. Reason: Skipped. Unknown order status (updated-tracking).
10-18-2021 @ 07:38:24 - Preparing for import.
10-18-2021 @ 07:38:24 - Row :201 - Parsing item.
10-18-2021 @ 07:38:24 - Row :201 - Parsing failed. Reason: Skipped. Unknown order status (updated-tracking).
10-18-2021 @ 07:38:24 - Row :202 - Parsing item.
10-18-2021 @ 07:38:24 - Row :202 - Parsing failed. Reason: Skipped. Unknown order status (updated-tracking).
10-18-2021 @ 07:38:24 - Row :203 - Parsing item.
10-18-2021 @ 07:38:24 - Row :203 - Parsing failed. Reason: Skipped. Unknown order status (updated-tracking).
10-18-2021 @ 07:38:24 - Row :204 - Parsing item.
10-18-2021 @ 07:38:24 - Row :204 - Parsing failed. Reason: Skipped. Unknown order status (updated-tracking).
10-18-2021 @ 07:38:24 - Row :205 - Parsing item.
10-18-2021 @ 07:38:24 - Row :205 - Parsing failed. Reason: Skipped. Unknown order status (updated-tracking).
10-18-2021 @ 07:38:24 - Row :206 - Parsing item.
10-18-2021 @ 07:38:24 - Row :206 - Parsing failed. Reason: Skipped. Unknown order status (updated-tracking).
10-18-2021 @ 07:38:24 - Row :207 - Parsing item.
10-18-2021 @ 07:38:24 - Row :207 - Parsing failed. Reason: Skipped. Unknown order status (updated-tracking).
10-18-2021 @ 07:38:24 - Row :208 - Parsing item.
10-18-2021 @ 07:38:24 - Row :208 - Parsing failed. Reason: Skipped. Unknown order status (updated-tracking).
10-18-2021 @ 07:38:24 - Row :209 - Parsing item.
10-18-2021 @ 07:38:24 - Row :209 - Parsing failed. Reason: Skipped. Unknown order status (updated-tracking).
10-18-2021 @ 07:38:24 - Row :210 - Parsing item.
10-18-2021 @ 07:38:24 - Row :210 - Parsing failed. Reason: Skipped. Unknown order status (updated-tracking).
10-18-2021 @ 07:38:24 - Preparing for import.
10-18-2021 @ 07:38:24 - Row :211 - Parsing item.
10-18-2021 @ 07:38:24 - Row :211 - Parsing failed. Reason: Skipped. Unknown order status (updated-tracking).
10-18-2021 @ 07:38:24 - Row :212 - Parsing item.
10-18-2021 @ 07:38:24 - Row :212 - Parsing failed. Reason: Skipped. Unknown order status (updated-tracking).
10-18-2021 @ 07:38:24 - Row :213 - Parsing item.
10-18-2021 @ 07:38:24 - Row :213 - Parsing failed. Reason: Skipped. Unknown order status (updated-tracking).
10-18-2021 @ 07:38:24 - Row :214 - Parsing item.
10-18-2021 @ 07:38:24 - Row :214 - Parsing failed. Reason: Skipped. Unknown order status (updated-tracking).
10-18-2021 @ 07:38:24 - Row :215 - Parsing item.
10-18-2021 @ 07:38:24 - Importing as new order ID:5176
10-18-2021 @ 07:38:24 - Row :215 - Processing item.
10-18-2021 @ 07:38:25 - Found order object. ID:5176
10-18-2021 @ 07:38:26 - Row :215 - Order imported successfully.
10-18-2021 @ 07:38:26 - Row :216 - Parsing item.
10-18-2021 @ 07:38:26 - Row :216 - Parsing failed. Reason: Skipped. Unknown order status (updated-tracking).
10-18-2021 @ 07:38:26 - Row :217 - Parsing item.
10-18-2021 @ 07:38:26 - Row :217 - Parsing failed. Reason: Skipped. Unknown order status (updated-tracking).
10-18-2021 @ 07:38:26 - Row :218 - Parsing item.
10-18-2021 @ 07:38:26 - Row :218 - Parsing failed. Reason: Skipped. Unknown order status (updated-tracking).
10-18-2021 @ 07:38:26 - Row :219 - Parsing item.
10-18-2021 @ 07:38:26 - Row :219 - Parsing failed. Reason: Skipped. Unknown order status (updated-tracking).
10-18-2021 @ 07:38:26 - Row :220 - Parsing item.
10-18-2021 @ 07:38:26 - Row :220 - Parsing failed. Reason: Skipped. Unknown order status (updated-tracking).
10-18-2021 @ 07:38:27 - Preparing for import.
10-18-2021 @ 07:38:27 - Row :221 - Parsing item.
10-18-2021 @ 07:38:27 - Row :221 - Parsing failed. Reason: Skipped. Unknown order status (updated-tracking).
10-18-2021 @ 07:38:27 - Row :222 - Parsing item.
10-18-2021 @ 07:38:27 - Row :222 - Parsing failed. Reason: Skipped. Unknown order status (updated-tracking).
10-18-2021 @ 07:38:27 - Row :223 - Parsing item.
10-18-2021 @ 07:38:27 - Importing as new order ID:5192
10-18-2021 @ 07:38:27 - Row :223 - Processing item.
10-18-2021 @ 07:38:28 - Found order object. ID:5192
10-18-2021 @ 07:38:28 - Row :223 - Order imported successfully.
10-18-2021 @ 07:38:28 - Row :224 - Parsing item.
10-18-2021 @ 07:38:28 - Row :224 - Parsing failed. Reason: Skipped. Unknown order status (updated-tracking).
10-18-2021 @ 07:38:28 - Row :225 - Parsing item.
10-18-2021 @ 07:38:28 - Row :225 - Parsing failed. Reason: Skipped. Unknown order status (updated-tracking).
10-18-2021 @ 07:38:28 - Row :226 - Parsing item.
10-18-2021 @ 07:38:28 - Row :226 - Parsing failed. Reason: Skipped. Unknown order status (updated-tracking).
10-18-2021 @ 07:38:28 - Row :227 - Parsing item.
10-18-2021 @ 07:38:28 - Row :227 - Parsing failed. Reason: Skipped. Unknown order status (updated-tracking).
10-18-2021 @ 07:38:28 - Row :228 - Parsing item.
10-18-2021 @ 07:38:28 - Importing as new order ID:5201
10-18-2021 @ 07:38:28 - Row :228 - Processing item.
10-18-2021 @ 07:38:29 - Found order object. ID:5201
10-18-2021 @ 07:38:29 - Row :228 - Order imported successfully.
10-18-2021 @ 07:38:29 - Row :229 - Parsing item.
10-18-2021 @ 07:38:29 - Row :229 - Parsing failed. Reason: Skipped. Unknown order status (updated-tracking).
10-18-2021 @ 07:38:29 - Row :230 - Parsing item.
10-18-2021 @ 07:38:29 - Row :230 - Parsing failed. Reason: Skipped. Unknown order status (updated-tracking).
10-18-2021 @ 07:38:30 - Preparing for import.
10-18-2021 @ 07:38:30 - Row :231 - Parsing item.
10-18-2021 @ 07:38:30 - Row :231 - Parsing failed. Reason: Skipped. Unknown order status (updated-tracking).
10-18-2021 @ 07:38:30 - Row :232 - Parsing item.
10-18-2021 @ 07:38:30 - Row :232 - Parsing failed. Reason: Skipped. Unknown order status (updated-tracking).
10-18-2021 @ 07:38:30 - Row :233 - Parsing item.
10-18-2021 @ 07:38:30 - Row :233 - Parsing failed. Reason: Skipped. Unknown order status (updated-tracking).
10-18-2021 @ 07:38:30 - Row :234 - Parsing item.
10-18-2021 @ 07:38:30 - Row :234 - Parsing failed. Reason: Skipped. Unknown order status (updated-tracking).
10-18-2021 @ 07:38:30 - Row :235 - Parsing item.
10-18-2021 @ 07:38:30 - Row :235 - Parsing failed. Reason: Skipped. Unknown order status (updated-tracking).
10-18-2021 @ 07:38:30 - Row :236 - Parsing item.
10-18-2021 @ 07:38:30 - Row :236 - Parsing failed. Reason: Skipped. Unknown order status (updated-tracking).
10-18-2021 @ 07:38:30 - Row :237 - Parsing item.
10-18-2021 @ 07:38:30 - Row :237 - Parsing failed. Reason: Skipped. Unknown order status (updated-tracking).
10-18-2021 @ 07:38:30 - Row :238 - Parsing item.
10-18-2021 @ 07:38:30 - Row :238 - Parsing failed. Reason: Skipped. Unknown order status (updated-tracking).
10-18-2021 @ 07:38:30 - Row :239 - Parsing item.
10-18-2021 @ 07:38:30 - Row :239 - Parsing failed. Reason: Skipped. Unknown order status (updated-tracking).
10-18-2021 @ 07:38:30 - Row :240 - Parsing item.
10-18-2021 @ 07:38:30 - Row :240 - Parsing failed. Reason: Skipped. Unknown order status (updated-tracking).
10-18-2021 @ 07:38:32 - Preparing for import.
10-18-2021 @ 07:38:32 - Row :241 - Parsing item.
10-18-2021 @ 07:38:32 - Row :241 - Parsing failed. Reason: Skipped. Unknown order status (updated-tracking).
10-18-2021 @ 07:38:32 - Row :242 - Parsing item.
10-18-2021 @ 07:38:32 - Row :242 - Parsing failed. Reason: Skipped. Unknown order status (updated-tracking).
10-18-2021 @ 07:38:32 - Row :243 - Parsing item.
10-18-2021 @ 07:38:32 - Row :243 - Parsing failed. Reason: Skipped. Unknown order status (updated-tracking).
10-18-2021 @ 07:38:32 - Row :244 - Parsing item.
10-18-2021 @ 07:38:32 - Row :244 - Parsing failed. Reason: Skipped. Unknown order status (updated-tracking).
10-18-2021 @ 07:38:32 - Row :245 - Parsing item.
10-18-2021 @ 07:38:32 - Row :245 - Parsing failed. Reason: Skipped. Unknown order status (updated-tracking).
10-18-2021 @ 07:38:32 - Row :246 - Parsing item.
10-18-2021 @ 07:38:32 - Row :246 - Parsing failed. Reason: Skipped. Unknown order status (updated-tracking).
10-18-2021 @ 07:38:32 - Row :247 - Parsing item.
10-18-2021 @ 07:38:32 - Row :247 - Parsing failed. Reason: Skipped. Unknown order status (updated-tracking).
10-18-2021 @ 07:38:32 - Row :248 - Parsing item.
10-18-2021 @ 07:38:32 - Row :248 - Parsing failed. Reason: Skipped. Unknown order status (updated-tracking).
10-18-2021 @ 07:38:32 - Row :249 - Parsing item.
10-18-2021 @ 07:38:32 - Row :249 - Parsing failed. Reason: Skipped. Unknown order status (updated-tracking).
10-18-2021 @ 07:38:32 - Row :250 - Parsing item.
10-18-2021 @ 07:38:32 - Row :250 - Parsing failed. Reason: Skipped. Unknown order status (updated-tracking).
10-18-2021 @ 07:38:32 - Preparing for import.
10-18-2021 @ 07:38:32 - Row :251 - Parsing item.
10-18-2021 @ 07:38:32 - Row :251 - Parsing failed. Reason: Skipped. Unknown order status (updated-tracking).
10-18-2021 @ 07:38:32 - Row :252 - Parsing item.
10-18-2021 @ 07:38:32 - Row :252 - Parsing failed. Reason: Skipped. Unknown order status (updated-tracking).
10-18-2021 @ 07:38:32 - Row :253 - Parsing item.
10-18-2021 @ 07:38:32 - Row :253 - Parsing failed. Reason: Skipped. Unknown order status (updated-tracking).
10-18-2021 @ 07:38:32 - Row :254 - Parsing item.
10-18-2021 @ 07:38:32 - Row :254 - Parsing failed. Reason: Skipped. Unknown order status (updated-tracking).
10-18-2021 @ 07:38:32 - Row :255 - Parsing item.
10-18-2021 @ 07:38:32 - Row :255 - Parsing failed. Reason: Skipped. Unknown order status (updated-tracking).
10-18-2021 @ 07:38:32 - Row :256 - Parsing item.
10-18-2021 @ 07:38:32 - Row :256 - Parsing failed. Reason: Skipped. Unknown order status (updated-tracking).
10-18-2021 @ 07:38:32 - Row :257 - Parsing item.
10-18-2021 @ 07:38:32 - Row :257 - Parsing failed. Reason: Skipped. Unknown order status (updated-tracking).
10-18-2021 @ 07:38:32 - Row :258 - Parsing item.
10-18-2021 @ 07:38:32 - Row :258 - Parsing failed. Reason: Skipped. Unknown order status (updated-tracking).
10-18-2021 @ 07:38:32 - Row :259 - Parsing item.
10-18-2021 @ 07:38:32 - Row :259 - Parsing failed. Reason: Skipped. Unknown order status (updated-tracking).
10-18-2021 @ 07:38:32 - Row :260 - Parsing item.
10-18-2021 @ 07:38:32 - Row :260 - Parsing failed. Reason: Skipped. Unknown order status (updated-tracking).
10-18-2021 @ 07:38:34 - Preparing for import.
10-18-2021 @ 07:38:34 - Row :261 - Parsing item.
10-18-2021 @ 07:38:34 - Row :261 - Parsing failed. Reason: Skipped. Unknown order status (updated-tracking).
10-18-2021 @ 07:38:34 - Row :262 - Parsing item.
10-18-2021 @ 07:38:34 - Row :262 - Parsing failed. Reason: Skipped. Unknown order status (updated-tracking).
10-18-2021 @ 07:38:34 - Row :263 - Parsing item.
10-18-2021 @ 07:38:34 - Row :263 - Parsing failed. Reason: Skipped. Unknown order status (updated-tracking).
10-18-2021 @ 07:38:34 - Row :264 - Parsing item.
10-18-2021 @ 07:38:34 - Row :264 - Parsing failed. Reason: Skipped. Unknown order status (updated-tracking).
10-18-2021 @ 07:38:34 - Row :265 - Parsing item.
10-18-2021 @ 07:38:34 - Row :265 - Parsing failed. Reason: Skipped. Unknown order status (updated-tracking).
10-18-2021 @ 07:38:34 - Row :266 - Parsing item.
10-18-2021 @ 07:38:34 - Row :266 - Parsing failed. Reason: Skipped. Unknown order status (updated-tracking).
10-18-2021 @ 07:38:34 - Row :267 - Parsing item.
10-18-2021 @ 07:38:34 - Row :267 - Parsing failed. Reason: Skipped. Unknown order status (updated-tracking).
10-18-2021 @ 07:38:34 - Row :268 - Parsing item.
10-18-2021 @ 07:38:34 - Row :268 - Parsing failed. Reason: Skipped. Unknown order status (updated-tracking).
10-18-2021 @ 07:38:34 - Row :269 - Parsing item.
10-18-2021 @ 07:38:34 - Importing as new order ID:5254
10-18-2021 @ 07:38:34 - Row :269 - Processing item.
10-18-2021 @ 07:38:35 - Found order object. ID:5254
10-18-2021 @ 07:38:35 - Row :269 - Order imported successfully.
10-18-2021 @ 07:38:35 - Row :270 - Parsing item.
10-18-2021 @ 07:38:35 - Row :270 - Parsing failed. Reason: Skipped. Unknown order status (updated-tracking).
10-18-2021 @ 07:38:36 - Preparing for import.
10-18-2021 @ 07:38:36 - Row :271 - Parsing item.
10-18-2021 @ 07:38:36 - Row :271 - Parsing failed. Reason: Skipped. Unknown order status (updated-tracking).
10-18-2021 @ 07:38:36 - Row :272 - Parsing item.
10-18-2021 @ 07:38:36 - Row :272 - Parsing failed. Reason: Skipped. Unknown order status (updated-tracking).
10-18-2021 @ 07:38:36 - Row :273 - Parsing item.
10-18-2021 @ 07:38:36 - Row :273 - Parsing failed. Reason: Skipped. Unknown order status (updated-tracking).
10-18-2021 @ 07:38:36 - Row :274 - Parsing item.
10-18-2021 @ 07:38:36 - Row :274 - Parsing failed. Reason: Skipped. Unknown order status (updated-tracking).
10-18-2021 @ 07:38:36 - Row :275 - Parsing item.
10-18-2021 @ 07:38:36 - Row :275 - Parsing failed. Reason: Skipped. Unknown order status (updated-tracking).
10-18-2021 @ 07:38:36 - Row :276 - Parsing item.
10-18-2021 @ 07:38:36 - Row :276 - Parsing failed. Reason: Skipped. Unknown order status (updated-tracking).
10-18-2021 @ 07:38:36 - Row :277 - Parsing item.
10-18-2021 @ 07:38:36 - Row :277 - Parsing failed. Reason: Skipped. Unknown order status (updated-tracking).
10-18-2021 @ 07:38:36 - Row :278 - Parsing item.
10-18-2021 @ 07:38:36 - Importing as new order ID:5263
10-18-2021 @ 07:38:36 - Row :278 - Processing item.
10-18-2021 @ 07:38:36 - Found order object. ID:5263
10-18-2021 @ 07:38:37 - Row :278 - Order imported successfully.
10-18-2021 @ 07:38:37 - Row :279 - Parsing item.
10-18-2021 @ 07:38:37 - Importing as new order ID:5264
10-18-2021 @ 07:38:37 - Row :279 - Processing item.
10-18-2021 @ 07:38:37 - Found order object. ID:5264
10-18-2021 @ 07:38:38 - Row :279 - Order imported successfully.
10-18-2021 @ 07:38:38 - Row :280 - Parsing item.
10-18-2021 @ 07:38:38 - Importing as new order ID:5265
10-18-2021 @ 07:38:38 - Row :280 - Processing item.
10-18-2021 @ 07:38:39 - Found order object. ID:5265
10-18-2021 @ 07:38:39 - Row :280 - Order imported successfully.
10-18-2021 @ 07:38:40 - Preparing for import.
10-18-2021 @ 07:38:40 - Row :281 - Parsing item.
10-18-2021 @ 07:38:40 - Row :281 - Parsing failed. Reason: Skipped. Unknown order status (updated-tracking).
10-18-2021 @ 07:38:40 - Row :282 - Parsing item.
10-18-2021 @ 07:38:40 - Row :282 - Parsing failed. Reason: Skipped. Unknown order status (updated-tracking).
10-18-2021 @ 07:38:40 - Row :283 - Parsing item.
10-18-2021 @ 07:38:40 - Row :283 - Parsing failed. Reason: Skipped. Unknown order status (updated-tracking).
10-18-2021 @ 07:38:40 - Row :284 - Parsing item.
10-18-2021 @ 07:38:40 - Row :284 - Parsing failed. Reason: Skipped. Unknown order status (updated-tracking).
10-18-2021 @ 07:38:40 - Row :285 - Parsing item.
10-18-2021 @ 07:38:40 - Row :285 - Parsing failed. Reason: Skipped. Unknown order status (updated-tracking).
10-18-2021 @ 07:38:40 - Row :286 - Parsing item.
10-18-2021 @ 07:38:40 - Row :286 - Parsing failed. Reason: Skipped. Unknown order status (updated-tracking).
10-18-2021 @ 07:38:40 - Row :287 - Parsing item.
10-18-2021 @ 07:38:40 - Row :287 - Parsing failed. Reason: Skipped. Unknown order status (updated-tracking).
10-18-2021 @ 07:38:40 - Row :288 - Parsing item.
10-18-2021 @ 07:38:40 - Row :288 - Parsing failed. Reason: Skipped. Unknown order status (updated-tracking).
10-18-2021 @ 07:38:40 - Row :289 - Parsing item.
10-18-2021 @ 07:38:40 - Row :289 - Parsing failed. Reason: Skipped. Unknown order status (updated-tracking).
10-18-2021 @ 07:38:40 - Row :290 - Parsing item.
10-18-2021 @ 07:38:40 - Row :290 - Parsing failed. Reason: Skipped. Unknown order status (updated-tracking).
10-18-2021 @ 07:38:40 - Preparing for import.
10-18-2021 @ 07:38:40 - Row :291 - Parsing item.
10-18-2021 @ 07:38:40 - Row :291 - Parsing failed. Reason: Skipped. Unknown order status (updated-tracking).
10-18-2021 @ 07:38:40 - Row :292 - Parsing item.
10-18-2021 @ 07:38:40 - Row :292 - Parsing failed. Reason: Skipped. Unknown order status (updated-tracking).
10-18-2021 @ 07:38:40 - Row :293 - Parsing item.
10-18-2021 @ 07:38:40 - Row :293 - Parsing failed. Reason: Skipped. Unknown order status (updated-tracking).
10-18-2021 @ 07:38:40 - Row :294 - Parsing item.
10-18-2021 @ 07:38:40 - Row :294 - Parsing failed. Reason: Skipped. Unknown order status (updated-tracking).
10-18-2021 @ 07:38:40 - Row :295 - Parsing item.
10-18-2021 @ 07:38:40 - Row :295 - Parsing failed. Reason: Skipped. Unknown order status (updated-tracking).
10-18-2021 @ 07:38:40 - Row :296 - Parsing item.
10-18-2021 @ 07:38:40 - Row :296 - Parsing failed. Reason: Skipped. Unknown order status (updated-tracking).
10-18-2021 @ 07:38:40 - Row :297 - Parsing item.
10-18-2021 @ 07:38:40 - Row :297 - Parsing failed. Reason: Skipped. Unknown order status (updated-tracking).
10-18-2021 @ 07:38:40 - Row :298 - Parsing item.
10-18-2021 @ 07:38:40 - Row :298 - Parsing failed. Reason: Skipped. Unknown order status (updated-tracking).
10-18-2021 @ 07:38:40 - Row :299 - Parsing item.
10-18-2021 @ 07:38:40 - Row :299 - Parsing failed. Reason: Skipped. Unknown order status (updated-tracking).
10-18-2021 @ 07:38:40 - Row :300 - Parsing item.
10-18-2021 @ 07:38:40 - Row :300 - Parsing failed. Reason: Skipped. Unknown order status (updated-tracking).
10-18-2021 @ 07:38:41 - Preparing for import.
10-18-2021 @ 07:38:41 - Row :301 - Parsing item.
10-18-2021 @ 07:38:41 - Importing as new order ID:5298
10-18-2021 @ 07:38:41 - Row :301 - Processing item.
10-18-2021 @ 07:38:41 - Found order object. ID:5298
10-18-2021 @ 07:38:42 - Row :301 - Order imported successfully.
10-18-2021 @ 07:38:42 - Row :302 - Parsing item.
10-18-2021 @ 07:38:42 - Row :302 - Parsing failed. Reason: Skipped. Unknown order status (updated-tracking).
10-18-2021 @ 07:38:42 - Row :303 - Parsing item.
10-18-2021 @ 07:38:42 - Importing as new order ID:5300
10-18-2021 @ 07:38:42 - Row :303 - Processing item.
10-18-2021 @ 07:38:42 - Found order object. ID:5300
10-18-2021 @ 07:38:43 - Row :303 - Order imported successfully.
10-18-2021 @ 07:38:43 - Row :304 - Parsing item.
10-18-2021 @ 07:38:43 - Row :304 - Parsing failed. Reason: Skipped. Unknown order status (updated-tracking).
10-18-2021 @ 07:38:43 - Row :305 - Parsing item.
10-18-2021 @ 07:38:43 - Row :305 - Parsing failed. Reason: Skipped. Unknown order status (updated-tracking).
10-18-2021 @ 07:38:43 - Row :306 - Parsing item.
10-18-2021 @ 07:38:43 - Row :306 - Parsing failed. Reason: Skipped. Unknown order status (updated-tracking).
10-18-2021 @ 07:38:43 - Row :307 - Parsing item.
10-18-2021 @ 07:38:43 - Row :307 - Parsing failed. Reason: Skipped. Unknown order status (updated-tracking).
10-18-2021 @ 07:38:43 - Row :308 - Parsing item.
10-18-2021 @ 07:38:43 - Importing as new order ID:5305
10-18-2021 @ 07:38:43 - Row :308 - Processing item.
10-18-2021 @ 07:38:43 - Found order object. ID:5305
10-18-2021 @ 07:38:44 - Row :308 - Order imported successfully.
10-18-2021 @ 07:38:44 - Row :309 - Parsing item.
10-18-2021 @ 07:38:44 - Row :309 - Parsing failed. Reason: Skipped. Unknown order status (updated-tracking).
10-18-2021 @ 07:38:44 - Row :310 - Parsing item.
10-18-2021 @ 07:38:44 - Row :310 - Parsing failed. Reason: Skipped. Unknown order status (updated-tracking).
10-18-2021 @ 07:38:44 - Preparing for import.
10-18-2021 @ 07:38:44 - Row :311 - Parsing item.
10-18-2021 @ 07:38:44 - Row :311 - Parsing failed. Reason: Skipped. Unknown order status (updated-tracking).
10-18-2021 @ 07:38:44 - Row :312 - Parsing item.
10-18-2021 @ 07:38:44 - Row :312 - Parsing failed. Reason: Skipped. Unknown order status (updated-tracking).
10-18-2021 @ 07:38:44 - Row :313 - Parsing item.
10-18-2021 @ 07:38:44 - Row :313 - Parsing failed. Reason: Skipped. Unknown order status (updated-tracking).
10-18-2021 @ 07:38:44 - Row :314 - Parsing item.
10-18-2021 @ 07:38:44 - Row :314 - Parsing failed. Reason: Skipped. Unknown order status (updated-tracking).
10-18-2021 @ 07:38:44 - Row :315 - Parsing item.
10-18-2021 @ 07:38:44 - Row :315 - Parsing failed. Reason: Skipped. Unknown order status (updated-tracking).
10-18-2021 @ 07:38:44 - Row :316 - Parsing item.
10-18-2021 @ 07:38:44 - Row :316 - Parsing failed. Reason: Skipped. Unknown order status (updated-tracking).
10-18-2021 @ 07:38:44 - Row :317 - Parsing item.
10-18-2021 @ 07:38:44 - Row :317 - Parsing failed. Reason: Skipped. Unknown order status (updated-tracking).
10-18-2021 @ 07:38:44 - Row :318 - Parsing item.
10-18-2021 @ 07:38:44 - Row :318 - Parsing failed. Reason: Skipped. Unknown order status (updated-tracking).
10-18-2021 @ 07:38:44 - Row :319 - Parsing item.
10-18-2021 @ 07:38:44 - Row :319 - Parsing failed. Reason: Skipped. Unknown order status (updated-tracking).
10-18-2021 @ 07:38:44 - Row :320 - Parsing item.
10-18-2021 @ 07:38:44 - Row :320 - Parsing failed. Reason: Skipped. Unknown order status (updated-tracking).
10-18-2021 @ 07:38:45 - Preparing for import.
10-18-2021 @ 07:38:45 - Row :321 - Parsing item.
10-18-2021 @ 07:38:45 - Row :321 - Parsing failed. Reason: Skipped. Unknown order status (updated-tracking).
10-18-2021 @ 07:38:45 - Row :322 - Parsing item.
10-18-2021 @ 07:38:45 - Row :322 - Parsing failed. Reason: Skipped. Unknown order status (updated-tracking).
10-18-2021 @ 07:38:45 - Row :323 - Parsing item.
10-18-2021 @ 07:38:45 - Row :323 - Parsing failed. Reason: Skipped. Unknown order status (updated-tracking).
10-18-2021 @ 07:38:45 - Row :324 - Parsing item.
10-18-2021 @ 07:38:45 - Row :324 - Parsing failed. Reason: Skipped. Unknown order status (updated-tracking).
10-18-2021 @ 07:38:45 - Row :325 - Parsing item.
10-18-2021 @ 07:38:45 - Row :325 - Parsing failed. Reason: Skipped. Unknown order status (updated-tracking).
10-18-2021 @ 07:38:45 - Row :326 - Parsing item.
10-18-2021 @ 07:38:45 - Row :326 - Parsing failed. Reason: Skipped. Unknown order status (updated-tracking).
10-18-2021 @ 07:38:45 - Row :327 - Parsing item.
10-18-2021 @ 07:38:45 - Row :327 - Parsing failed. Reason: Skipped. Unknown order status (updated-tracking).
10-18-2021 @ 07:38:45 - Row :328 - Parsing item.
10-18-2021 @ 07:38:45 - Row :328 - Parsing failed. Reason: Skipped. Unknown order status (updated-tracking).
10-18-2021 @ 07:38:45 - Row :329 - Parsing item.
10-18-2021 @ 07:38:45 - Row :329 - Parsing failed. Reason: Skipped. Unknown order status (updated-tracking).
10-18-2021 @ 07:38:45 - Row :330 - Parsing item.
10-18-2021 @ 07:38:45 - Row :330 - Parsing failed. Reason: Skipped. Unknown order status (updated-tracking).
10-18-2021 @ 07:38:46 - Preparing for import.
10-18-2021 @ 07:38:46 - Row :331 - Parsing item.
10-18-2021 @ 07:38:46 - Row :331 - Parsing failed. Reason: Skipped. Unknown order status (updated-tracking).
10-18-2021 @ 07:38:46 - Row :332 - Parsing item.
10-18-2021 @ 07:38:46 - Row :332 - Parsing failed. Reason: Skipped. Unknown order status (updated-tracking).
10-18-2021 @ 07:38:46 - Row :333 - Parsing item.
10-18-2021 @ 07:38:46 - Row :333 - Parsing failed. Reason: Skipped. Unknown order status (updated-tracking).
10-18-2021 @ 07:38:46 - Row :334 - Parsing item.
10-18-2021 @ 07:38:46 - Row :334 - Parsing failed. Reason: Skipped. Unknown order status (updated-tracking).
10-18-2021 @ 07:38:46 - Row :335 - Parsing item.
10-18-2021 @ 07:38:46 - Row :335 - Parsing failed. Reason: Skipped. Unknown order status (updated-tracking).
10-18-2021 @ 07:38:46 - Row :336 - Parsing item.
10-18-2021 @ 07:38:46 - Row :336 - Parsing failed. Reason: Skipped. Unknown order status (updated-tracking).
10-18-2021 @ 07:38:46 - Row :337 - Parsing item.
10-18-2021 @ 07:38:46 - Row :337 - Parsing failed. Reason: Skipped. Unknown order status (updated-tracking).
10-18-2021 @ 07:38:46 - Row :338 - Parsing item.
10-18-2021 @ 07:38:46 - Row :338 - Parsing failed. Reason: Skipped. Unknown order status (updated-tracking).
10-18-2021 @ 07:38:46 - Row :339 - Parsing item.
10-18-2021 @ 07:38:46 - Row :339 - Parsing failed. Reason: Skipped. Unknown order status (updated-tracking).
10-18-2021 @ 07:38:46 - Row :340 - Parsing item.
10-18-2021 @ 07:38:46 - Row :340 - Parsing failed. Reason: Skipped. Unknown order status (updated-tracking).
10-18-2021 @ 07:38:46 - Preparing for import.
10-18-2021 @ 07:38:46 - Row :341 - Parsing item.
10-18-2021 @ 07:38:46 - Row :341 - Parsing failed. Reason: Skipped. Unknown order status (updated-tracking).
10-18-2021 @ 07:38:46 - Row :342 - Parsing item.
10-18-2021 @ 07:38:46 - Row :342 - Parsing failed. Reason: Skipped. Unknown order status (updated-tracking).
10-18-2021 @ 07:38:46 - Row :343 - Parsing item.
10-18-2021 @ 07:38:46 - Row :343 - Parsing failed. Reason: Skipped. Unknown order status (updated-tracking).
10-18-2021 @ 07:38:46 - Row :344 - Parsing item.
10-18-2021 @ 07:38:46 - Row :344 - Parsing failed. Reason: Skipped. Unknown order status (updated-tracking).
10-18-2021 @ 07:38:46 - Row :345 - Parsing item.
10-18-2021 @ 07:38:46 - Row :345 - Parsing failed. Reason: Skipped. Unknown order status (updated-tracking).
10-18-2021 @ 07:38:46 - Row :346 - Parsing item.
10-18-2021 @ 07:38:46 - Row :346 - Parsing failed. Reason: Skipped. Unknown order status (updated-tracking).
10-18-2021 @ 07:38:46 - Row :347 - Parsing item.
10-18-2021 @ 07:38:46 - Importing as new order ID:5363
10-18-2021 @ 07:38:46 - Row :347 - Processing item.
10-18-2021 @ 07:38:46 - Found order object. ID:5363
10-18-2021 @ 07:38:47 - Row :347 - Order imported successfully.
10-18-2021 @ 07:38:47 - Row :348 - Parsing item.
10-18-2021 @ 07:38:47 - Importing as new order ID:5364
10-18-2021 @ 07:38:47 - Row :348 - Processing item.
10-18-2021 @ 07:38:48 - Found order object. ID:5364
10-18-2021 @ 07:38:49 - Row :348 - Order imported successfully.
10-18-2021 @ 07:38:49 - Row :349 - Parsing item.
10-18-2021 @ 07:38:49 - Row :349 - Parsing failed. Reason: Skipped. Unknown order status (updated-tracking).
10-18-2021 @ 07:38:49 - Row :350 - Parsing item.
10-18-2021 @ 07:38:49 - Row :350 - Parsing failed. Reason: Skipped. Unknown order status (updated-tracking).
10-18-2021 @ 07:38:49 - Preparing for import.
10-18-2021 @ 07:38:49 - Row :351 - Parsing item.
10-18-2021 @ 07:38:49 - Importing as new order ID:5372
10-18-2021 @ 07:38:49 - Row :351 - Processing item.
10-18-2021 @ 07:38:50 - Found order object. ID:5372
10-18-2021 @ 07:38:50 - Row :351 - Order imported successfully.
10-18-2021 @ 07:38:50 - Row :352 - Parsing item.
10-18-2021 @ 07:38:50 - Importing as new order ID:5373
10-18-2021 @ 07:38:50 - Row :352 - Processing item.
10-18-2021 @ 07:38:51 - Found order object. ID:5373
10-18-2021 @ 07:38:52 - Row :352 - Order imported successfully.
10-18-2021 @ 07:38:52 - Row :353 - Parsing item.
10-18-2021 @ 07:38:52 - Importing as new order ID:5374
10-18-2021 @ 07:38:52 - Row :353 - Processing item.
10-18-2021 @ 07:38:52 - Found order object. ID:5374
10-18-2021 @ 07:38:53 - Row :353 - Order imported successfully.
10-18-2021 @ 07:38:53 - Row :354 - Parsing item.
10-18-2021 @ 07:38:53 - Importing as new order ID:5375
10-18-2021 @ 07:38:53 - Row :354 - Processing item.
10-18-2021 @ 07:38:53 - Found order object. ID:5375
10-18-2021 @ 07:38:54 - Row :354 - Order imported successfully.
10-18-2021 @ 07:38:54 - Row :355 - Parsing item.
10-18-2021 @ 07:38:54 - Importing as new order ID:5376
10-18-2021 @ 07:38:54 - Row :355 - Processing item.
10-18-2021 @ 07:38:54 - Found order object. ID:5376
10-18-2021 @ 07:38:55 - Row :355 - Order imported successfully.
10-18-2021 @ 07:38:55 - Row :356 - Parsing item.
10-18-2021 @ 07:38:55 - Importing as new order ID:5377
10-18-2021 @ 07:38:55 - Row :356 - Processing item.
10-18-2021 @ 07:38:55 - Found order object. ID:5377
10-18-2021 @ 07:38:56 - Row :356 - Order imported successfully.
10-18-2021 @ 07:38:56 - Row :357 - Parsing item.
10-18-2021 @ 07:38:56 - Importing as new order ID:5378
10-18-2021 @ 07:38:56 - Row :357 - Processing item.
10-18-2021 @ 07:38:56 - Found order object. ID:5378
10-18-2021 @ 07:38:57 - Row :357 - Order imported successfully.
10-18-2021 @ 07:38:57 - Row :358 - Parsing item.
10-18-2021 @ 07:38:57 - Importing as new order ID:5379
10-18-2021 @ 07:38:57 - Row :358 - Processing item.
10-18-2021 @ 07:38:57 - Found order object. ID:5379
10-18-2021 @ 07:38:58 - Row :358 - Order imported successfully.
10-18-2021 @ 07:38:58 - Row :359 - Parsing item.
10-18-2021 @ 07:38:58 - Importing as new order ID:5380
10-18-2021 @ 07:38:58 - Row :359 - Processing item.
10-18-2021 @ 07:38:58 - Found order object. ID:5380
10-18-2021 @ 07:38:59 - Row :359 - Order imported successfully.
10-18-2021 @ 07:38:59 - Row :360 - Parsing item.
10-18-2021 @ 07:38:59 - Importing as new order ID:5381
10-18-2021 @ 07:38:59 - Row :360 - Processing item.
10-18-2021 @ 07:39:00 - Found order object. ID:5381
10-18-2021 @ 07:39:00 - Row :360 - Order imported successfully.
10-18-2021 @ 07:39:03 - Preparing for import.
10-18-2021 @ 07:39:03 - Row :361 - Parsing item.
10-18-2021 @ 07:39:03 - Importing as new order ID:5382
10-18-2021 @ 07:39:03 - Row :361 - Processing item.
10-18-2021 @ 07:39:04 - Found order object. ID:5382
10-18-2021 @ 07:39:04 - Row :361 - Order imported successfully.
10-18-2021 @ 07:39:04 - Row :362 - Parsing item.
10-18-2021 @ 07:39:04 - Importing as new order ID:5383
10-18-2021 @ 07:39:04 - Row :362 - Processing item.
10-18-2021 @ 07:39:05 - Found order object. ID:5383
10-18-2021 @ 07:39:05 - Row :362 - Order imported successfully.
10-18-2021 @ 07:39:05 - Row :363 - Parsing item.
10-18-2021 @ 07:39:05 - Importing as new order ID:5384
10-18-2021 @ 07:39:05 - Row :363 - Processing item.
10-18-2021 @ 07:39:06 - Found order object. ID:5384
10-18-2021 @ 07:39:07 - Row :363 - Order imported successfully.
10-18-2021 @ 07:39:07 - Row :364 - Parsing item.
10-18-2021 @ 07:39:07 - Importing as new order ID:5385
10-18-2021 @ 07:39:07 - Row :364 - Processing item.
10-18-2021 @ 07:39:07 - Found order object. ID:5385
10-18-2021 @ 07:39:08 - Row :364 - Order imported successfully.
10-18-2021 @ 07:39:08 - Row :365 - Parsing item.
10-18-2021 @ 07:39:08 - Importing as new order ID:5386
10-18-2021 @ 07:39:08 - Row :365 - Processing item.
10-18-2021 @ 07:39:08 - Found order object. ID:5386
10-18-2021 @ 07:39:09 - Row :365 - Order imported successfully.
10-18-2021 @ 07:39:09 - Row :366 - Parsing item.
10-18-2021 @ 07:39:09 - Importing as new order ID:5388
10-18-2021 @ 07:39:09 - Row :366 - Processing item.
10-18-2021 @ 07:39:09 - Found order object. ID:5388
10-18-2021 @ 07:39:11 - Row :366 - Order imported successfully.
10-18-2021 @ 07:39:11 - Row :367 - Parsing item.
10-18-2021 @ 07:39:11 - Importing as new order ID:5490
10-18-2021 @ 07:39:11 - Row :367 - Processing item.
10-18-2021 @ 07:39:12 - Found order object. ID:5490
10-18-2021 @ 07:39:12 - Row :367 - Order imported successfully.
10-18-2021 @ 07:39:12 - Row :368 - Parsing item.
10-18-2021 @ 07:39:13 - Importing as new order ID:5492
10-18-2021 @ 07:39:13 - Row :368 - Processing item.
10-18-2021 @ 07:39:13 - Found order object. ID:5492
10-18-2021 @ 07:39:14 - Row :368 - Order imported successfully.
10-18-2021 @ 07:39:14 - Row :369 - Parsing item.
10-18-2021 @ 07:39:14 - Importing as new order ID:5494
10-18-2021 @ 07:39:14 - Row :369 - Processing item.
10-18-2021 @ 07:39:14 - Found order object. ID:5494
10-18-2021 @ 07:39:15 - Row :369 - Order imported successfully.
10-18-2021 @ 07:39:15 - Row :370 - Parsing item.
10-18-2021 @ 07:39:15 - Importing as new order ID:5496
10-18-2021 @ 07:39:15 - Row :370 - Processing item.
10-18-2021 @ 07:39:15 - Found order object. ID:5496
10-18-2021 @ 07:39:16 - Row :370 - Order imported successfully.
10-18-2021 @ 07:39:21 - Preparing for import.
10-18-2021 @ 07:39:21 - Row :371 - Parsing item.
10-18-2021 @ 07:39:21 - Importing as new order ID:5498
10-18-2021 @ 07:39:21 - Row :371 - Processing item.
10-18-2021 @ 07:39:22 - Found order object. ID:5498
10-18-2021 @ 07:39:22 - Row :371 - Order imported successfully.
10-18-2021 @ 07:39:22 - Row :372 - Parsing item.
10-18-2021 @ 07:39:22 - Importing as new order ID:5503
10-18-2021 @ 07:39:22 - Row :372 - Processing item.
10-18-2021 @ 07:39:23 - Found order object. ID:5503
10-18-2021 @ 07:39:23 - Row :372 - Order imported successfully.
10-18-2021 @ 07:39:23 - Row :373 - Parsing item.
10-18-2021 @ 07:39:23 - Importing as new order ID:5504
10-18-2021 @ 07:39:23 - Row :373 - Processing item.
10-18-2021 @ 07:39:24 - Found order object. ID:5504
10-18-2021 @ 07:39:25 - Row :373 - Order imported successfully.
10-18-2021 @ 07:39:25 - Row :374 - Parsing item.
10-18-2021 @ 07:39:25 - Importing as new order ID:5505
10-18-2021 @ 07:39:25 - Row :374 - Processing item.
10-18-2021 @ 07:39:25 - Found order object. ID:5505
10-18-2021 @ 07:39:26 - Row :374 - Order imported successfully.
10-18-2021 @ 07:39:26 - ---[ Import ended at 2021-10-18 07:39:26]---
