10-18-2021 @ 10:05:21 - ---[ New import started at 2021-10-18 10:05:21 ] PHP Memory: 256 MB, WP Memory: 40 MB
10-18-2021 @ 10:05:21 - Preparing for import.
10-18-2021 @ 10:05:21 - Row :1 - Parsing item.
10-18-2021 @ 10:05:21 - Row :1 - Processing item.
10-18-2021 @ 10:05:21 - Processing users.
10-18-2021 @ 10:05:22 - > &#8220;92&#8221;User imported successfully. ID:92
10-18-2021 @ 10:05:22 - > Finished importing user 92
10-18-2021 @ 10:05:22 - Row :1 - User imported successfully.
10-18-2021 @ 10:05:22 - Row :2 - Parsing item.
10-18-2021 @ 10:05:22 - Row :2 - Processing item.
10-18-2021 @ 10:05:22 - Processing users.
10-18-2021 @ 10:05:22 - > &#8220;93&#8221;User imported successfully. ID:93
10-18-2021 @ 10:05:22 - > Finished importing user 93
10-18-2021 @ 10:05:22 - Row :2 - User imported successfully.
10-18-2021 @ 10:05:22 - Row :3 - Parsing item.
10-18-2021 @ 10:05:22 - Row :3 - Processing item.
10-18-2021 @ 10:05:22 - Processing users.
10-18-2021 @ 10:05:22 - > &#8220;94&#8221;User imported successfully. ID:94
10-18-2021 @ 10:05:22 - > Finished importing user 94
10-18-2021 @ 10:05:22 - Row :3 - User imported successfully.
10-18-2021 @ 10:05:22 - Row :4 - Parsing item.
10-18-2021 @ 10:05:22 - Row :4 - Processing item.
10-18-2021 @ 10:05:22 - Processing users.
10-18-2021 @ 10:05:22 - > &#8220;95&#8221;User imported successfully. ID:95
10-18-2021 @ 10:05:22 - > Finished importing user 95
10-18-2021 @ 10:05:22 - Row :4 - User imported successfully.
10-18-2021 @ 10:05:22 - Row :5 - Parsing item.
10-18-2021 @ 10:05:22 - Row :5 - Processing item.
10-18-2021 @ 10:05:22 - Processing users.
10-18-2021 @ 10:05:22 - > &#8220;96&#8221;User imported successfully. ID:96
10-18-2021 @ 10:05:22 - > Finished importing user 96
10-18-2021 @ 10:05:22 - Row :5 - User imported successfully.
10-18-2021 @ 10:05:22 - Row :6 - Parsing item.
10-18-2021 @ 10:05:22 - Row :6 - Processing item.
10-18-2021 @ 10:05:22 - Processing users.
10-18-2021 @ 10:05:23 - > &#8220;97&#8221;User imported successfully. ID:97
10-18-2021 @ 10:05:23 - > Finished importing user 97
10-18-2021 @ 10:05:23 - Row :6 - User imported successfully.
10-18-2021 @ 10:05:23 - Row :7 - Parsing item.
10-18-2021 @ 10:05:23 - Row :7 - Processing item.
10-18-2021 @ 10:05:23 - Processing users.
10-18-2021 @ 10:05:23 - > &#8220;98&#8221;User imported successfully. ID:98
10-18-2021 @ 10:05:23 - > Finished importing user 98
10-18-2021 @ 10:05:23 - Row :7 - User imported successfully.
10-18-2021 @ 10:05:23 - Row :8 - Parsing item.
10-18-2021 @ 10:05:23 - Row :8 - Processing item.
10-18-2021 @ 10:05:23 - Processing users.
10-18-2021 @ 10:05:23 - > &#8220;99&#8221;User imported successfully. ID:99
10-18-2021 @ 10:05:23 - > Finished importing user 99
10-18-2021 @ 10:05:23 - Row :8 - User imported successfully.
10-18-2021 @ 10:05:23 - Row :9 - Parsing item.
10-18-2021 @ 10:05:23 - Row :9 - Processing item.
10-18-2021 @ 10:05:23 - Processing users.
10-18-2021 @ 10:05:23 - > &#8220;100&#8221;User imported successfully. ID:100
10-18-2021 @ 10:05:23 - > Finished importing user 100
10-18-2021 @ 10:05:23 - Row :9 - User imported successfully.
10-18-2021 @ 10:05:23 - Row :10 - Parsing item.
10-18-2021 @ 10:05:23 - Row :10 - Processing item.
10-18-2021 @ 10:05:23 - Processing users.
10-18-2021 @ 10:05:24 - > &#8220;101&#8221;User imported successfully. ID:101
10-18-2021 @ 10:05:24 - > Finished importing user 101
10-18-2021 @ 10:05:24 - Row :10 - User imported successfully.
10-18-2021 @ 10:05:24 - Preparing for import.
10-18-2021 @ 10:05:24 - Row :11 - Parsing item.
10-18-2021 @ 10:05:24 - Row :11 - Processing item.
10-18-2021 @ 10:05:24 - Processing users.
10-18-2021 @ 10:05:25 - > &#8220;102&#8221;User imported successfully. ID:102
10-18-2021 @ 10:05:25 - > Finished importing user 102
10-18-2021 @ 10:05:25 - Row :11 - User imported successfully.
10-18-2021 @ 10:05:25 - Row :12 - Parsing item.
10-18-2021 @ 10:05:25 - Row :12 - Processing item.
10-18-2021 @ 10:05:25 - Processing users.
10-18-2021 @ 10:05:25 - > &#8220;103&#8221;User imported successfully. ID:103
10-18-2021 @ 10:05:25 - > Finished importing user 103
10-18-2021 @ 10:05:25 - Row :12 - User imported successfully.
10-18-2021 @ 10:05:25 - Row :13 - Parsing item.
10-18-2021 @ 10:05:25 - Row :13 - Processing item.
10-18-2021 @ 10:05:25 - Processing users.
10-18-2021 @ 10:05:25 - > &#8220;104&#8221;User imported successfully. ID:104
10-18-2021 @ 10:05:25 - > Finished importing user 104
10-18-2021 @ 10:05:25 - Row :13 - User imported successfully.
10-18-2021 @ 10:05:25 - Row :14 - Parsing item.
10-18-2021 @ 10:05:25 - Row :14 - Processing item.
10-18-2021 @ 10:05:25 - Processing users.
10-18-2021 @ 10:05:25 - > &#8220;105&#8221;User imported successfully. ID:105
10-18-2021 @ 10:05:25 - > Finished importing user 105
10-18-2021 @ 10:05:25 - Row :14 - User imported successfully.
10-18-2021 @ 10:05:25 - Row :15 - Parsing item.
10-18-2021 @ 10:05:25 - Row :15 - Processing item.
10-18-2021 @ 10:05:25 - Processing users.
10-18-2021 @ 10:05:26 - > &#8220;106&#8221;User imported successfully. ID:106
10-18-2021 @ 10:05:26 - > Finished importing user 106
10-18-2021 @ 10:05:26 - Row :15 - User imported successfully.
10-18-2021 @ 10:05:26 - Row :16 - Parsing item.
10-18-2021 @ 10:05:26 - Row :16 - Processing item.
10-18-2021 @ 10:05:26 - Processing users.
10-18-2021 @ 10:05:26 - > &#8220;107&#8221;User imported successfully. ID:107
10-18-2021 @ 10:05:26 - > Finished importing user 107
10-18-2021 @ 10:05:26 - Row :16 - User imported successfully.
10-18-2021 @ 10:05:26 - Row :17 - Parsing item.
10-18-2021 @ 10:05:26 - Row :17 - Processing item.
10-18-2021 @ 10:05:26 - Processing users.
10-18-2021 @ 10:05:26 - > &#8220;108&#8221;User imported successfully. ID:108
10-18-2021 @ 10:05:26 - > Finished importing user 108
10-18-2021 @ 10:05:26 - Row :17 - User imported successfully.
10-18-2021 @ 10:05:26 - Row :18 - Parsing item.
10-18-2021 @ 10:05:26 - Row :18 - Processing item.
10-18-2021 @ 10:05:26 - Processing users.
10-18-2021 @ 10:05:26 - > &#8220;109&#8221;User imported successfully. ID:109
10-18-2021 @ 10:05:26 - > Finished importing user 109
10-18-2021 @ 10:05:26 - Row :18 - User imported successfully.
10-18-2021 @ 10:05:26 - Row :19 - Parsing item.
10-18-2021 @ 10:05:26 - Row :19 - Processing item.
10-18-2021 @ 10:05:26 - Processing users.
10-18-2021 @ 10:05:26 - > &#8220;110&#8221;User imported successfully. ID:110
10-18-2021 @ 10:05:26 - > Finished importing user 110
10-18-2021 @ 10:05:26 - Row :19 - User imported successfully.
10-18-2021 @ 10:05:26 - Row :20 - Parsing item.
10-18-2021 @ 10:05:26 - Row :20 - Processing item.
10-18-2021 @ 10:05:26 - Processing users.
10-18-2021 @ 10:05:27 - > &#8220;111&#8221;User imported successfully. ID:111
10-18-2021 @ 10:05:27 - > Finished importing user 111
10-18-2021 @ 10:05:27 - Row :20 - User imported successfully.
10-18-2021 @ 10:05:28 - Preparing for import.
10-18-2021 @ 10:05:28 - Row :21 - Parsing item.
10-18-2021 @ 10:05:28 - Row :21 - Processing item.
10-18-2021 @ 10:05:28 - Processing users.
10-18-2021 @ 10:05:28 - > &#8220;112&#8221;User imported successfully. ID:112
10-18-2021 @ 10:05:28 - > Finished importing user 112
10-18-2021 @ 10:05:28 - Row :21 - User imported successfully.
10-18-2021 @ 10:05:28 - Row :22 - Parsing item.
10-18-2021 @ 10:05:28 - Row :22 - Processing item.
10-18-2021 @ 10:05:28 - Processing users.
10-18-2021 @ 10:05:28 - > &#8220;113&#8221;User imported successfully. ID:113
10-18-2021 @ 10:05:28 - > Finished importing user 113
10-18-2021 @ 10:05:28 - Row :22 - User imported successfully.
10-18-2021 @ 10:05:28 - Row :23 - Parsing item.
10-18-2021 @ 10:05:28 - Row :23 - Processing item.
10-18-2021 @ 10:05:28 - Processing users.
10-18-2021 @ 10:05:28 - > &#8220;114&#8221;User imported successfully. ID:114
10-18-2021 @ 10:05:28 - > Finished importing user 114
10-18-2021 @ 10:05:28 - Row :23 - User imported successfully.
10-18-2021 @ 10:05:28 - Row :24 - Parsing item.
10-18-2021 @ 10:05:28 - Row :24 - Processing item.
10-18-2021 @ 10:05:28 - Processing users.
10-18-2021 @ 10:05:29 - > &#8220;115&#8221;User imported successfully. ID:115
10-18-2021 @ 10:05:29 - > Finished importing user 115
10-18-2021 @ 10:05:29 - Row :24 - User imported successfully.
10-18-2021 @ 10:05:29 - Row :25 - Parsing item.
10-18-2021 @ 10:05:29 - Row :25 - Processing item.
10-18-2021 @ 10:05:29 - Processing users.
10-18-2021 @ 10:05:29 - > &#8220;116&#8221;User imported successfully. ID:116
10-18-2021 @ 10:05:29 - > Finished importing user 116
10-18-2021 @ 10:05:29 - Row :25 - User imported successfully.
10-18-2021 @ 10:05:29 - Row :26 - Parsing item.
10-18-2021 @ 10:05:29 - Row :26 - Processing item.
10-18-2021 @ 10:05:29 - Processing users.
10-18-2021 @ 10:05:29 - > &#8220;117&#8221;User imported successfully. ID:117
10-18-2021 @ 10:05:29 - > Finished importing user 117
10-18-2021 @ 10:05:29 - Row :26 - User imported successfully.
10-18-2021 @ 10:05:29 - Row :27 - Parsing item.
10-18-2021 @ 10:05:29 - Row :27 - Processing item.
10-18-2021 @ 10:05:29 - Processing users.
10-18-2021 @ 10:05:29 - > &#8220;118&#8221;User imported successfully. ID:118
10-18-2021 @ 10:05:29 - > Finished importing user 118
10-18-2021 @ 10:05:29 - Row :27 - User imported successfully.
10-18-2021 @ 10:05:29 - Row :28 - Parsing item.
10-18-2021 @ 10:05:29 - Row :28 - Processing item.
10-18-2021 @ 10:05:29 - Processing users.
10-18-2021 @ 10:05:30 - > &#8220;119&#8221;User imported successfully. ID:119
10-18-2021 @ 10:05:30 - > Finished importing user 119
10-18-2021 @ 10:05:30 - Row :28 - User imported successfully.
10-18-2021 @ 10:05:30 - Row :29 - Parsing item.
10-18-2021 @ 10:05:30 - Row :29 - Processing item.
10-18-2021 @ 10:05:30 - Processing users.
10-18-2021 @ 10:05:30 - > &#8220;120&#8221;User imported successfully. ID:120
10-18-2021 @ 10:05:30 - > Finished importing user 120
10-18-2021 @ 10:05:30 - Row :29 - User imported successfully.
10-18-2021 @ 10:05:30 - Row :30 - Parsing item.
10-18-2021 @ 10:05:30 - Row :30 - Processing item.
10-18-2021 @ 10:05:30 - Processing users.
10-18-2021 @ 10:05:30 - > &#8220;121&#8221;User imported successfully. ID:121
10-18-2021 @ 10:05:30 - > Finished importing user 121
10-18-2021 @ 10:05:30 - Row :30 - User imported successfully.
10-18-2021 @ 10:05:31 - Preparing for import.
10-18-2021 @ 10:05:31 - Row :31 - Parsing item.
10-18-2021 @ 10:05:31 - Row :31 - Processing item.
10-18-2021 @ 10:05:31 - Processing users.
10-18-2021 @ 10:05:31 - > &#8220;122&#8221;User imported successfully. ID:122
10-18-2021 @ 10:05:31 - > Finished importing user 122
10-18-2021 @ 10:05:31 - Row :31 - User imported successfully.
10-18-2021 @ 10:05:31 - Row :32 - Parsing item.
10-18-2021 @ 10:05:31 - Row :32 - Processing item.
10-18-2021 @ 10:05:31 - Processing users.
10-18-2021 @ 10:05:31 - > &#8220;123&#8221;User imported successfully. ID:123
10-18-2021 @ 10:05:31 - > Finished importing user 123
10-18-2021 @ 10:05:31 - Row :32 - User imported successfully.
10-18-2021 @ 10:05:31 - Row :33 - Parsing item.
10-18-2021 @ 10:05:31 - Row :33 - Processing item.
10-18-2021 @ 10:05:31 - Processing users.
10-18-2021 @ 10:05:31 - > &#8220;124&#8221;User imported successfully. ID:124
10-18-2021 @ 10:05:31 - > Finished importing user 124
10-18-2021 @ 10:05:31 - Row :33 - User imported successfully.
10-18-2021 @ 10:05:31 - Row :34 - Parsing item.
10-18-2021 @ 10:05:31 - Row :34 - Processing item.
10-18-2021 @ 10:05:31 - Processing users.
10-18-2021 @ 10:05:32 - > &#8220;125&#8221;User imported successfully. ID:125
10-18-2021 @ 10:05:32 - > Finished importing user 125
10-18-2021 @ 10:05:32 - Row :34 - User imported successfully.
10-18-2021 @ 10:05:32 - Row :35 - Parsing item.
10-18-2021 @ 10:05:32 - Row :35 - Processing item.
10-18-2021 @ 10:05:32 - Processing users.
10-18-2021 @ 10:05:32 - > &#8220;126&#8221;User imported successfully. ID:126
10-18-2021 @ 10:05:32 - > Finished importing user 126
10-18-2021 @ 10:05:32 - Row :35 - User imported successfully.
10-18-2021 @ 10:05:32 - Row :36 - Parsing item.
10-18-2021 @ 10:05:32 - Row :36 - Processing item.
10-18-2021 @ 10:05:32 - Processing users.
10-18-2021 @ 10:05:32 - > &#8220;127&#8221;User imported successfully. ID:127
10-18-2021 @ 10:05:32 - > Finished importing user 127
10-18-2021 @ 10:05:32 - Row :36 - User imported successfully.
10-18-2021 @ 10:05:32 - Row :37 - Parsing item.
10-18-2021 @ 10:05:32 - Row :37 - Processing item.
10-18-2021 @ 10:05:32 - Processing users.
10-18-2021 @ 10:05:32 - > &#8220;128&#8221;User imported successfully. ID:128
10-18-2021 @ 10:05:32 - > Finished importing user 128
10-18-2021 @ 10:05:32 - Row :37 - User imported successfully.
10-18-2021 @ 10:05:32 - Row :38 - Parsing item.
10-18-2021 @ 10:05:32 - Row :38 - Processing item.
10-18-2021 @ 10:05:32 - Processing users.
10-18-2021 @ 10:05:33 - > &#8220;129&#8221;User imported successfully. ID:129
10-18-2021 @ 10:05:33 - > Finished importing user 129
10-18-2021 @ 10:05:33 - Row :38 - User imported successfully.
10-18-2021 @ 10:05:33 - Row :39 - Parsing item.
10-18-2021 @ 10:05:33 - Row :39 - Processing item.
10-18-2021 @ 10:05:33 - Processing users.
10-18-2021 @ 10:05:33 - > &#8220;130&#8221;User imported successfully. ID:130
10-18-2021 @ 10:05:33 - > Finished importing user 130
10-18-2021 @ 10:05:33 - Row :39 - User imported successfully.
10-18-2021 @ 10:05:33 - Row :40 - Parsing item.
10-18-2021 @ 10:05:33 - Row :40 - Processing item.
10-18-2021 @ 10:05:33 - Processing users.
10-18-2021 @ 10:05:33 - > &#8220;131&#8221;User imported successfully. ID:131
10-18-2021 @ 10:05:33 - > Finished importing user 131
10-18-2021 @ 10:05:33 - Row :40 - User imported successfully.
10-18-2021 @ 10:05:34 - Preparing for import.
10-18-2021 @ 10:05:34 - Row :41 - Parsing item.
10-18-2021 @ 10:05:34 - Row :41 - Processing item.
10-18-2021 @ 10:05:34 - Processing users.
10-18-2021 @ 10:05:34 - > &#8220;132&#8221;User imported successfully. ID:132
10-18-2021 @ 10:05:34 - > Finished importing user 132
10-18-2021 @ 10:05:34 - Row :41 - User imported successfully.
10-18-2021 @ 10:05:34 - Row :42 - Parsing item.
10-18-2021 @ 10:05:34 - Row :42 - Processing item.
10-18-2021 @ 10:05:34 - Processing users.
10-18-2021 @ 10:05:35 - > &#8220;133&#8221;User imported successfully. ID:133
10-18-2021 @ 10:05:35 - > Finished importing user 133
10-18-2021 @ 10:05:35 - Row :42 - User imported successfully.
10-18-2021 @ 10:05:35 - Row :43 - Parsing item.
10-18-2021 @ 10:05:35 - Row :43 - Processing item.
10-18-2021 @ 10:05:35 - Processing users.
10-18-2021 @ 10:05:35 - > &#8220;134&#8221;User imported successfully. ID:134
10-18-2021 @ 10:05:35 - > Finished importing user 134
10-18-2021 @ 10:05:35 - Row :43 - User imported successfully.
10-18-2021 @ 10:05:35 - Row :44 - Parsing item.
10-18-2021 @ 10:05:35 - Row :44 - Processing item.
10-18-2021 @ 10:05:35 - Processing users.
10-18-2021 @ 10:05:35 - > &#8220;135&#8221;User imported successfully. ID:135
10-18-2021 @ 10:05:35 - > Finished importing user 135
10-18-2021 @ 10:05:35 - Row :44 - User imported successfully.
10-18-2021 @ 10:05:35 - Row :45 - Parsing item.
10-18-2021 @ 10:05:35 - Row :45 - Processing item.
10-18-2021 @ 10:05:35 - Processing users.
10-18-2021 @ 10:05:35 - > &#8220;136&#8221;User imported successfully. ID:136
10-18-2021 @ 10:05:35 - > Finished importing user 136
10-18-2021 @ 10:05:35 - Row :45 - User imported successfully.
10-18-2021 @ 10:05:35 - Row :46 - Parsing item.
10-18-2021 @ 10:05:35 - Row :46 - Processing item.
10-18-2021 @ 10:05:35 - Processing users.
10-18-2021 @ 10:05:35 - > &#8220;137&#8221;User imported successfully. ID:137
10-18-2021 @ 10:05:35 - > Finished importing user 137
10-18-2021 @ 10:05:35 - Row :46 - User imported successfully.
10-18-2021 @ 10:05:36 - Row :47 - Parsing item.
10-18-2021 @ 10:05:36 - Row :47 - Processing item.
10-18-2021 @ 10:05:36 - Processing users.
10-18-2021 @ 10:05:36 - > &#8220;138&#8221;User imported successfully. ID:138
10-18-2021 @ 10:05:36 - > Finished importing user 138
10-18-2021 @ 10:05:36 - Row :47 - User imported successfully.
10-18-2021 @ 10:05:36 - Row :48 - Parsing item.
10-18-2021 @ 10:05:36 - Row :48 - Processing item.
10-18-2021 @ 10:05:36 - Processing users.
10-18-2021 @ 10:05:36 - > &#8220;139&#8221;User imported successfully. ID:139
10-18-2021 @ 10:05:36 - > Finished importing user 139
10-18-2021 @ 10:05:36 - Row :48 - User imported successfully.
10-18-2021 @ 10:05:36 - Row :49 - Parsing item.
10-18-2021 @ 10:05:36 - Row :49 - Processing item.
10-18-2021 @ 10:05:36 - Processing users.
10-18-2021 @ 10:05:36 - > &#8220;140&#8221;User imported successfully. ID:140
10-18-2021 @ 10:05:36 - > Finished importing user 140
10-18-2021 @ 10:05:36 - Row :49 - User imported successfully.
10-18-2021 @ 10:05:36 - Row :50 - Parsing item.
10-18-2021 @ 10:05:36 - Row :50 - Processing item.
10-18-2021 @ 10:05:36 - Processing users.
10-18-2021 @ 10:05:37 - > &#8220;141&#8221;User imported successfully. ID:141
10-18-2021 @ 10:05:37 - > Finished importing user 141
10-18-2021 @ 10:05:37 - Row :50 - User imported successfully.
10-18-2021 @ 10:05:37 - Preparing for import.
10-18-2021 @ 10:05:37 - Row :51 - Parsing item.
10-18-2021 @ 10:05:37 - Row :51 - Processing item.
10-18-2021 @ 10:05:37 - Processing users.
10-18-2021 @ 10:05:37 - > &#8220;142&#8221;User imported successfully. ID:142
10-18-2021 @ 10:05:37 - > Finished importing user 142
10-18-2021 @ 10:05:37 - Row :51 - User imported successfully.
10-18-2021 @ 10:05:37 - Row :52 - Parsing item.
10-18-2021 @ 10:05:37 - Row :52 - Processing item.
10-18-2021 @ 10:05:37 - Processing users.
10-18-2021 @ 10:05:38 - > &#8220;143&#8221;User imported successfully. ID:143
10-18-2021 @ 10:05:38 - > Finished importing user 143
10-18-2021 @ 10:05:38 - Row :52 - User imported successfully.
10-18-2021 @ 10:05:38 - Row :53 - Parsing item.
10-18-2021 @ 10:05:38 - Row :53 - Processing item.
10-18-2021 @ 10:05:38 - Processing users.
10-18-2021 @ 10:05:38 - > &#8220;144&#8221;User imported successfully. ID:144
10-18-2021 @ 10:05:38 - > Finished importing user 144
10-18-2021 @ 10:05:38 - Row :53 - User imported successfully.
10-18-2021 @ 10:05:38 - Row :54 - Parsing item.
10-18-2021 @ 10:05:38 - Row :54 - Processing item.
10-18-2021 @ 10:05:38 - Processing users.
10-18-2021 @ 10:05:38 - > &#8220;145&#8221;User imported successfully. ID:145
10-18-2021 @ 10:05:38 - > Finished importing user 145
10-18-2021 @ 10:05:38 - Row :54 - User imported successfully.
10-18-2021 @ 10:05:38 - Row :55 - Parsing item.
10-18-2021 @ 10:05:38 - Row :55 - Processing item.
10-18-2021 @ 10:05:38 - Processing users.
10-18-2021 @ 10:05:38 - > &#8220;146&#8221;User imported successfully. ID:146
10-18-2021 @ 10:05:39 - > Finished importing user 146
10-18-2021 @ 10:05:39 - Row :55 - User imported successfully.
10-18-2021 @ 10:05:39 - Row :56 - Parsing item.
10-18-2021 @ 10:05:39 - Row :56 - Processing item.
10-18-2021 @ 10:05:39 - Processing users.
10-18-2021 @ 10:05:39 - > &#8220;147&#8221;User imported successfully. ID:147
10-18-2021 @ 10:05:39 - > Finished importing user 147
10-18-2021 @ 10:05:39 - Row :56 - User imported successfully.
10-18-2021 @ 10:05:39 - Row :57 - Parsing item.
10-18-2021 @ 10:05:39 - Row :57 - Processing item.
10-18-2021 @ 10:05:39 - Processing users.
10-18-2021 @ 10:05:39 - > &#8220;148&#8221;User imported successfully. ID:148
10-18-2021 @ 10:05:39 - > Finished importing user 148
10-18-2021 @ 10:05:39 - Row :57 - User imported successfully.
10-18-2021 @ 10:05:39 - Row :58 - Parsing item.
10-18-2021 @ 10:05:39 - Row :58 - Processing item.
10-18-2021 @ 10:05:39 - Processing users.
10-18-2021 @ 10:05:39 - > &#8220;149&#8221;User imported successfully. ID:149
10-18-2021 @ 10:05:39 - > Finished importing user 149
10-18-2021 @ 10:05:39 - Row :58 - User imported successfully.
10-18-2021 @ 10:05:39 - Row :59 - Parsing item.
10-18-2021 @ 10:05:39 - Row :59 - Processing item.
10-18-2021 @ 10:05:39 - Processing users.
10-18-2021 @ 10:05:39 - > &#8220;150&#8221;User imported successfully. ID:150
10-18-2021 @ 10:05:39 - > Finished importing user 150
10-18-2021 @ 10:05:39 - Row :59 - User imported successfully.
10-18-2021 @ 10:05:39 - Row :60 - Parsing item.
10-18-2021 @ 10:05:39 - Row :60 - Processing item.
10-18-2021 @ 10:05:39 - Processing users.
10-18-2021 @ 10:05:39 - > &#8220;151&#8221;User imported successfully. ID:151
10-18-2021 @ 10:05:39 - > Finished importing user 151
10-18-2021 @ 10:05:39 - Row :60 - User imported successfully.
10-18-2021 @ 10:05:40 - Preparing for import.
10-18-2021 @ 10:05:40 - Row :61 - Parsing item.
10-18-2021 @ 10:05:40 - Row :61 - Processing item.
10-18-2021 @ 10:05:40 - Processing users.
10-18-2021 @ 10:05:40 - > &#8220;152&#8221;User imported successfully. ID:152
10-18-2021 @ 10:05:40 - > Finished importing user 152
10-18-2021 @ 10:05:40 - Row :61 - User imported successfully.
10-18-2021 @ 10:05:40 - Row :62 - Parsing item.
10-18-2021 @ 10:05:40 - Row :62 - Processing item.
10-18-2021 @ 10:05:40 - Processing users.
10-18-2021 @ 10:05:40 - > &#8220;153&#8221;User imported successfully. ID:153
10-18-2021 @ 10:05:40 - > Finished importing user 153
10-18-2021 @ 10:05:40 - Row :62 - User imported successfully.
10-18-2021 @ 10:05:40 - Row :63 - Parsing item.
10-18-2021 @ 10:05:40 - Row :63 - Processing item.
10-18-2021 @ 10:05:40 - Processing users.
10-18-2021 @ 10:05:41 - > &#8220;154&#8221;User imported successfully. ID:154
10-18-2021 @ 10:05:41 - > Finished importing user 154
10-18-2021 @ 10:05:41 - Row :63 - User imported successfully.
10-18-2021 @ 10:05:41 - Row :64 - Parsing item.
10-18-2021 @ 10:05:41 - Row :64 - Processing item.
10-18-2021 @ 10:05:41 - Processing users.
10-18-2021 @ 10:05:41 - > &#8220;155&#8221;User imported successfully. ID:155
10-18-2021 @ 10:05:41 - > Finished importing user 155
10-18-2021 @ 10:05:41 - Row :64 - User imported successfully.
10-18-2021 @ 10:05:41 - Row :65 - Parsing item.
10-18-2021 @ 10:05:41 - Row :65 - Processing item.
10-18-2021 @ 10:05:41 - Processing users.
10-18-2021 @ 10:05:41 - > &#8220;156&#8221;User imported successfully. ID:156
10-18-2021 @ 10:05:41 - > Finished importing user 156
10-18-2021 @ 10:05:41 - Row :65 - User imported successfully.
10-18-2021 @ 10:05:41 - Row :66 - Parsing item.
10-18-2021 @ 10:05:41 - Row :66 - Processing item.
10-18-2021 @ 10:05:41 - Processing users.
10-18-2021 @ 10:05:41 - > &#8220;157&#8221;User imported successfully. ID:157
10-18-2021 @ 10:05:41 - > Finished importing user 157
10-18-2021 @ 10:05:41 - Row :66 - User imported successfully.
10-18-2021 @ 10:05:41 - Row :67 - Parsing item.
10-18-2021 @ 10:05:41 - Row :67 - Processing item.
10-18-2021 @ 10:05:41 - Processing users.
10-18-2021 @ 10:05:41 - > &#8220;158&#8221;User imported successfully. ID:158
10-18-2021 @ 10:05:41 - > Finished importing user 158
10-18-2021 @ 10:05:41 - Row :67 - User imported successfully.
10-18-2021 @ 10:05:41 - Row :68 - Parsing item.
10-18-2021 @ 10:05:41 - Row :68 - Processing item.
10-18-2021 @ 10:05:41 - Processing users.
10-18-2021 @ 10:05:42 - > &#8220;159&#8221;User imported successfully. ID:159
10-18-2021 @ 10:05:42 - > Finished importing user 159
10-18-2021 @ 10:05:42 - Row :68 - User imported successfully.
10-18-2021 @ 10:05:42 - Row :69 - Parsing item.
10-18-2021 @ 10:05:42 - Row :69 - Processing item.
10-18-2021 @ 10:05:42 - Processing users.
10-18-2021 @ 10:05:42 - > &#8220;160&#8221;User imported successfully. ID:160
10-18-2021 @ 10:05:42 - > Finished importing user 160
10-18-2021 @ 10:05:42 - Row :69 - User imported successfully.
10-18-2021 @ 10:05:42 - Row :70 - Parsing item.
10-18-2021 @ 10:05:42 - Row :70 - Processing item.
10-18-2021 @ 10:05:42 - Processing users.
10-18-2021 @ 10:05:42 - > &#8220;161&#8221;User imported successfully. ID:161
10-18-2021 @ 10:05:42 - > Finished importing user 161
10-18-2021 @ 10:05:42 - Row :70 - User imported successfully.
10-18-2021 @ 10:05:43 - Preparing for import.
10-18-2021 @ 10:05:43 - Row :71 - Parsing item.
10-18-2021 @ 10:05:43 - Row :71 - Processing item.
10-18-2021 @ 10:05:43 - Processing users.
10-18-2021 @ 10:05:43 - > &#8220;162&#8221;User imported successfully. ID:162
10-18-2021 @ 10:05:43 - > Finished importing user 162
10-18-2021 @ 10:05:43 - Row :71 - User imported successfully.
10-18-2021 @ 10:05:43 - Row :72 - Parsing item.
10-18-2021 @ 10:05:43 - Row :72 - Processing item.
10-18-2021 @ 10:05:43 - Processing users.
10-18-2021 @ 10:05:43 - > &#8220;163&#8221;User imported successfully. ID:163
10-18-2021 @ 10:05:43 - > Finished importing user 163
10-18-2021 @ 10:05:43 - Row :72 - User imported successfully.
10-18-2021 @ 10:05:43 - Row :73 - Parsing item.
10-18-2021 @ 10:05:43 - Row :73 - Processing item.
10-18-2021 @ 10:05:43 - Processing users.
10-18-2021 @ 10:05:44 - > &#8220;164&#8221;User imported successfully. ID:164
10-18-2021 @ 10:05:44 - > Finished importing user 164
10-18-2021 @ 10:05:44 - Row :73 - User imported successfully.
10-18-2021 @ 10:05:44 - Row :74 - Parsing item.
10-18-2021 @ 10:05:44 - Row :74 - Processing item.
10-18-2021 @ 10:05:44 - Processing users.
10-18-2021 @ 10:05:44 - > &#8220;165&#8221;User imported successfully. ID:165
10-18-2021 @ 10:05:44 - > Finished importing user 165
10-18-2021 @ 10:05:44 - Row :74 - User imported successfully.
10-18-2021 @ 10:05:44 - Row :75 - Parsing item.
10-18-2021 @ 10:05:44 - Row :75 - Processing item.
10-18-2021 @ 10:05:44 - Processing users.
10-18-2021 @ 10:05:44 - > &#8220;166&#8221;User imported successfully. ID:166
10-18-2021 @ 10:05:44 - > Finished importing user 166
10-18-2021 @ 10:05:44 - Row :75 - User imported successfully.
10-18-2021 @ 10:05:44 - Row :76 - Parsing item.
10-18-2021 @ 10:05:44 - Row :76 - Processing item.
10-18-2021 @ 10:05:44 - Processing users.
10-18-2021 @ 10:05:44 - > &#8220;167&#8221;User imported successfully. ID:167
10-18-2021 @ 10:05:44 - > Finished importing user 167
10-18-2021 @ 10:05:44 - Row :76 - User imported successfully.
10-18-2021 @ 10:05:44 - Row :77 - Parsing item.
10-18-2021 @ 10:05:44 - Row :77 - Processing item.
10-18-2021 @ 10:05:44 - Processing users.
10-18-2021 @ 10:05:44 - > &#8220;168&#8221;User imported successfully. ID:168
10-18-2021 @ 10:05:44 - > Finished importing user 168
10-18-2021 @ 10:05:44 - Row :77 - User imported successfully.
10-18-2021 @ 10:05:44 - Row :78 - Parsing item.
10-18-2021 @ 10:05:44 - Row :78 - Processing item.
10-18-2021 @ 10:05:44 - Processing users.
10-18-2021 @ 10:05:45 - > &#8220;169&#8221;User imported successfully. ID:169
10-18-2021 @ 10:05:45 - > Finished importing user 169
10-18-2021 @ 10:05:45 - Row :78 - User imported successfully.
10-18-2021 @ 10:05:45 - Row :79 - Parsing item.
10-18-2021 @ 10:05:45 - Row :79 - Processing item.
10-18-2021 @ 10:05:45 - Processing users.
10-18-2021 @ 10:05:45 - > &#8220;170&#8221;User imported successfully. ID:170
10-18-2021 @ 10:05:45 - > Finished importing user 170
10-18-2021 @ 10:05:45 - Row :79 - User imported successfully.
10-18-2021 @ 10:05:45 - Row :80 - Parsing item.
10-18-2021 @ 10:05:45 - Row :80 - Processing item.
10-18-2021 @ 10:05:45 - Processing users.
10-18-2021 @ 10:05:45 - > &#8220;171&#8221;User imported successfully. ID:171
10-18-2021 @ 10:05:45 - > Finished importing user 171
10-18-2021 @ 10:05:45 - Row :80 - User imported successfully.
10-18-2021 @ 10:05:46 - Preparing for import.
10-18-2021 @ 10:05:46 - Row :81 - Parsing item.
10-18-2021 @ 10:05:46 - Row :81 - Processing item.
10-18-2021 @ 10:05:46 - Processing users.
10-18-2021 @ 10:05:46 - > &#8220;172&#8221;User imported successfully. ID:172
10-18-2021 @ 10:05:46 - > Finished importing user 172
10-18-2021 @ 10:05:46 - Row :81 - User imported successfully.
10-18-2021 @ 10:05:46 - Row :82 - Parsing item.
10-18-2021 @ 10:05:46 - Row :82 - Processing item.
10-18-2021 @ 10:05:46 - Processing users.
10-18-2021 @ 10:05:46 - > &#8220;173&#8221;User imported successfully. ID:173
10-18-2021 @ 10:05:46 - > Finished importing user 173
10-18-2021 @ 10:05:46 - Row :82 - User imported successfully.
10-18-2021 @ 10:05:46 - Row :83 - Parsing item.
10-18-2021 @ 10:05:46 - Row :83 - Processing item.
10-18-2021 @ 10:05:46 - Processing users.
10-18-2021 @ 10:05:47 - > &#8220;174&#8221;User imported successfully. ID:174
10-18-2021 @ 10:05:47 - > Finished importing user 174
10-18-2021 @ 10:05:47 - Row :83 - User imported successfully.
10-18-2021 @ 10:05:47 - Row :84 - Parsing item.
10-18-2021 @ 10:05:47 - Row :84 - Processing item.
10-18-2021 @ 10:05:47 - Processing users.
10-18-2021 @ 10:05:47 - > &#8220;175&#8221;User imported successfully. ID:175
10-18-2021 @ 10:05:47 - > Finished importing user 175
10-18-2021 @ 10:05:47 - Row :84 - User imported successfully.
10-18-2021 @ 10:05:47 - Row :85 - Parsing item.
10-18-2021 @ 10:05:47 - Row :85 - Processing item.
10-18-2021 @ 10:05:47 - Processing users.
10-18-2021 @ 10:05:47 - > &#8220;176&#8221;User imported successfully. ID:176
10-18-2021 @ 10:05:47 - > Finished importing user 176
10-18-2021 @ 10:05:47 - Row :85 - User imported successfully.
10-18-2021 @ 10:05:47 - Row :86 - Parsing item.
10-18-2021 @ 10:05:47 - Row :86 - Processing item.
10-18-2021 @ 10:05:47 - Processing users.
10-18-2021 @ 10:05:47 - > &#8220;177&#8221;User imported successfully. ID:177
10-18-2021 @ 10:05:47 - > Finished importing user 177
10-18-2021 @ 10:05:47 - Row :86 - User imported successfully.
10-18-2021 @ 10:05:47 - Row :87 - Parsing item.
10-18-2021 @ 10:05:47 - Row :87 - Processing item.
10-18-2021 @ 10:05:47 - Processing users.
10-18-2021 @ 10:05:48 - > &#8220;178&#8221;User imported successfully. ID:178
10-18-2021 @ 10:05:48 - > Finished importing user 178
10-18-2021 @ 10:05:48 - Row :87 - User imported successfully.
10-18-2021 @ 10:05:48 - Row :88 - Parsing item.
10-18-2021 @ 10:05:48 - Row :88 - Processing item.
10-18-2021 @ 10:05:48 - Processing users.
10-18-2021 @ 10:05:48 - > &#8220;179&#8221;User imported successfully. ID:179
10-18-2021 @ 10:05:48 - > Finished importing user 179
10-18-2021 @ 10:05:48 - Row :88 - User imported successfully.
10-18-2021 @ 10:05:48 - Row :89 - Parsing item.
10-18-2021 @ 10:05:48 - Row :89 - Processing item.
10-18-2021 @ 10:05:48 - Processing users.
10-18-2021 @ 10:05:48 - > &#8220;180&#8221;User imported successfully. ID:180
10-18-2021 @ 10:05:48 - > Finished importing user 180
10-18-2021 @ 10:05:48 - Row :89 - User imported successfully.
10-18-2021 @ 10:05:48 - Row :90 - Parsing item.
10-18-2021 @ 10:05:48 - Row :90 - Processing item.
10-18-2021 @ 10:05:48 - Processing users.
10-18-2021 @ 10:05:48 - > &#8220;181&#8221;User imported successfully. ID:181
10-18-2021 @ 10:05:48 - > Finished importing user 181
10-18-2021 @ 10:05:48 - Row :90 - User imported successfully.
10-18-2021 @ 10:05:49 - Preparing for import.
10-18-2021 @ 10:05:49 - Row :91 - Parsing item.
10-18-2021 @ 10:05:49 - Row :91 - Processing item.
10-18-2021 @ 10:05:49 - Processing users.
10-18-2021 @ 10:05:49 - > &#8220;182&#8221;User imported successfully. ID:182
10-18-2021 @ 10:05:49 - > Finished importing user 182
10-18-2021 @ 10:05:49 - Row :91 - User imported successfully.
10-18-2021 @ 10:05:49 - Row :92 - Parsing item.
10-18-2021 @ 10:05:49 - Row :92 - Processing item.
10-18-2021 @ 10:05:49 - Processing users.
10-18-2021 @ 10:05:50 - > &#8220;183&#8221;User imported successfully. ID:183
10-18-2021 @ 10:05:50 - > Finished importing user 183
10-18-2021 @ 10:05:50 - Row :92 - User imported successfully.
10-18-2021 @ 10:05:50 - Row :93 - Parsing item.
10-18-2021 @ 10:05:50 - Row :93 - Processing item.
10-18-2021 @ 10:05:50 - Processing users.
10-18-2021 @ 10:05:50 - > &#8220;184&#8221;User imported successfully. ID:184
10-18-2021 @ 10:05:50 - > Finished importing user 184
10-18-2021 @ 10:05:50 - Row :93 - User imported successfully.
10-18-2021 @ 10:05:50 - ---[ Import ended at 2021-10-18 10:05:50]---
