10-18-2021 @ 10:29:22 - ---[ New import started at 2021-10-18 10:29:22 ] PHP Memory: 256 MB, WP Memory: 40 MB
10-18-2021 @ 10:29:22 - Preparing for import.
10-18-2021 @ 10:29:22 - Row :1 - Parsing item.
10-18-2021 @ 10:29:22 - Row :1 - Parsing failed. Reason: Skipped. Unknown order status (delivered).
10-18-2021 @ 10:29:22 - Row :2 - Parsing item.
10-18-2021 @ 10:29:22 - Row :2 - Parsing failed. Reason: Skipped. Unknown order status (delivered).
10-18-2021 @ 10:29:22 - Row :3 - Parsing item.
10-18-2021 @ 10:29:22 - Row :3 - Parsing failed. Reason: Skipped. Unknown order status (delivered).
10-18-2021 @ 10:29:22 - Row :4 - Parsing item.
10-18-2021 @ 10:29:22 - Row :4 - Parsing failed. Reason: Skipped. Unknown order status (delivered).
10-18-2021 @ 10:29:22 - Row :5 - Parsing item.
10-18-2021 @ 10:29:22 - Row :5 - Parsing failed. Reason: Skipped. Unknown order status (delivered).
10-18-2021 @ 10:29:22 - Row :6 - Parsing item.
10-18-2021 @ 10:29:22 - Row :6 - Parsing failed. Reason: Skipped. Unknown order status (delivered).
10-18-2021 @ 10:29:22 - Row :7 - Parsing item.
10-18-2021 @ 10:29:22 - Row :7 - Parsing failed. Reason: Skipped. Unknown order status (delivered).
10-18-2021 @ 10:29:22 - Row :8 - Parsing item.
10-18-2021 @ 10:29:22 - Row :8 - Parsing failed. Reason: Skipped. Unknown order status (delivered).
10-18-2021 @ 10:29:22 - Row :9 - Parsing item.
10-18-2021 @ 10:29:22 - Row :9 - Parsing failed. Reason: Skipped. Unknown order status (delivered).
10-18-2021 @ 10:29:22 - Row :10 - Parsing item.
10-18-2021 @ 10:29:22 - Row :10 - Parsing failed. Reason: Skipped. Unknown order status (delivered).
10-18-2021 @ 10:29:22 - Preparing for import.
10-18-2021 @ 10:29:22 - Row :11 - Parsing item.
10-18-2021 @ 10:29:22 - Row :11 - Parsing failed. Reason: Skipped. Unknown order status (delivered).
10-18-2021 @ 10:29:22 - Row :12 - Parsing item.
10-18-2021 @ 10:29:22 - Row :12 - Parsing failed. Reason: Skipped. Unknown order status (delivered).
10-18-2021 @ 10:29:22 - Row :13 - Parsing item.
10-18-2021 @ 10:29:22 - Row :13 - Parsing failed. Reason: Skipped. Unknown order status (delivered).
10-18-2021 @ 10:29:22 - Row :14 - Parsing item.
10-18-2021 @ 10:29:22 - Row :14 - Parsing failed. Reason: Skipped. Unknown order status (delivered).
10-18-2021 @ 10:29:22 - Row :15 - Parsing item.
10-18-2021 @ 10:29:22 - Row :15 - Parsing failed. Reason: Skipped. Unknown order status (delivered).
10-18-2021 @ 10:29:22 - Row :16 - Parsing item.
10-18-2021 @ 10:29:22 - Row :16 - Parsing failed. Reason: Skipped. Unknown order status (delivered).
10-18-2021 @ 10:29:22 - Row :17 - Parsing item.
10-18-2021 @ 10:29:22 - Row :17 - Parsing failed. Reason: Skipped. Unknown order status (delivered).
10-18-2021 @ 10:29:22 - Row :18 - Parsing item.
10-18-2021 @ 10:29:22 - Row :18 - Parsing failed. Reason: Skipped. Unknown order status (delivered).
10-18-2021 @ 10:29:22 - Row :19 - Parsing item.
10-18-2021 @ 10:29:22 - Importing as new order ID:3035
10-18-2021 @ 10:29:22 - Row :19 - Processing item.
10-18-2021 @ 10:29:23 - Found order object. ID:3035
10-18-2021 @ 10:29:24 - Row :19 - Order imported successfully.
10-18-2021 @ 10:29:24 - Row :20 - Parsing item.
10-18-2021 @ 10:29:24 - Row :20 - Parsing failed. Reason: Skipped. Unknown order status (delivered).
10-18-2021 @ 10:29:24 - Preparing for import.
10-18-2021 @ 10:29:24 - Row :21 - Parsing item.
10-18-2021 @ 10:29:24 - Row :21 - Parsing failed. Reason: Skipped. Unknown order status (delivered).
10-18-2021 @ 10:29:24 - Row :22 - Parsing item.
10-18-2021 @ 10:29:24 - Row :22 - Parsing failed. Reason: Skipped. Unknown order status (delivered).
10-18-2021 @ 10:29:24 - Row :23 - Parsing item.
10-18-2021 @ 10:29:24 - Row :23 - Parsing failed. Reason: Skipped. Unknown order status (delivered).
10-18-2021 @ 10:29:24 - Row :24 - Parsing item.
10-18-2021 @ 10:29:24 - Row :24 - Parsing failed. Reason: Skipped. Unknown order status (delivered).
10-18-2021 @ 10:29:24 - Row :25 - Parsing item.
10-18-2021 @ 10:29:24 - Row :25 - Parsing failed. Reason: Skipped. Unknown order status (delivered).
10-18-2021 @ 10:29:24 - Row :26 - Parsing item.
10-18-2021 @ 10:29:24 - Row :26 - Parsing failed. Reason: Skipped. Unknown order status (delivered).
10-18-2021 @ 10:29:24 - Row :27 - Parsing item.
10-18-2021 @ 10:29:24 - Row :27 - Parsing failed. Reason: Skipped. Unknown order status (delivered).
10-18-2021 @ 10:29:24 - Row :28 - Parsing item.
10-18-2021 @ 10:29:24 - Importing as new order ID:3479
10-18-2021 @ 10:29:24 - Row :28 - Processing item.
10-18-2021 @ 10:29:25 - Found order object. ID:3479
10-18-2021 @ 10:29:25 - Row :28 - Order imported successfully.
10-18-2021 @ 10:29:25 - Row :29 - Parsing item.
10-18-2021 @ 10:29:25 - Row :29 - Parsing failed. Reason: Skipped. Unknown order status (delivered).
10-18-2021 @ 10:29:25 - Row :30 - Parsing item.
10-18-2021 @ 10:29:25 - Row :30 - Parsing failed. Reason: Skipped. Unknown order status (delivered).
10-18-2021 @ 10:29:26 - Preparing for import.
10-18-2021 @ 10:29:26 - Row :31 - Parsing item.
10-18-2021 @ 10:29:26 - Row :31 - Parsing failed. Reason: Skipped. Unknown order status (delivered).
10-18-2021 @ 10:29:26 - Row :32 - Parsing item.
10-18-2021 @ 10:29:26 - Row :32 - Parsing failed. Reason: Skipped. Unknown order status (delivered).
10-18-2021 @ 10:29:26 - Row :33 - Parsing item.
10-18-2021 @ 10:29:26 - Importing as new order ID:3566
10-18-2021 @ 10:29:26 - Row :33 - Processing item.
10-18-2021 @ 10:29:27 - Found order object. ID:3566
10-18-2021 @ 10:29:27 - Row :33 - Order imported successfully.
10-18-2021 @ 10:29:27 - Row :34 - Parsing item.
10-18-2021 @ 10:29:28 - Importing as new order ID:3720
10-18-2021 @ 10:29:28 - Row :34 - Processing item.
10-18-2021 @ 10:29:28 - Found order object. ID:3720
10-18-2021 @ 10:29:28 - Row :34 - Order imported successfully.
10-18-2021 @ 10:29:28 - Row :35 - Parsing item.
10-18-2021 @ 10:29:28 - Importing as new order ID:3722
10-18-2021 @ 10:29:28 - Row :35 - Processing item.
10-18-2021 @ 10:29:29 - Found order object. ID:3722
10-18-2021 @ 10:29:29 - Row :35 - Order imported successfully.
10-18-2021 @ 10:29:29 - Row :36 - Parsing item.
10-18-2021 @ 10:29:29 - Importing as new order ID:3724
10-18-2021 @ 10:29:29 - Row :36 - Processing item.
10-18-2021 @ 10:29:30 - Found order object. ID:3724
10-18-2021 @ 10:29:30 - Row :36 - Order imported successfully.
10-18-2021 @ 10:29:30 - Row :37 - Parsing item.
10-18-2021 @ 10:29:30 - Importing as new order ID:3761
10-18-2021 @ 10:29:30 - Row :37 - Processing item.
10-18-2021 @ 10:29:31 - Found order object. ID:3761
10-18-2021 @ 10:29:31 - Row :37 - Order imported successfully.
10-18-2021 @ 10:29:31 - Row :38 - Parsing item.
10-18-2021 @ 10:29:31 - Importing as new order ID:3999
10-18-2021 @ 10:29:31 - Row :38 - Processing item.
10-18-2021 @ 10:29:32 - Found order object. ID:3999
10-18-2021 @ 10:29:33 - Row :38 - Order imported successfully.
10-18-2021 @ 10:29:33 - Row :39 - Parsing item.
10-18-2021 @ 10:29:33 - Row :39 - Parsing failed. Reason: Skipped. Unknown order status (awaiting-shipment).
10-18-2021 @ 10:29:33 - Row :40 - Parsing item.
10-18-2021 @ 10:29:33 - Row :40 - Parsing failed. Reason: Skipped. Unknown order status (awaiting-shipment).
10-18-2021 @ 10:29:34 - Preparing for import.
10-18-2021 @ 10:29:34 - Row :41 - Parsing item.
10-18-2021 @ 10:29:34 - Row :41 - Parsing failed. Reason: Skipped. Unknown order status (awaiting-shipment).
10-18-2021 @ 10:29:34 - Row :42 - Parsing item.
10-18-2021 @ 10:29:34 - Row :42 - Parsing failed. Reason: Skipped. Unknown order status (awaiting-shipment).
10-18-2021 @ 10:29:34 - Row :43 - Parsing item.
10-18-2021 @ 10:29:34 - Importing as new order ID:4103
10-18-2021 @ 10:29:34 - Row :43 - Processing item.
10-18-2021 @ 10:29:35 - Found order object. ID:4103
10-18-2021 @ 10:29:36 - Row :43 - Order imported successfully.
10-18-2021 @ 10:29:36 - Row :44 - Parsing item.
10-18-2021 @ 10:29:36 - Importing as new order ID:4104
10-18-2021 @ 10:29:36 - Row :44 - Processing item.
10-18-2021 @ 10:29:36 - Found order object. ID:4104
10-18-2021 @ 10:29:36 - Row :44 - Order imported successfully.
10-18-2021 @ 10:29:36 - Row :45 - Parsing item.
10-18-2021 @ 10:29:36 - Importing as new order ID:4105
10-18-2021 @ 10:29:36 - Row :45 - Processing item.
10-18-2021 @ 10:29:37 - Found order object. ID:4105
10-18-2021 @ 10:29:38 - Row :45 - Order imported successfully.
10-18-2021 @ 10:29:38 - Row :46 - Parsing item.
10-18-2021 @ 10:29:38 - Row :46 - Parsing failed. Reason: Skipped. Unknown order status (awaiting-shipment).
10-18-2021 @ 10:29:38 - Row :47 - Parsing item.
10-18-2021 @ 10:29:38 - Importing as new order ID:4107
10-18-2021 @ 10:29:38 - Row :47 - Processing item.
10-18-2021 @ 10:29:38 - Found order object. ID:4107
10-18-2021 @ 10:29:39 - Row :47 - Order imported successfully.
10-18-2021 @ 10:29:39 - Row :48 - Parsing item.
10-18-2021 @ 10:29:39 - Importing as new order ID:4108
10-18-2021 @ 10:29:39 - Row :48 - Processing item.
10-18-2021 @ 10:29:39 - Found order object. ID:4108
10-18-2021 @ 10:29:40 - Row :48 - Order imported successfully.
10-18-2021 @ 10:29:40 - Row :49 - Parsing item.
10-18-2021 @ 10:29:40 - Row :49 - Parsing failed. Reason: Skipped. Unknown order status (awaiting-shipment).
10-18-2021 @ 10:29:40 - Row :50 - Parsing item.
10-18-2021 @ 10:29:40 - Row :50 - Parsing failed. Reason: Skipped. Unknown order status (awaiting-shipment).
10-18-2021 @ 10:29:42 - Preparing for import.
10-18-2021 @ 10:29:42 - Row :51 - Parsing item.
10-18-2021 @ 10:29:42 - Importing as new order ID:4111
10-18-2021 @ 10:29:42 - Row :51 - Processing item.
10-18-2021 @ 10:29:43 - Found order object. ID:4111
10-18-2021 @ 10:29:44 - Row :51 - Order imported successfully.
10-18-2021 @ 10:29:44 - Row :52 - Parsing item.
10-18-2021 @ 10:29:44 - Importing as new order ID:4112
10-18-2021 @ 10:29:44 - Row :52 - Processing item.
10-18-2021 @ 10:29:44 - Found order object. ID:4112
10-18-2021 @ 10:29:45 - Row :52 - Order imported successfully.
10-18-2021 @ 10:29:45 - Row :53 - Parsing item.
10-18-2021 @ 10:29:45 - Row :53 - Parsing failed. Reason: Skipped. Unknown order status (awaiting-shipment).
10-18-2021 @ 10:29:45 - Row :54 - Parsing item.
10-18-2021 @ 10:29:45 - Row :54 - Parsing failed. Reason: Skipped. Unknown order status (awaiting-shipment).
10-18-2021 @ 10:29:45 - Row :55 - Parsing item.
10-18-2021 @ 10:29:45 - Importing as new order ID:4117
10-18-2021 @ 10:29:45 - Row :55 - Processing item.
10-18-2021 @ 10:29:45 - Found order object. ID:4117
10-18-2021 @ 10:29:46 - Row :55 - Order imported successfully.
10-18-2021 @ 10:29:46 - Row :56 - Parsing item.
10-18-2021 @ 10:29:46 - Importing as new order ID:4118
10-18-2021 @ 10:29:46 - Row :56 - Processing item.
10-18-2021 @ 10:29:46 - Found order object. ID:4118
10-18-2021 @ 10:29:47 - Row :56 - Order imported successfully.
10-18-2021 @ 10:29:47 - Row :57 - Parsing item.
10-18-2021 @ 10:29:47 - Importing as new order ID:4119
10-18-2021 @ 10:29:47 - Row :57 - Processing item.
10-18-2021 @ 10:29:47 - Found order object. ID:4119
10-18-2021 @ 10:29:48 - Row :57 - Order imported successfully.
10-18-2021 @ 10:29:48 - Row :58 - Parsing item.
10-18-2021 @ 10:29:48 - Importing as new order ID:4120
10-18-2021 @ 10:29:48 - Row :58 - Processing item.
10-18-2021 @ 10:29:49 - Found order object. ID:4120
10-18-2021 @ 10:29:49 - Row :58 - Order imported successfully.
10-18-2021 @ 10:29:49 - Row :59 - Parsing item.
10-18-2021 @ 10:29:49 - Importing as new order ID:4129
10-18-2021 @ 10:29:49 - Row :59 - Processing item.
10-18-2021 @ 10:29:50 - Found order object. ID:4129
10-18-2021 @ 10:29:51 - Row :59 - Order imported successfully.
10-18-2021 @ 10:29:51 - Row :60 - Parsing item.
10-18-2021 @ 10:29:51 - Importing as new order ID:4130
10-18-2021 @ 10:29:51 - Row :60 - Processing item.
10-18-2021 @ 10:29:51 - Found order object. ID:4130
10-18-2021 @ 10:29:52 - Row :60 - Order imported successfully.
10-18-2021 @ 10:29:53 - Preparing for import.
10-18-2021 @ 10:29:53 - Row :61 - Parsing item.
10-18-2021 @ 10:29:53 - Importing as new order ID:4131
10-18-2021 @ 10:29:53 - Row :61 - Processing item.
10-18-2021 @ 10:29:53 - Found order object. ID:4131
10-18-2021 @ 10:29:54 - Row :61 - Order imported successfully.
10-18-2021 @ 10:29:54 - Row :62 - Parsing item.
10-18-2021 @ 10:29:54 - Importing as new order ID:4132
10-18-2021 @ 10:29:54 - Row :62 - Processing item.
10-18-2021 @ 10:29:55 - Found order object. ID:4132
10-18-2021 @ 10:29:56 - Row :62 - Order imported successfully.
10-18-2021 @ 10:29:56 - Row :63 - Parsing item.
10-18-2021 @ 10:29:56 - Importing as new order ID:4133
10-18-2021 @ 10:29:56 - Row :63 - Processing item.
10-18-2021 @ 10:29:56 - Found order object. ID:4133
10-18-2021 @ 10:29:57 - Row :63 - Order imported successfully.
10-18-2021 @ 10:29:57 - Row :64 - Parsing item.
10-18-2021 @ 10:29:57 - Importing as new order ID:4134
10-18-2021 @ 10:29:57 - Row :64 - Processing item.
10-18-2021 @ 10:29:58 - Found order object. ID:4134
10-18-2021 @ 10:29:59 - Row :64 - Order imported successfully.
10-18-2021 @ 10:29:59 - Row :65 - Parsing item.
10-18-2021 @ 10:29:59 - Importing as new order ID:4135
10-18-2021 @ 10:29:59 - Row :65 - Processing item.
10-18-2021 @ 10:29:59 - Found order object. ID:4135
10-18-2021 @ 10:30:00 - Row :65 - Order imported successfully.
10-18-2021 @ 10:30:00 - Row :66 - Parsing item.
10-18-2021 @ 10:30:00 - Importing as new order ID:4137
10-18-2021 @ 10:30:00 - Row :66 - Processing item.
10-18-2021 @ 10:30:01 - Found order object. ID:4137
10-18-2021 @ 10:30:01 - Row :66 - Order imported successfully.
10-18-2021 @ 10:30:01 - Row :67 - Parsing item.
10-18-2021 @ 10:30:01 - Importing as new order ID:4138
10-18-2021 @ 10:30:01 - Row :67 - Processing item.
10-18-2021 @ 10:30:02 - Found order object. ID:4138
10-18-2021 @ 10:30:03 - Row :67 - Order imported successfully.
10-18-2021 @ 10:30:03 - Row :68 - Parsing item.
10-18-2021 @ 10:30:03 - Importing as new order ID:4139
10-18-2021 @ 10:30:03 - Row :68 - Processing item.
10-18-2021 @ 10:30:03 - Found order object. ID:4139
10-18-2021 @ 10:30:04 - Row :68 - Order imported successfully.
10-18-2021 @ 10:30:04 - Row :69 - Parsing item.
10-18-2021 @ 10:30:04 - Importing as new order ID:4140
10-18-2021 @ 10:30:04 - Row :69 - Processing item.
10-18-2021 @ 10:30:04 - Found order object. ID:4140
10-18-2021 @ 10:30:05 - Row :69 - Order imported successfully.
10-18-2021 @ 10:30:05 - Row :70 - Parsing item.
10-18-2021 @ 10:30:05 - Importing as new order ID:4141
10-18-2021 @ 10:30:05 - Row :70 - Processing item.
10-18-2021 @ 10:30:06 - Found order object. ID:4141
10-18-2021 @ 10:30:07 - Row :70 - Order imported successfully.
10-18-2021 @ 10:30:08 - Preparing for import.
10-18-2021 @ 10:30:08 - Row :71 - Parsing item.
10-18-2021 @ 10:30:08 - Importing as new order ID:4142
10-18-2021 @ 10:30:08 - Row :71 - Processing item.
10-18-2021 @ 10:30:09 - Found order object. ID:4142
10-18-2021 @ 10:30:10 - Row :71 - Order imported successfully.
10-18-2021 @ 10:30:10 - Row :72 - Parsing item.
10-18-2021 @ 10:30:10 - Importing as new order ID:4145
10-18-2021 @ 10:30:10 - Row :72 - Processing item.
10-18-2021 @ 10:30:11 - Found order object. ID:4145
10-18-2021 @ 10:30:12 - Row :72 - Order imported successfully.
10-18-2021 @ 10:30:12 - Row :73 - Parsing item.
10-18-2021 @ 10:30:12 - Importing as new order ID:4147
10-18-2021 @ 10:30:12 - Row :73 - Processing item.
10-18-2021 @ 10:30:13 - Found order object. ID:4147
10-18-2021 @ 10:30:14 - Row :73 - Order imported successfully.
10-18-2021 @ 10:30:14 - Row :74 - Parsing item.
10-18-2021 @ 10:30:14 - Importing as new order ID:4149
10-18-2021 @ 10:30:14 - Row :74 - Processing item.
10-18-2021 @ 10:30:15 - Found order object. ID:4149
10-18-2021 @ 10:30:17 - Row :74 - Order imported successfully.
10-18-2021 @ 10:30:17 - Row :75 - Parsing item.
10-18-2021 @ 10:30:17 - Importing as new order ID:4161
10-18-2021 @ 10:30:17 - Row :75 - Processing item.
10-18-2021 @ 10:30:18 - Found order object. ID:4161
10-18-2021 @ 10:30:19 - Row :75 - Order imported successfully.
10-18-2021 @ 10:30:19 - Row :76 - Parsing item.
10-18-2021 @ 10:30:19 - Importing as new order ID:4165
10-18-2021 @ 10:30:19 - Row :76 - Processing item.
10-18-2021 @ 10:30:19 - Found order object. ID:4165
10-18-2021 @ 10:30:20 - Row :76 - Order imported successfully.
10-18-2021 @ 10:30:20 - Row :77 - Parsing item.
10-18-2021 @ 10:30:20 - Importing as new order ID:4195
10-18-2021 @ 10:30:20 - Row :77 - Processing item.
10-18-2021 @ 10:30:20 - Found order object. ID:4195
10-18-2021 @ 10:30:21 - Row :77 - Order imported successfully.
10-18-2021 @ 10:30:21 - Row :78 - Parsing item.
10-18-2021 @ 10:30:21 - Row :78 - Parsing failed. Reason: Skipped. Unknown order status (updated-tracking).
10-18-2021 @ 10:30:21 - Row :79 - Parsing item.
10-18-2021 @ 10:30:21 - Row :79 - Parsing failed. Reason: Skipped. Unknown order status (updated-tracking).
10-18-2021 @ 10:30:21 - Row :80 - Parsing item.
10-18-2021 @ 10:30:21 - Row :80 - Parsing failed. Reason: Skipped. Unknown order status (updated-tracking).
10-18-2021 @ 10:30:22 - Preparing for import.
10-18-2021 @ 10:30:22 - Row :81 - Parsing item.
10-18-2021 @ 10:30:22 - Row :81 - Parsing failed. Reason: Skipped. Unknown order status (updated-tracking).
10-18-2021 @ 10:30:22 - Row :82 - Parsing item.
10-18-2021 @ 10:30:22 - Row :82 - Parsing failed. Reason: Skipped. Unknown order status (updated-tracking).
10-18-2021 @ 10:30:22 - Row :83 - Parsing item.
10-18-2021 @ 10:30:22 - Row :83 - Parsing failed. Reason: Skipped. Unknown order status (updated-tracking).
10-18-2021 @ 10:30:22 - Row :84 - Parsing item.
10-18-2021 @ 10:30:22 - Row :84 - Parsing failed. Reason: Skipped. Unknown order status (updated-tracking).
10-18-2021 @ 10:30:22 - Row :85 - Parsing item.
10-18-2021 @ 10:30:22 - Row :85 - Parsing failed. Reason: Skipped. Unknown order status (updated-tracking).
10-18-2021 @ 10:30:22 - Row :86 - Parsing item.
10-18-2021 @ 10:30:22 - Row :86 - Parsing failed. Reason: Skipped. Unknown order status (updated-tracking).
10-18-2021 @ 10:30:22 - Row :87 - Parsing item.
10-18-2021 @ 10:30:22 - Row :87 - Parsing failed. Reason: Skipped. Unknown order status (updated-tracking).
10-18-2021 @ 10:30:22 - Row :88 - Parsing item.
10-18-2021 @ 10:30:22 - Row :88 - Parsing failed. Reason: Skipped. Unknown order status (updated-tracking).
10-18-2021 @ 10:30:22 - Row :89 - Parsing item.
10-18-2021 @ 10:30:22 - Row :89 - Parsing failed. Reason: Skipped. Unknown order status (updated-tracking).
10-18-2021 @ 10:30:22 - Row :90 - Parsing item.
10-18-2021 @ 10:30:22 - Importing as new order ID:4226
10-18-2021 @ 10:30:22 - Row :90 - Processing item.
10-18-2021 @ 10:30:22 - Found order object. ID:4226
10-18-2021 @ 10:30:24 - Row :90 - Order imported successfully.
10-18-2021 @ 10:30:30 - Preparing for import.
10-18-2021 @ 10:30:30 - Row :91 - Parsing item.
10-18-2021 @ 10:30:30 - Row :91 - Parsing failed. Reason: Skipped. Unknown order status (updated-tracking).
10-18-2021 @ 10:30:30 - Row :92 - Parsing item.
10-18-2021 @ 10:30:30 - Row :92 - Parsing failed. Reason: Skipped. Unknown order status (updated-tracking).
10-18-2021 @ 10:30:30 - Row :93 - Parsing item.
10-18-2021 @ 10:30:30 - Row :93 - Parsing failed. Reason: Skipped. Unknown order status (updated-tracking).
10-18-2021 @ 10:30:30 - Row :94 - Parsing item.
10-18-2021 @ 10:30:30 - Importing as new order ID:4230
10-18-2021 @ 10:30:30 - Row :94 - Processing item.
10-18-2021 @ 10:30:30 - Found order object. ID:4230
10-18-2021 @ 10:30:31 - Row :94 - Order imported successfully.
10-18-2021 @ 10:30:31 - Row :95 - Parsing item.
10-18-2021 @ 10:30:31 - Row :95 - Parsing failed. Reason: Skipped. Unknown order status (updated-tracking).
10-18-2021 @ 10:30:31 - Row :96 - Parsing item.
10-18-2021 @ 10:30:31 - Row :96 - Parsing failed. Reason: Skipped. Unknown order status (updated-tracking).
10-18-2021 @ 10:30:31 - Row :97 - Parsing item.
10-18-2021 @ 10:30:31 - Row :97 - Parsing failed. Reason: Skipped. Unknown order status (updated-tracking).
10-18-2021 @ 10:30:31 - Row :98 - Parsing item.
10-18-2021 @ 10:30:31 - Row :98 - Parsing failed. Reason: Skipped. Unknown order status (updated-tracking).
10-18-2021 @ 10:30:31 - Row :99 - Parsing item.
10-18-2021 @ 10:30:31 - Row :99 - Parsing failed. Reason: Skipped. Unknown order status (updated-tracking).
10-18-2021 @ 10:30:31 - Row :100 - Parsing item.
10-18-2021 @ 10:30:31 - Row :100 - Parsing failed. Reason: Skipped. Unknown order status (updated-tracking).
10-18-2021 @ 10:30:31 - Preparing for import.
10-18-2021 @ 10:30:31 - Row :101 - Parsing item.
10-18-2021 @ 10:30:31 - Row :101 - Parsing failed. Reason: Skipped. Unknown order status (updated-tracking).
10-18-2021 @ 10:30:31 - Row :102 - Parsing item.
10-18-2021 @ 10:30:31 - Row :102 - Parsing failed. Reason: Skipped. Unknown order status (updated-tracking).
10-18-2021 @ 10:30:31 - Row :103 - Parsing item.
10-18-2021 @ 10:30:31 - Row :103 - Parsing failed. Reason: Skipped. Unknown order status (updated-tracking).
10-18-2021 @ 10:30:31 - Row :104 - Parsing item.
10-18-2021 @ 10:30:31 - Row :104 - Parsing failed. Reason: Skipped. Unknown order status (updated-tracking).
10-18-2021 @ 10:30:31 - Row :105 - Parsing item.
10-18-2021 @ 10:30:31 - Importing as new order ID:4562
10-18-2021 @ 10:30:31 - Row :105 - Processing item.
10-18-2021 @ 10:30:32 - Found order object. ID:4562
10-18-2021 @ 10:30:33 - Row :105 - Order imported successfully.
10-18-2021 @ 10:30:33 - Row :106 - Parsing item.
10-18-2021 @ 10:30:33 - Row :106 - Parsing failed. Reason: Skipped. Unknown order status (updated-tracking).
10-18-2021 @ 10:30:33 - Row :107 - Parsing item.
10-18-2021 @ 10:30:33 - Row :107 - Parsing failed. Reason: Skipped. Unknown order status (updated-tracking).
10-18-2021 @ 10:30:33 - Row :108 - Parsing item.
10-18-2021 @ 10:30:33 - Row :108 - Parsing failed. Reason: Skipped. Unknown order status (updated-tracking).
10-18-2021 @ 10:30:33 - Row :109 - Parsing item.
10-18-2021 @ 10:30:33 - Row :109 - Parsing failed. Reason: Skipped. Unknown order status (updated-tracking).
10-18-2021 @ 10:30:33 - Row :110 - Parsing item.
10-18-2021 @ 10:30:33 - Row :110 - Parsing failed. Reason: Skipped. Unknown order status (updated-tracking).
10-18-2021 @ 10:30:36 - Preparing for import.
10-18-2021 @ 10:30:36 - Row :111 - Parsing item.
10-18-2021 @ 10:30:36 - Row :111 - Parsing failed. Reason: Skipped. Unknown order status (updated-tracking).
10-18-2021 @ 10:30:36 - Row :112 - Parsing item.
10-18-2021 @ 10:30:36 - Importing as new order ID:4591
10-18-2021 @ 10:30:36 - Row :112 - Processing item.
10-18-2021 @ 10:30:36 - Found order object. ID:4591
10-18-2021 @ 10:30:37 - Row :112 - Order imported successfully.
10-18-2021 @ 10:30:37 - Row :113 - Parsing item.
10-18-2021 @ 10:30:37 - Row :113 - Parsing failed. Reason: Skipped. Unknown order status (updated-tracking).
10-18-2021 @ 10:30:37 - Row :114 - Parsing item.
10-18-2021 @ 10:30:37 - Row :114 - Parsing failed. Reason: Skipped. Unknown order status (updated-tracking).
10-18-2021 @ 10:30:37 - Row :115 - Parsing item.
10-18-2021 @ 10:30:37 - Row :115 - Parsing failed. Reason: Skipped. Unknown order status (updated-tracking).
10-18-2021 @ 10:30:37 - Row :116 - Parsing item.
10-18-2021 @ 10:30:37 - Row :116 - Parsing failed. Reason: Skipped. Unknown order status (updated-tracking).
10-18-2021 @ 10:30:37 - Row :117 - Parsing item.
10-18-2021 @ 10:30:37 - Row :117 - Parsing failed. Reason: Skipped. Unknown order status (updated-tracking).
10-18-2021 @ 10:30:37 - Row :118 - Parsing item.
10-18-2021 @ 10:30:37 - Row :118 - Parsing failed. Reason: Skipped. Unknown order status (updated-tracking).
10-18-2021 @ 10:30:37 - Row :119 - Parsing item.
10-18-2021 @ 10:30:37 - Row :119 - Parsing failed. Reason: Skipped. Unknown order status (updated-tracking).
10-18-2021 @ 10:30:37 - Row :120 - Parsing item.
10-18-2021 @ 10:30:37 - Row :120 - Parsing failed. Reason: Skipped. Unknown order status (updated-tracking).
10-18-2021 @ 10:30:38 - Preparing for import.
10-18-2021 @ 10:30:38 - Row :121 - Parsing item.
10-18-2021 @ 10:30:38 - Row :121 - Parsing failed. Reason: Skipped. Unknown order status (updated-tracking).
10-18-2021 @ 10:30:38 - Row :122 - Parsing item.
10-18-2021 @ 10:30:38 - Row :122 - Parsing failed. Reason: Skipped. Unknown order status (updated-tracking).
10-18-2021 @ 10:30:38 - Row :123 - Parsing item.
10-18-2021 @ 10:30:38 - Row :123 - Parsing failed. Reason: Skipped. Unknown order status (updated-tracking).
10-18-2021 @ 10:30:38 - Row :124 - Parsing item.
10-18-2021 @ 10:30:38 - Row :124 - Parsing failed. Reason: Skipped. Unknown order status (updated-tracking).
10-18-2021 @ 10:30:38 - Row :125 - Parsing item.
10-18-2021 @ 10:30:38 - Row :125 - Parsing failed. Reason: Skipped. Unknown order status (updated-tracking).
10-18-2021 @ 10:30:38 - Row :126 - Parsing item.
10-18-2021 @ 10:30:38 - Importing as new order ID:4885
10-18-2021 @ 10:30:38 - Row :126 - Processing item.
10-18-2021 @ 10:30:38 - Found order object. ID:4885
10-18-2021 @ 10:30:39 - Row :126 - Order imported successfully.
10-18-2021 @ 10:30:39 - Row :127 - Parsing item.
10-18-2021 @ 10:30:39 - Row :127 - Parsing failed. Reason: Skipped. Unknown order status (updated-tracking).
10-18-2021 @ 10:30:39 - Row :128 - Parsing item.
10-18-2021 @ 10:30:39 - Row :128 - Parsing failed. Reason: Skipped. Unknown order status (updated-tracking).
10-18-2021 @ 10:30:39 - Row :129 - Parsing item.
10-18-2021 @ 10:30:39 - Row :129 - Parsing failed. Reason: Skipped. Unknown order status (updated-tracking).
10-18-2021 @ 10:30:39 - Row :130 - Parsing item.
10-18-2021 @ 10:30:39 - Row :130 - Parsing failed. Reason: Skipped. Unknown order status (updated-tracking).
10-18-2021 @ 10:30:39 - Preparing for import.
10-18-2021 @ 10:30:39 - Row :131 - Parsing item.
10-18-2021 @ 10:30:39 - Row :131 - Parsing failed. Reason: Skipped. Unknown order status (updated-tracking).
10-18-2021 @ 10:30:39 - Row :132 - Parsing item.
10-18-2021 @ 10:30:39 - Row :132 - Parsing failed. Reason: Skipped. Unknown order status (updated-tracking).
10-18-2021 @ 10:30:39 - Row :133 - Parsing item.
10-18-2021 @ 10:30:39 - Row :133 - Parsing failed. Reason: Skipped. Unknown order status (updated-tracking).
10-18-2021 @ 10:30:39 - Row :134 - Parsing item.
10-18-2021 @ 10:30:39 - Importing as new order ID:4930
10-18-2021 @ 10:30:39 - Row :134 - Processing item.
10-18-2021 @ 10:30:40 - Found order object. ID:4930
10-18-2021 @ 10:30:41 - Row :134 - Order imported successfully.
10-18-2021 @ 10:30:41 - Row :135 - Parsing item.
10-18-2021 @ 10:30:41 - Row :135 - Parsing failed. Reason: Skipped. Unknown order status (updated-tracking).
10-18-2021 @ 10:30:41 - Row :136 - Parsing item.
10-18-2021 @ 10:30:41 - Row :136 - Parsing failed. Reason: Skipped. Unknown order status (updated-tracking).
10-18-2021 @ 10:30:41 - Row :137 - Parsing item.
10-18-2021 @ 10:30:41 - Row :137 - Parsing failed. Reason: Skipped. Unknown order status (updated-tracking).
10-18-2021 @ 10:30:41 - Row :138 - Parsing item.
10-18-2021 @ 10:30:41 - Importing as new order ID:4934
10-18-2021 @ 10:30:41 - Row :138 - Processing item.
10-18-2021 @ 10:30:41 - Found order object. ID:4934
10-18-2021 @ 10:30:42 - Row :138 - Order imported successfully.
10-18-2021 @ 10:30:42 - Row :139 - Parsing item.
10-18-2021 @ 10:30:42 - Row :139 - Parsing failed. Reason: Skipped. Unknown order status (updated-tracking).
10-18-2021 @ 10:30:42 - Row :140 - Parsing item.
10-18-2021 @ 10:30:42 - Importing as new order ID:4936
10-18-2021 @ 10:30:42 - Row :140 - Processing item.
10-18-2021 @ 10:30:43 - Found order object. ID:4936
10-18-2021 @ 10:30:44 - Row :140 - Order imported successfully.
10-18-2021 @ 10:30:45 - Preparing for import.
10-18-2021 @ 10:30:45 - Row :141 - Parsing item.
10-18-2021 @ 10:30:45 - Row :141 - Parsing failed. Reason: Skipped. Unknown order status (updated-tracking).
10-18-2021 @ 10:30:45 - Row :142 - Parsing item.
10-18-2021 @ 10:30:45 - Row :142 - Parsing failed. Reason: Skipped. Unknown order status (updated-tracking).
10-18-2021 @ 10:30:45 - Row :143 - Parsing item.
10-18-2021 @ 10:30:45 - Row :143 - Parsing failed. Reason: Skipped. Unknown order status (updated-tracking).
10-18-2021 @ 10:30:45 - Row :144 - Parsing item.
10-18-2021 @ 10:30:45 - Row :144 - Parsing failed. Reason: Skipped. Unknown order status (updated-tracking).
10-18-2021 @ 10:30:45 - Row :145 - Parsing item.
10-18-2021 @ 10:30:45 - Row :145 - Parsing failed. Reason: Skipped. Unknown order status (updated-tracking).
10-18-2021 @ 10:30:45 - Row :146 - Parsing item.
10-18-2021 @ 10:30:45 - Row :146 - Parsing failed. Reason: Skipped. Unknown order status (updated-tracking).
10-18-2021 @ 10:30:45 - Row :147 - Parsing item.
10-18-2021 @ 10:30:45 - Row :147 - Parsing failed. Reason: Skipped. Unknown order status (updated-tracking).
10-18-2021 @ 10:30:45 - Row :148 - Parsing item.
10-18-2021 @ 10:30:45 - Row :148 - Parsing failed. Reason: Skipped. Unknown order status (updated-tracking).
10-18-2021 @ 10:30:45 - Row :149 - Parsing item.
10-18-2021 @ 10:30:45 - Importing as new order ID:5028
10-18-2021 @ 10:30:45 - Row :149 - Processing item.
10-18-2021 @ 10:30:46 - Found order object. ID:5028
10-18-2021 @ 10:30:47 - Row :149 - Order imported successfully.
10-18-2021 @ 10:30:47 - Row :150 - Parsing item.
10-18-2021 @ 10:30:47 - Importing as new order ID:5030
10-18-2021 @ 10:30:47 - Row :150 - Processing item.
10-18-2021 @ 10:30:47 - Found order object. ID:5030
10-18-2021 @ 10:30:48 - Row :150 - Order imported successfully.
10-18-2021 @ 10:30:52 - Preparing for import.
10-18-2021 @ 10:30:52 - Row :151 - Parsing item.
10-18-2021 @ 10:30:52 - Row :151 - Parsing failed. Reason: Skipped. Unknown order status (updated-tracking).
10-18-2021 @ 10:30:52 - Row :152 - Parsing item.
10-18-2021 @ 10:30:52 - Row :152 - Parsing failed. Reason: Skipped. Unknown order status (updated-tracking).
10-18-2021 @ 10:30:52 - Row :153 - Parsing item.
10-18-2021 @ 10:30:52 - Row :153 - Parsing failed. Reason: Skipped. Unknown order status (updated-tracking).
10-18-2021 @ 10:30:52 - Row :154 - Parsing item.
10-18-2021 @ 10:30:52 - Row :154 - Parsing failed. Reason: Skipped. Unknown order status (updated-tracking).
10-18-2021 @ 10:30:52 - Row :155 - Parsing item.
10-18-2021 @ 10:30:52 - Row :155 - Parsing failed. Reason: Skipped. Unknown order status (updated-tracking).
10-18-2021 @ 10:30:52 - Row :156 - Parsing item.
10-18-2021 @ 10:30:52 - Row :156 - Parsing failed. Reason: Skipped. Unknown order status (updated-tracking).
10-18-2021 @ 10:30:52 - Row :157 - Parsing item.
10-18-2021 @ 10:30:52 - Row :157 - Parsing failed. Reason: Skipped. Unknown order status (updated-tracking).
10-18-2021 @ 10:30:52 - Row :158 - Parsing item.
10-18-2021 @ 10:30:52 - Row :158 - Parsing failed. Reason: Skipped. Unknown order status (updated-tracking).
10-18-2021 @ 10:30:52 - Row :159 - Parsing item.
10-18-2021 @ 10:30:52 - Importing as new order ID:5042
10-18-2021 @ 10:30:52 - Row :159 - Processing item.
10-18-2021 @ 10:30:52 - Found order object. ID:5042
10-18-2021 @ 10:30:53 - Row :159 - Order imported successfully.
10-18-2021 @ 10:30:53 - Row :160 - Parsing item.
10-18-2021 @ 10:30:53 - Row :160 - Parsing failed. Reason: Skipped. Unknown order status (updated-tracking).
10-18-2021 @ 10:30:58 - Preparing for import.
10-18-2021 @ 10:30:58 - Row :161 - Parsing item.
10-18-2021 @ 10:30:58 - Row :161 - Parsing failed. Reason: Skipped. Unknown order status (updated-tracking).
10-18-2021 @ 10:30:58 - Row :162 - Parsing item.
10-18-2021 @ 10:30:58 - Row :162 - Parsing failed. Reason: Skipped. Unknown order status (updated-tracking).
10-18-2021 @ 10:30:58 - Row :163 - Parsing item.
10-18-2021 @ 10:30:58 - Row :163 - Parsing failed. Reason: Skipped. Unknown order status (updated-tracking).
10-18-2021 @ 10:30:58 - Row :164 - Parsing item.
10-18-2021 @ 10:30:58 - Row :164 - Parsing failed. Reason: Skipped. Unknown order status (updated-tracking).
10-18-2021 @ 10:30:58 - Row :165 - Parsing item.
10-18-2021 @ 10:30:58 - Row :165 - Parsing failed. Reason: Skipped. Unknown order status (updated-tracking).
10-18-2021 @ 10:30:58 - Row :166 - Parsing item.
10-18-2021 @ 10:30:58 - Row :166 - Parsing failed. Reason: Skipped. Unknown order status (updated-tracking).
10-18-2021 @ 10:30:58 - Row :167 - Parsing item.
10-18-2021 @ 10:30:58 - Importing as new order ID:5050
10-18-2021 @ 10:30:58 - Row :167 - Processing item.
10-18-2021 @ 10:30:58 - Found order object. ID:5050
10-18-2021 @ 10:30:59 - Row :167 - Order imported successfully.
10-18-2021 @ 10:30:59 - Row :168 - Parsing item.
10-18-2021 @ 10:30:59 - Row :168 - Parsing failed. Reason: Skipped. Unknown order status (updated-tracking).
10-18-2021 @ 10:30:59 - Row :169 - Parsing item.
10-18-2021 @ 10:30:59 - Importing as new order ID:5052
10-18-2021 @ 10:30:59 - Row :169 - Processing item.
10-18-2021 @ 10:31:00 - Found order object. ID:5052
10-18-2021 @ 10:31:01 - Row :169 - Order imported successfully.
10-18-2021 @ 10:31:01 - Row :170 - Parsing item.
10-18-2021 @ 10:31:01 - Importing as new order ID:5057
10-18-2021 @ 10:31:01 - Row :170 - Processing item.
10-18-2021 @ 10:31:01 - Found order object. ID:5057
10-18-2021 @ 10:31:02 - Row :170 - Order imported successfully.
10-18-2021 @ 10:31:03 - Preparing for import.
10-18-2021 @ 10:31:03 - Row :171 - Parsing item.
10-18-2021 @ 10:31:03 - Row :171 - Parsing failed. Reason: Skipped. Unknown order status (updated-tracking).
10-18-2021 @ 10:31:03 - Row :172 - Parsing item.
10-18-2021 @ 10:31:03 - Row :172 - Parsing failed. Reason: Skipped. Unknown order status (updated-tracking).
10-18-2021 @ 10:31:03 - Row :173 - Parsing item.
10-18-2021 @ 10:31:03 - Row :173 - Parsing failed. Reason: Skipped. Unknown order status (updated-tracking).
10-18-2021 @ 10:31:03 - Row :174 - Parsing item.
10-18-2021 @ 10:31:03 - Row :174 - Parsing failed. Reason: Skipped. Unknown order status (updated-tracking).
10-18-2021 @ 10:31:03 - Row :175 - Parsing item.
10-18-2021 @ 10:31:03 - Row :175 - Parsing failed. Reason: Skipped. Unknown order status (updated-tracking).
10-18-2021 @ 10:31:03 - Row :176 - Parsing item.
10-18-2021 @ 10:31:03 - Row :176 - Parsing failed. Reason: Skipped. Unknown order status (updated-tracking).
10-18-2021 @ 10:31:03 - Row :177 - Parsing item.
10-18-2021 @ 10:31:03 - Row :177 - Parsing failed. Reason: Skipped. Unknown order status (updated-tracking).
10-18-2021 @ 10:31:03 - Row :178 - Parsing item.
10-18-2021 @ 10:31:03 - Row :178 - Parsing failed. Reason: Skipped. Unknown order status (updated-tracking).
10-18-2021 @ 10:31:03 - Row :179 - Parsing item.
10-18-2021 @ 10:31:03 - Row :179 - Parsing failed. Reason: Skipped. Unknown order status (updated-tracking).
10-18-2021 @ 10:31:03 - Row :180 - Parsing item.
10-18-2021 @ 10:31:03 - Row :180 - Parsing failed. Reason: Skipped. Unknown order status (updated-tracking).
10-18-2021 @ 10:31:03 - Preparing for import.
10-18-2021 @ 10:31:03 - Row :181 - Parsing item.
10-18-2021 @ 10:31:03 - Row :181 - Parsing failed. Reason: Skipped. Unknown order status (updated-tracking).
10-18-2021 @ 10:31:03 - Row :182 - Parsing item.
10-18-2021 @ 10:31:03 - Row :182 - Parsing failed. Reason: Skipped. Unknown order status (updated-tracking).
10-18-2021 @ 10:31:03 - Row :183 - Parsing item.
10-18-2021 @ 10:31:03 - Row :183 - Parsing failed. Reason: Skipped. Unknown order status (updated-tracking).
10-18-2021 @ 10:31:03 - Row :184 - Parsing item.
10-18-2021 @ 10:31:03 - Importing as new order ID:5083
10-18-2021 @ 10:31:03 - Row :184 - Processing item.
10-18-2021 @ 10:31:04 - Found order object. ID:5083
10-18-2021 @ 10:31:04 - Row :184 - Order imported successfully.
10-18-2021 @ 10:31:04 - Row :185 - Parsing item.
10-18-2021 @ 10:31:04 - Row :185 - Parsing failed. Reason: Skipped. Unknown order status (updated-tracking).
10-18-2021 @ 10:31:04 - Row :186 - Parsing item.
10-18-2021 @ 10:31:04 - Row :186 - Parsing failed. Reason: Skipped. Unknown order status (updated-tracking).
10-18-2021 @ 10:31:04 - Row :187 - Parsing item.
10-18-2021 @ 10:31:04 - Row :187 - Parsing failed. Reason: Skipped. Unknown order status (updated-tracking).
10-18-2021 @ 10:31:04 - Row :188 - Parsing item.
10-18-2021 @ 10:31:04 - Row :188 - Parsing failed. Reason: Skipped. Unknown order status (updated-tracking).
10-18-2021 @ 10:31:04 - Row :189 - Parsing item.
10-18-2021 @ 10:31:04 - Row :189 - Parsing failed. Reason: Skipped. Unknown order status (updated-tracking).
10-18-2021 @ 10:31:04 - Row :190 - Parsing item.
10-18-2021 @ 10:31:04 - Row :190 - Parsing failed. Reason: Skipped. Unknown order status (updated-tracking).
10-18-2021 @ 10:31:05 - Preparing for import.
10-18-2021 @ 10:31:05 - Row :191 - Parsing item.
10-18-2021 @ 10:31:05 - Row :191 - Parsing failed. Reason: Skipped. Unknown order status (updated-tracking).
10-18-2021 @ 10:31:05 - Row :192 - Parsing item.
10-18-2021 @ 10:31:05 - Row :192 - Parsing failed. Reason: Skipped. Unknown order status (updated-tracking).
10-18-2021 @ 10:31:05 - Row :193 - Parsing item.
10-18-2021 @ 10:31:05 - Row :193 - Parsing failed. Reason: Skipped. Unknown order status (updated-tracking).
10-18-2021 @ 10:31:05 - Row :194 - Parsing item.
10-18-2021 @ 10:31:05 - Row :194 - Parsing failed. Reason: Skipped. Unknown order status (updated-tracking).
10-18-2021 @ 10:31:05 - Row :195 - Parsing item.
10-18-2021 @ 10:31:05 - Row :195 - Parsing failed. Reason: Skipped. Unknown order status (updated-tracking).
10-18-2021 @ 10:31:05 - Row :196 - Parsing item.
10-18-2021 @ 10:31:05 - Row :196 - Parsing failed. Reason: Skipped. Unknown order status (updated-tracking).
10-18-2021 @ 10:31:05 - Row :197 - Parsing item.
10-18-2021 @ 10:31:05 - Row :197 - Parsing failed. Reason: Skipped. Unknown order status (updated-tracking).
10-18-2021 @ 10:31:05 - Row :198 - Parsing item.
10-18-2021 @ 10:31:05 - Row :198 - Parsing failed. Reason: Skipped. Unknown order status (updated-tracking).
10-18-2021 @ 10:31:05 - Row :199 - Parsing item.
10-18-2021 @ 10:31:05 - Row :199 - Parsing failed. Reason: Skipped. Unknown order status (updated-tracking).
10-18-2021 @ 10:31:05 - Row :200 - Parsing item.
10-18-2021 @ 10:31:05 - Row :200 - Parsing failed. Reason: Skipped. Unknown order status (updated-tracking).
10-18-2021 @ 10:31:05 - Preparing for import.
10-18-2021 @ 10:31:05 - Row :201 - Parsing item.
10-18-2021 @ 10:31:05 - Row :201 - Parsing failed. Reason: Skipped. Unknown order status (updated-tracking).
10-18-2021 @ 10:31:05 - Row :202 - Parsing item.
10-18-2021 @ 10:31:05 - Row :202 - Parsing failed. Reason: Skipped. Unknown order status (updated-tracking).
10-18-2021 @ 10:31:05 - Row :203 - Parsing item.
10-18-2021 @ 10:31:05 - Row :203 - Parsing failed. Reason: Skipped. Unknown order status (updated-tracking).
10-18-2021 @ 10:31:05 - Row :204 - Parsing item.
10-18-2021 @ 10:31:05 - Row :204 - Parsing failed. Reason: Skipped. Unknown order status (updated-tracking).
10-18-2021 @ 10:31:05 - Row :205 - Parsing item.
10-18-2021 @ 10:31:05 - Row :205 - Parsing failed. Reason: Skipped. Unknown order status (updated-tracking).
10-18-2021 @ 10:31:05 - Row :206 - Parsing item.
10-18-2021 @ 10:31:06 - Row :206 - Parsing failed. Reason: Skipped. Unknown order status (updated-tracking).
10-18-2021 @ 10:31:06 - Row :207 - Parsing item.
10-18-2021 @ 10:31:06 - Row :207 - Parsing failed. Reason: Skipped. Unknown order status (updated-tracking).
10-18-2021 @ 10:31:06 - Row :208 - Parsing item.
10-18-2021 @ 10:31:06 - Row :208 - Parsing failed. Reason: Skipped. Unknown order status (updated-tracking).
10-18-2021 @ 10:31:06 - Row :209 - Parsing item.
10-18-2021 @ 10:31:06 - Row :209 - Parsing failed. Reason: Skipped. Unknown order status (updated-tracking).
10-18-2021 @ 10:31:06 - Row :210 - Parsing item.
10-18-2021 @ 10:31:06 - Row :210 - Parsing failed. Reason: Skipped. Unknown order status (updated-tracking).
10-18-2021 @ 10:31:06 - Preparing for import.
10-18-2021 @ 10:31:06 - Row :211 - Parsing item.
10-18-2021 @ 10:31:06 - Row :211 - Parsing failed. Reason: Skipped. Unknown order status (updated-tracking).
10-18-2021 @ 10:31:06 - Row :212 - Parsing item.
10-18-2021 @ 10:31:06 - Row :212 - Parsing failed. Reason: Skipped. Unknown order status (updated-tracking).
10-18-2021 @ 10:31:06 - Row :213 - Parsing item.
10-18-2021 @ 10:31:06 - Row :213 - Parsing failed. Reason: Skipped. Unknown order status (updated-tracking).
10-18-2021 @ 10:31:06 - Row :214 - Parsing item.
10-18-2021 @ 10:31:06 - Row :214 - Parsing failed. Reason: Skipped. Unknown order status (updated-tracking).
10-18-2021 @ 10:31:06 - Row :215 - Parsing item.
10-18-2021 @ 10:31:06 - Row :215 - Parsing failed. Reason: Skipped. Unknown order status (updated-tracking).
10-18-2021 @ 10:31:06 - Row :216 - Parsing item.
10-18-2021 @ 10:31:06 - Row :216 - Parsing failed. Reason: Skipped. Unknown order status (updated-tracking).
10-18-2021 @ 10:31:06 - Row :217 - Parsing item.
10-18-2021 @ 10:31:06 - Row :217 - Parsing failed. Reason: Skipped. Unknown order status (updated-tracking).
10-18-2021 @ 10:31:06 - Row :218 - Parsing item.
10-18-2021 @ 10:31:06 - Importing as new order ID:5176
10-18-2021 @ 10:31:06 - Row :218 - Processing item.
10-18-2021 @ 10:31:06 - Found order object. ID:5176
10-18-2021 @ 10:31:07 - Row :218 - Order imported successfully.
10-18-2021 @ 10:31:07 - Row :219 - Parsing item.
10-18-2021 @ 10:31:07 - Row :219 - Parsing failed. Reason: Skipped. Unknown order status (updated-tracking).
10-18-2021 @ 10:31:07 - Row :220 - Parsing item.
10-18-2021 @ 10:31:07 - Row :220 - Parsing failed. Reason: Skipped. Unknown order status (updated-tracking).
10-18-2021 @ 10:31:08 - Preparing for import.
10-18-2021 @ 10:31:08 - Row :221 - Parsing item.
10-18-2021 @ 10:31:08 - Row :221 - Parsing failed. Reason: Skipped. Unknown order status (updated-tracking).
10-18-2021 @ 10:31:08 - Row :222 - Parsing item.
10-18-2021 @ 10:31:08 - Row :222 - Parsing failed. Reason: Skipped. Unknown order status (updated-tracking).
10-18-2021 @ 10:31:08 - Row :223 - Parsing item.
10-18-2021 @ 10:31:08 - Row :223 - Parsing failed. Reason: Skipped. Unknown order status (updated-tracking).
10-18-2021 @ 10:31:08 - Row :224 - Parsing item.
10-18-2021 @ 10:31:08 - Row :224 - Parsing failed. Reason: Skipped. Unknown order status (updated-tracking).
10-18-2021 @ 10:31:08 - Row :225 - Parsing item.
10-18-2021 @ 10:31:08 - Row :225 - Parsing failed. Reason: Skipped. Unknown order status (updated-tracking).
10-18-2021 @ 10:31:08 - Row :226 - Parsing item.
10-18-2021 @ 10:31:08 - Importing as new order ID:5192
10-18-2021 @ 10:31:08 - Row :226 - Processing item.
10-18-2021 @ 10:31:08 - Found order object. ID:5192
10-18-2021 @ 10:31:09 - Row :226 - Order imported successfully.
10-18-2021 @ 10:31:09 - Row :227 - Parsing item.
10-18-2021 @ 10:31:09 - Row :227 - Parsing failed. Reason: Skipped. Unknown order status (updated-tracking).
10-18-2021 @ 10:31:09 - Row :228 - Parsing item.
10-18-2021 @ 10:31:09 - Row :228 - Parsing failed. Reason: Skipped. Unknown order status (updated-tracking).
10-18-2021 @ 10:31:09 - Row :229 - Parsing item.
10-18-2021 @ 10:31:09 - Row :229 - Parsing failed. Reason: Skipped. Unknown order status (updated-tracking).
10-18-2021 @ 10:31:09 - Row :230 - Parsing item.
10-18-2021 @ 10:31:09 - Row :230 - Parsing failed. Reason: Skipped. Unknown order status (updated-tracking).
10-18-2021 @ 10:31:10 - Preparing for import.
10-18-2021 @ 10:31:10 - Row :231 - Parsing item.
10-18-2021 @ 10:31:10 - Importing as new order ID:5201
10-18-2021 @ 10:31:10 - Row :231 - Processing item.
10-18-2021 @ 10:31:10 - Found order object. ID:5201
10-18-2021 @ 10:31:11 - Row :231 - Order imported successfully.
10-18-2021 @ 10:31:11 - Row :232 - Parsing item.
10-18-2021 @ 10:31:11 - Row :232 - Parsing failed. Reason: Skipped. Unknown order status (updated-tracking).
10-18-2021 @ 10:31:11 - Row :233 - Parsing item.
10-18-2021 @ 10:31:11 - Row :233 - Parsing failed. Reason: Skipped. Unknown order status (updated-tracking).
10-18-2021 @ 10:31:11 - Row :234 - Parsing item.
10-18-2021 @ 10:31:11 - Row :234 - Parsing failed. Reason: Skipped. Unknown order status (updated-tracking).
10-18-2021 @ 10:31:11 - Row :235 - Parsing item.
10-18-2021 @ 10:31:11 - Row :235 - Parsing failed. Reason: Skipped. Unknown order status (updated-tracking).
10-18-2021 @ 10:31:11 - Row :236 - Parsing item.
10-18-2021 @ 10:31:11 - Row :236 - Parsing failed. Reason: Skipped. Unknown order status (updated-tracking).
10-18-2021 @ 10:31:11 - Row :237 - Parsing item.
10-18-2021 @ 10:31:11 - Row :237 - Parsing failed. Reason: Skipped. Unknown order status (updated-tracking).
10-18-2021 @ 10:31:11 - Row :238 - Parsing item.
10-18-2021 @ 10:31:11 - Row :238 - Parsing failed. Reason: Skipped. Unknown order status (updated-tracking).
10-18-2021 @ 10:31:11 - Row :239 - Parsing item.
10-18-2021 @ 10:31:11 - Row :239 - Parsing failed. Reason: Skipped. Unknown order status (updated-tracking).
10-18-2021 @ 10:31:11 - Row :240 - Parsing item.
10-18-2021 @ 10:31:11 - Row :240 - Parsing failed. Reason: Skipped. Unknown order status (updated-tracking).
10-18-2021 @ 10:31:11 - Preparing for import.
10-18-2021 @ 10:31:11 - Row :241 - Parsing item.
10-18-2021 @ 10:31:11 - Row :241 - Parsing failed. Reason: Skipped. Unknown order status (updated-tracking).
10-18-2021 @ 10:31:11 - Row :242 - Parsing item.
10-18-2021 @ 10:31:11 - Row :242 - Parsing failed. Reason: Skipped. Unknown order status (updated-tracking).
10-18-2021 @ 10:31:11 - Row :243 - Parsing item.
10-18-2021 @ 10:31:11 - Row :243 - Parsing failed. Reason: Skipped. Unknown order status (updated-tracking).
10-18-2021 @ 10:31:11 - Row :244 - Parsing item.
10-18-2021 @ 10:31:11 - Row :244 - Parsing failed. Reason: Skipped. Unknown order status (updated-tracking).
10-18-2021 @ 10:31:11 - Row :245 - Parsing item.
10-18-2021 @ 10:31:11 - Row :245 - Parsing failed. Reason: Skipped. Unknown order status (updated-tracking).
10-18-2021 @ 10:31:11 - Row :246 - Parsing item.
10-18-2021 @ 10:31:11 - Row :246 - Parsing failed. Reason: Skipped. Unknown order status (updated-tracking).
10-18-2021 @ 10:31:11 - Row :247 - Parsing item.
10-18-2021 @ 10:31:11 - Row :247 - Parsing failed. Reason: Skipped. Unknown order status (updated-tracking).
10-18-2021 @ 10:31:11 - Row :248 - Parsing item.
10-18-2021 @ 10:31:11 - Row :248 - Parsing failed. Reason: Skipped. Unknown order status (updated-tracking).
10-18-2021 @ 10:31:11 - Row :249 - Parsing item.
10-18-2021 @ 10:31:11 - Row :249 - Parsing failed. Reason: Skipped. Unknown order status (updated-tracking).
10-18-2021 @ 10:31:11 - Row :250 - Parsing item.
10-18-2021 @ 10:31:11 - Row :250 - Parsing failed. Reason: Skipped. Unknown order status (updated-tracking).
10-18-2021 @ 10:31:12 - Preparing for import.
10-18-2021 @ 10:31:12 - Row :251 - Parsing item.
10-18-2021 @ 10:31:12 - Row :251 - Parsing failed. Reason: Skipped. Unknown order status (updated-tracking).
10-18-2021 @ 10:31:12 - Row :252 - Parsing item.
10-18-2021 @ 10:31:12 - Row :252 - Parsing failed. Reason: Skipped. Unknown order status (updated-tracking).
10-18-2021 @ 10:31:12 - Row :253 - Parsing item.
10-18-2021 @ 10:31:12 - Row :253 - Parsing failed. Reason: Skipped. Unknown order status (updated-tracking).
10-18-2021 @ 10:31:12 - Row :254 - Parsing item.
10-18-2021 @ 10:31:12 - Row :254 - Parsing failed. Reason: Skipped. Unknown order status (updated-tracking).
10-18-2021 @ 10:31:12 - Row :255 - Parsing item.
10-18-2021 @ 10:31:12 - Row :255 - Parsing failed. Reason: Skipped. Unknown order status (updated-tracking).
10-18-2021 @ 10:31:12 - Row :256 - Parsing item.
10-18-2021 @ 10:31:12 - Row :256 - Parsing failed. Reason: Skipped. Unknown order status (updated-tracking).
10-18-2021 @ 10:31:12 - Row :257 - Parsing item.
10-18-2021 @ 10:31:12 - Row :257 - Parsing failed. Reason: Skipped. Unknown order status (updated-tracking).
10-18-2021 @ 10:31:12 - Row :258 - Parsing item.
10-18-2021 @ 10:31:12 - Row :258 - Parsing failed. Reason: Skipped. Unknown order status (updated-tracking).
10-18-2021 @ 10:31:12 - Row :259 - Parsing item.
10-18-2021 @ 10:31:12 - Row :259 - Parsing failed. Reason: Skipped. Unknown order status (updated-tracking).
10-18-2021 @ 10:31:12 - Row :260 - Parsing item.
10-18-2021 @ 10:31:12 - Row :260 - Parsing failed. Reason: Skipped. Unknown order status (updated-tracking).
10-18-2021 @ 10:31:13 - Preparing for import.
10-18-2021 @ 10:31:13 - Row :261 - Parsing item.
10-18-2021 @ 10:31:13 - Row :261 - Parsing failed. Reason: Skipped. Unknown order status (updated-tracking).
10-18-2021 @ 10:31:13 - Row :262 - Parsing item.
10-18-2021 @ 10:31:13 - Row :262 - Parsing failed. Reason: Skipped. Unknown order status (updated-tracking).
10-18-2021 @ 10:31:13 - Row :263 - Parsing item.
10-18-2021 @ 10:31:13 - Row :263 - Parsing failed. Reason: Skipped. Unknown order status (updated-tracking).
10-18-2021 @ 10:31:13 - Row :264 - Parsing item.
10-18-2021 @ 10:31:13 - Row :264 - Parsing failed. Reason: Skipped. Unknown order status (updated-tracking).
10-18-2021 @ 10:31:13 - Row :265 - Parsing item.
10-18-2021 @ 10:31:13 - Row :265 - Parsing failed. Reason: Skipped. Unknown order status (updated-tracking).
10-18-2021 @ 10:31:13 - Row :266 - Parsing item.
10-18-2021 @ 10:31:13 - Row :266 - Parsing failed. Reason: Skipped. Unknown order status (updated-tracking).
10-18-2021 @ 10:31:13 - Row :267 - Parsing item.
10-18-2021 @ 10:31:13 - Row :267 - Parsing failed. Reason: Skipped. Unknown order status (updated-tracking).
10-18-2021 @ 10:31:13 - Row :268 - Parsing item.
10-18-2021 @ 10:31:13 - Row :268 - Parsing failed. Reason: Skipped. Unknown order status (updated-tracking).
10-18-2021 @ 10:31:13 - Row :269 - Parsing item.
10-18-2021 @ 10:31:13 - Row :269 - Parsing failed. Reason: Skipped. Unknown order status (updated-tracking).
10-18-2021 @ 10:31:13 - Row :270 - Parsing item.
10-18-2021 @ 10:31:13 - Row :270 - Parsing failed. Reason: Skipped. Unknown order status (updated-tracking).
10-18-2021 @ 10:31:13 - Preparing for import.
10-18-2021 @ 10:31:13 - Row :271 - Parsing item.
10-18-2021 @ 10:31:13 - Row :271 - Parsing failed. Reason: Skipped. Unknown order status (updated-tracking).
10-18-2021 @ 10:31:13 - Row :272 - Parsing item.
10-18-2021 @ 10:31:13 - Importing as new order ID:5254
10-18-2021 @ 10:31:13 - Row :272 - Processing item.
10-18-2021 @ 10:31:14 - Found order object. ID:5254
10-18-2021 @ 10:31:14 - Row :272 - Order imported successfully.
10-18-2021 @ 10:31:14 - Row :273 - Parsing item.
10-18-2021 @ 10:31:14 - Row :273 - Parsing failed. Reason: Skipped. Unknown order status (updated-tracking).
10-18-2021 @ 10:31:14 - Row :274 - Parsing item.
10-18-2021 @ 10:31:14 - Row :274 - Parsing failed. Reason: Skipped. Unknown order status (updated-tracking).
10-18-2021 @ 10:31:14 - Row :275 - Parsing item.
10-18-2021 @ 10:31:14 - Row :275 - Parsing failed. Reason: Skipped. Unknown order status (updated-tracking).
10-18-2021 @ 10:31:14 - Row :276 - Parsing item.
10-18-2021 @ 10:31:14 - Row :276 - Parsing failed. Reason: Skipped. Unknown order status (updated-tracking).
10-18-2021 @ 10:31:14 - Row :277 - Parsing item.
10-18-2021 @ 10:31:14 - Row :277 - Parsing failed. Reason: Skipped. Unknown order status (updated-tracking).
10-18-2021 @ 10:31:14 - Row :278 - Parsing item.
10-18-2021 @ 10:31:14 - Row :278 - Parsing failed. Reason: Skipped. Unknown order status (updated-tracking).
10-18-2021 @ 10:31:14 - Row :279 - Parsing item.
10-18-2021 @ 10:31:14 - Row :279 - Parsing failed. Reason: Skipped. Unknown order status (updated-tracking).
10-18-2021 @ 10:31:14 - Row :280 - Parsing item.
10-18-2021 @ 10:31:14 - Row :280 - Parsing failed. Reason: Skipped. Unknown order status (updated-tracking).
10-18-2021 @ 10:31:15 - Preparing for import.
10-18-2021 @ 10:31:15 - Row :281 - Parsing item.
10-18-2021 @ 10:31:15 - Importing as new order ID:5263
10-18-2021 @ 10:31:15 - Row :281 - Processing item.
10-18-2021 @ 10:31:16 - Found order object. ID:5263
10-18-2021 @ 10:31:16 - Row :281 - Order imported successfully.
10-18-2021 @ 10:31:16 - Row :282 - Parsing item.
10-18-2021 @ 10:31:17 - Importing as new order ID:5264
10-18-2021 @ 10:31:17 - Row :282 - Processing item.
10-18-2021 @ 10:31:17 - Found order object. ID:5264
10-18-2021 @ 10:31:18 - Row :282 - Order imported successfully.
10-18-2021 @ 10:31:18 - Row :283 - Parsing item.
10-18-2021 @ 10:31:18 - Importing as new order ID:5265
10-18-2021 @ 10:31:18 - Row :283 - Processing item.
10-18-2021 @ 10:31:18 - Found order object. ID:5265
10-18-2021 @ 10:31:19 - Row :283 - Order imported successfully.
10-18-2021 @ 10:31:19 - Row :284 - Parsing item.
10-18-2021 @ 10:31:19 - Row :284 - Parsing failed. Reason: Skipped. Unknown order status (updated-tracking).
10-18-2021 @ 10:31:19 - Row :285 - Parsing item.
10-18-2021 @ 10:31:19 - Row :285 - Parsing failed. Reason: Skipped. Unknown order status (updated-tracking).
10-18-2021 @ 10:31:19 - Row :286 - Parsing item.
10-18-2021 @ 10:31:19 - Row :286 - Parsing failed. Reason: Skipped. Unknown order status (updated-tracking).
10-18-2021 @ 10:31:19 - Row :287 - Parsing item.
10-18-2021 @ 10:31:19 - Row :287 - Parsing failed. Reason: Skipped. Unknown order status (updated-tracking).
10-18-2021 @ 10:31:19 - Row :288 - Parsing item.
10-18-2021 @ 10:31:19 - Row :288 - Parsing failed. Reason: Skipped. Unknown order status (updated-tracking).
10-18-2021 @ 10:31:19 - Row :289 - Parsing item.
10-18-2021 @ 10:31:19 - Row :289 - Parsing failed. Reason: Skipped. Unknown order status (updated-tracking).
10-18-2021 @ 10:31:19 - Row :290 - Parsing item.
10-18-2021 @ 10:31:19 - Row :290 - Parsing failed. Reason: Skipped. Unknown order status (updated-tracking).
10-18-2021 @ 10:31:20 - Preparing for import.
10-18-2021 @ 10:31:20 - Row :291 - Parsing item.
10-18-2021 @ 10:31:20 - Row :291 - Parsing failed. Reason: Skipped. Unknown order status (updated-tracking).
10-18-2021 @ 10:31:20 - Row :292 - Parsing item.
10-18-2021 @ 10:31:20 - Row :292 - Parsing failed. Reason: Skipped. Unknown order status (updated-tracking).
10-18-2021 @ 10:31:20 - Row :293 - Parsing item.
10-18-2021 @ 10:31:20 - Row :293 - Parsing failed. Reason: Skipped. Unknown order status (updated-tracking).
10-18-2021 @ 10:31:20 - Row :294 - Parsing item.
10-18-2021 @ 10:31:20 - Row :294 - Parsing failed. Reason: Skipped. Unknown order status (updated-tracking).
10-18-2021 @ 10:31:20 - Row :295 - Parsing item.
10-18-2021 @ 10:31:20 - Row :295 - Parsing failed. Reason: Skipped. Unknown order status (updated-tracking).
10-18-2021 @ 10:31:20 - Row :296 - Parsing item.
10-18-2021 @ 10:31:20 - Row :296 - Parsing failed. Reason: Skipped. Unknown order status (updated-tracking).
10-18-2021 @ 10:31:20 - Row :297 - Parsing item.
10-18-2021 @ 10:31:20 - Row :297 - Parsing failed. Reason: Skipped. Unknown order status (updated-tracking).
10-18-2021 @ 10:31:20 - Row :298 - Parsing item.
10-18-2021 @ 10:31:20 - Row :298 - Parsing failed. Reason: Skipped. Unknown order status (updated-tracking).
10-18-2021 @ 10:31:20 - Row :299 - Parsing item.
10-18-2021 @ 10:31:20 - Row :299 - Parsing failed. Reason: Skipped. Unknown order status (updated-tracking).
10-18-2021 @ 10:31:20 - Row :300 - Parsing item.
10-18-2021 @ 10:31:20 - Row :300 - Parsing failed. Reason: Skipped. Unknown order status (updated-tracking).
10-18-2021 @ 10:31:21 - Preparing for import.
10-18-2021 @ 10:31:21 - Row :301 - Parsing item.
10-18-2021 @ 10:31:21 - Row :301 - Parsing failed. Reason: Skipped. Unknown order status (updated-tracking).
10-18-2021 @ 10:31:21 - Row :302 - Parsing item.
10-18-2021 @ 10:31:21 - Row :302 - Parsing failed. Reason: Skipped. Unknown order status (updated-tracking).
10-18-2021 @ 10:31:21 - Row :303 - Parsing item.
10-18-2021 @ 10:31:21 - Row :303 - Parsing failed. Reason: Skipped. Unknown order status (updated-tracking).
10-18-2021 @ 10:31:21 - Row :304 - Parsing item.
10-18-2021 @ 10:31:21 - Importing as new order ID:5298
10-18-2021 @ 10:31:21 - Row :304 - Processing item.
10-18-2021 @ 10:31:21 - Found order object. ID:5298
10-18-2021 @ 10:31:22 - Row :304 - Order imported successfully.
10-18-2021 @ 10:31:22 - Row :305 - Parsing item.
10-18-2021 @ 10:31:22 - Row :305 - Parsing failed. Reason: Skipped. Unknown order status (updated-tracking).
10-18-2021 @ 10:31:22 - Row :306 - Parsing item.
10-18-2021 @ 10:31:22 - Importing as new order ID:5300
10-18-2021 @ 10:31:22 - Row :306 - Processing item.
10-18-2021 @ 10:31:22 - Found order object. ID:5300
10-18-2021 @ 10:31:23 - Row :306 - Order imported successfully.
10-18-2021 @ 10:31:23 - Row :307 - Parsing item.
10-18-2021 @ 10:31:23 - Row :307 - Parsing failed. Reason: Skipped. Unknown order status (updated-tracking).
10-18-2021 @ 10:31:23 - Row :308 - Parsing item.
10-18-2021 @ 10:31:23 - Row :308 - Parsing failed. Reason: Skipped. Unknown order status (updated-tracking).
10-18-2021 @ 10:31:23 - Row :309 - Parsing item.
10-18-2021 @ 10:31:23 - Row :309 - Parsing failed. Reason: Skipped. Unknown order status (updated-tracking).
10-18-2021 @ 10:31:23 - Row :310 - Parsing item.
10-18-2021 @ 10:31:23 - Row :310 - Parsing failed. Reason: Skipped. Unknown order status (updated-tracking).
10-18-2021 @ 10:31:24 - Preparing for import.
10-18-2021 @ 10:31:24 - Row :311 - Parsing item.
10-18-2021 @ 10:31:24 - Importing as new order ID:5305
10-18-2021 @ 10:31:24 - Row :311 - Processing item.
10-18-2021 @ 10:31:25 - Found order object. ID:5305
10-18-2021 @ 10:31:25 - Row :311 - Order imported successfully.
10-18-2021 @ 10:31:25 - Row :312 - Parsing item.
10-18-2021 @ 10:31:25 - Row :312 - Parsing failed. Reason: Skipped. Unknown order status (updated-tracking).
10-18-2021 @ 10:31:25 - Row :313 - Parsing item.
10-18-2021 @ 10:31:25 - Row :313 - Parsing failed. Reason: Skipped. Unknown order status (updated-tracking).
10-18-2021 @ 10:31:25 - Row :314 - Parsing item.
10-18-2021 @ 10:31:25 - Row :314 - Parsing failed. Reason: Skipped. Unknown order status (updated-tracking).
10-18-2021 @ 10:31:25 - Row :315 - Parsing item.
10-18-2021 @ 10:31:25 - Row :315 - Parsing failed. Reason: Skipped. Unknown order status (updated-tracking).
10-18-2021 @ 10:31:25 - Row :316 - Parsing item.
10-18-2021 @ 10:31:25 - Row :316 - Parsing failed. Reason: Skipped. Unknown order status (updated-tracking).
10-18-2021 @ 10:31:25 - Row :317 - Parsing item.
10-18-2021 @ 10:31:25 - Row :317 - Parsing failed. Reason: Skipped. Unknown order status (updated-tracking).
10-18-2021 @ 10:31:25 - Row :318 - Parsing item.
10-18-2021 @ 10:31:25 - Row :318 - Parsing failed. Reason: Skipped. Unknown order status (updated-tracking).
10-18-2021 @ 10:31:25 - Row :319 - Parsing item.
10-18-2021 @ 10:31:25 - Row :319 - Parsing failed. Reason: Skipped. Unknown order status (updated-tracking).
10-18-2021 @ 10:31:25 - Row :320 - Parsing item.
10-18-2021 @ 10:31:25 - Row :320 - Parsing failed. Reason: Skipped. Unknown order status (updated-tracking).
10-18-2021 @ 10:31:26 - Preparing for import.
10-18-2021 @ 10:31:26 - Row :321 - Parsing item.
10-18-2021 @ 10:31:26 - Row :321 - Parsing failed. Reason: Skipped. Unknown order status (updated-tracking).
10-18-2021 @ 10:31:26 - Row :322 - Parsing item.
10-18-2021 @ 10:31:26 - Row :322 - Parsing failed. Reason: Skipped. Unknown order status (updated-tracking).
10-18-2021 @ 10:31:26 - Row :323 - Parsing item.
10-18-2021 @ 10:31:26 - Row :323 - Parsing failed. Reason: Skipped. Unknown order status (updated-tracking).
10-18-2021 @ 10:31:26 - Row :324 - Parsing item.
10-18-2021 @ 10:31:26 - Row :324 - Parsing failed. Reason: Skipped. Unknown order status (updated-tracking).
10-18-2021 @ 10:31:26 - Row :325 - Parsing item.
10-18-2021 @ 10:31:26 - Row :325 - Parsing failed. Reason: Skipped. Unknown order status (updated-tracking).
10-18-2021 @ 10:31:26 - Row :326 - Parsing item.
10-18-2021 @ 10:31:26 - Row :326 - Parsing failed. Reason: Skipped. Unknown order status (updated-tracking).
10-18-2021 @ 10:31:26 - Row :327 - Parsing item.
10-18-2021 @ 10:31:26 - Row :327 - Parsing failed. Reason: Skipped. Unknown order status (updated-tracking).
10-18-2021 @ 10:31:26 - Row :328 - Parsing item.
10-18-2021 @ 10:31:26 - Row :328 - Parsing failed. Reason: Skipped. Unknown order status (updated-tracking).
10-18-2021 @ 10:31:26 - Row :329 - Parsing item.
10-18-2021 @ 10:31:26 - Row :329 - Parsing failed. Reason: Skipped. Unknown order status (updated-tracking).
10-18-2021 @ 10:31:26 - Row :330 - Parsing item.
10-18-2021 @ 10:31:26 - Row :330 - Parsing failed. Reason: Skipped. Unknown order status (updated-tracking).
10-18-2021 @ 10:31:27 - Preparing for import.
10-18-2021 @ 10:31:27 - Row :331 - Parsing item.
10-18-2021 @ 10:31:27 - Row :331 - Parsing failed. Reason: Skipped. Unknown order status (updated-tracking).
10-18-2021 @ 10:31:27 - Row :332 - Parsing item.
10-18-2021 @ 10:31:27 - Row :332 - Parsing failed. Reason: Skipped. Unknown order status (updated-tracking).
10-18-2021 @ 10:31:27 - Row :333 - Parsing item.
10-18-2021 @ 10:31:27 - Row :333 - Parsing failed. Reason: Skipped. Unknown order status (updated-tracking).
10-18-2021 @ 10:31:27 - Row :334 - Parsing item.
10-18-2021 @ 10:31:27 - Row :334 - Parsing failed. Reason: Skipped. Unknown order status (updated-tracking).
10-18-2021 @ 10:31:27 - Row :335 - Parsing item.
10-18-2021 @ 10:31:27 - Row :335 - Parsing failed. Reason: Skipped. Unknown order status (updated-tracking).
10-18-2021 @ 10:31:27 - Row :336 - Parsing item.
10-18-2021 @ 10:31:27 - Row :336 - Parsing failed. Reason: Skipped. Unknown order status (updated-tracking).
10-18-2021 @ 10:31:27 - Row :337 - Parsing item.
10-18-2021 @ 10:31:27 - Row :337 - Parsing failed. Reason: Skipped. Unknown order status (updated-tracking).
10-18-2021 @ 10:31:27 - Row :338 - Parsing item.
10-18-2021 @ 10:31:27 - Row :338 - Parsing failed. Reason: Skipped. Unknown order status (updated-tracking).
10-18-2021 @ 10:31:27 - Row :339 - Parsing item.
10-18-2021 @ 10:31:27 - Row :339 - Parsing failed. Reason: Skipped. Unknown order status (updated-tracking).
10-18-2021 @ 10:31:27 - Row :340 - Parsing item.
10-18-2021 @ 10:31:27 - Row :340 - Parsing failed. Reason: Skipped. Unknown order status (updated-tracking).
10-18-2021 @ 10:31:27 - Preparing for import.
10-18-2021 @ 10:31:27 - Row :341 - Parsing item.
10-18-2021 @ 10:31:27 - Row :341 - Parsing failed. Reason: Skipped. Unknown order status (updated-tracking).
10-18-2021 @ 10:31:27 - Row :342 - Parsing item.
10-18-2021 @ 10:31:27 - Row :342 - Parsing failed. Reason: Skipped. Unknown order status (updated-tracking).
10-18-2021 @ 10:31:27 - Row :343 - Parsing item.
10-18-2021 @ 10:31:27 - Row :343 - Parsing failed. Reason: Skipped. Unknown order status (updated-tracking).
10-18-2021 @ 10:31:27 - Row :344 - Parsing item.
10-18-2021 @ 10:31:27 - Row :344 - Parsing failed. Reason: Skipped. Unknown order status (updated-tracking).
10-18-2021 @ 10:31:27 - Row :345 - Parsing item.
10-18-2021 @ 10:31:27 - Row :345 - Parsing failed. Reason: Skipped. Unknown order status (updated-tracking).
10-18-2021 @ 10:31:27 - Row :346 - Parsing item.
10-18-2021 @ 10:31:27 - Row :346 - Parsing failed. Reason: Skipped. Unknown order status (updated-tracking).
10-18-2021 @ 10:31:27 - Row :347 - Parsing item.
10-18-2021 @ 10:31:27 - Row :347 - Parsing failed. Reason: Skipped. Unknown order status (updated-tracking).
10-18-2021 @ 10:31:27 - Row :348 - Parsing item.
10-18-2021 @ 10:31:27 - Row :348 - Parsing failed. Reason: Skipped. Unknown order status (updated-tracking).
10-18-2021 @ 10:31:27 - Row :349 - Parsing item.
10-18-2021 @ 10:31:27 - Row :349 - Parsing failed. Reason: Skipped. Unknown order status (updated-tracking).
10-18-2021 @ 10:31:27 - Row :350 - Parsing item.
10-18-2021 @ 10:31:27 - Importing as new order ID:5363
10-18-2021 @ 10:31:27 - Row :350 - Processing item.
10-18-2021 @ 10:31:27 - Found order object. ID:5363
10-18-2021 @ 10:31:28 - Row :350 - Order imported successfully.
10-18-2021 @ 10:31:29 - Preparing for import.
10-18-2021 @ 10:31:29 - Row :351 - Parsing item.
10-18-2021 @ 10:31:29 - Importing as new order ID:5364
10-18-2021 @ 10:31:29 - Row :351 - Processing item.
10-18-2021 @ 10:31:29 - Found order object. ID:5364
10-18-2021 @ 10:31:30 - Row :351 - Order imported successfully.
10-18-2021 @ 10:31:30 - Row :352 - Parsing item.
10-18-2021 @ 10:31:30 - Row :352 - Parsing failed. Reason: Skipped. Unknown order status (updated-tracking).
10-18-2021 @ 10:31:30 - Row :353 - Parsing item.
10-18-2021 @ 10:31:30 - Row :353 - Parsing failed. Reason: Skipped. Unknown order status (updated-tracking).
10-18-2021 @ 10:31:30 - Row :354 - Parsing item.
10-18-2021 @ 10:31:30 - Row :354 - Parsing failed. Reason: Skipped. Unknown order status (updated-tracking).
10-18-2021 @ 10:31:30 - Row :355 - Parsing item.
10-18-2021 @ 10:31:30 - Row :355 - Parsing failed. Reason: Skipped. Unknown order status (updated-tracking).
10-18-2021 @ 10:31:30 - Row :356 - Parsing item.
10-18-2021 @ 10:31:30 - Row :356 - Parsing failed. Reason: Skipped. Unknown order status (updated-tracking).
10-18-2021 @ 10:31:30 - Row :357 - Parsing item.
10-18-2021 @ 10:31:30 - Row :357 - Parsing failed. Reason: Skipped. Unknown order status (updated-tracking).
10-18-2021 @ 10:31:30 - Row :358 - Parsing item.
10-18-2021 @ 10:31:30 - Row :358 - Parsing failed. Reason: Skipped. Unknown order status (updated-tracking).
10-18-2021 @ 10:31:30 - Row :359 - Parsing item.
10-18-2021 @ 10:31:30 - Row :359 - Parsing failed. Reason: Skipped. Unknown order status (updated-tracking).
10-18-2021 @ 10:31:30 - Row :360 - Parsing item.
10-18-2021 @ 10:31:30 - Row :360 - Parsing failed. Reason: Skipped. Unknown order status (updated-tracking).
10-18-2021 @ 10:31:31 - Preparing for import.
10-18-2021 @ 10:31:31 - Row :361 - Parsing item.
10-18-2021 @ 10:31:31 - Row :361 - Parsing failed. Reason: Skipped. Unknown order status (updated-tracking).
10-18-2021 @ 10:31:31 - Row :362 - Parsing item.
10-18-2021 @ 10:31:31 - Row :362 - Parsing failed. Reason: Skipped. Unknown order status (updated-tracking).
10-18-2021 @ 10:31:31 - Row :363 - Parsing item.
10-18-2021 @ 10:31:31 - Row :363 - Parsing failed. Reason: Skipped. Unknown order status (updated-tracking).
10-18-2021 @ 10:31:31 - Row :364 - Parsing item.
10-18-2021 @ 10:31:31 - Row :364 - Parsing failed. Reason: Skipped. Unknown order status (updated-tracking).
10-18-2021 @ 10:31:31 - Row :365 - Parsing item.
10-18-2021 @ 10:31:31 - Row :365 - Parsing failed. Reason: Skipped. Unknown order status (updated-tracking).
10-18-2021 @ 10:31:31 - Row :366 - Parsing item.
10-18-2021 @ 10:31:31 - Row :366 - Parsing failed. Reason: Skipped. Unknown order status (updated-tracking).
10-18-2021 @ 10:31:31 - Row :367 - Parsing item.
10-18-2021 @ 10:31:31 - Row :367 - Parsing failed. Reason: Skipped. Unknown order status (updated-tracking).
10-18-2021 @ 10:31:31 - Row :368 - Parsing item.
10-18-2021 @ 10:31:31 - Row :368 - Parsing failed. Reason: Skipped. Unknown order status (updated-tracking).
10-18-2021 @ 10:31:31 - Row :369 - Parsing item.
10-18-2021 @ 10:31:31 - Row :369 - Parsing failed. Reason: Skipped. Unknown order status (updated-tracking).
10-18-2021 @ 10:31:31 - Row :370 - Parsing item.
10-18-2021 @ 10:31:31 - Importing as new order ID:5392
10-18-2021 @ 10:31:31 - Row :370 - Processing item.
10-18-2021 @ 10:31:32 - Found order object. ID:5392
10-18-2021 @ 10:31:32 - Row :370 - Order imported successfully.
10-18-2021 @ 10:31:34 - Preparing for import.
10-18-2021 @ 10:31:34 - Row :371 - Parsing item.
10-18-2021 @ 10:31:34 - Importing as new order ID:5393
10-18-2021 @ 10:31:34 - Row :371 - Processing item.
10-18-2021 @ 10:31:35 - Found order object. ID:5393
10-18-2021 @ 10:31:36 - Row :371 - Order imported successfully.
10-18-2021 @ 10:31:36 - Row :372 - Parsing item.
10-18-2021 @ 10:31:36 - Importing as new order ID:5394
10-18-2021 @ 10:31:36 - Row :372 - Processing item.
10-18-2021 @ 10:31:36 - Found order object. ID:5394
10-18-2021 @ 10:31:37 - Row :372 - Order imported successfully.
10-18-2021 @ 10:31:37 - Row :373 - Parsing item.
10-18-2021 @ 10:31:37 - Importing as new order ID:5395
10-18-2021 @ 10:31:37 - Row :373 - Processing item.
10-18-2021 @ 10:31:38 - Found order object. ID:5395
10-18-2021 @ 10:31:38 - Row :373 - Order imported successfully.
10-18-2021 @ 10:31:38 - Row :374 - Parsing item.
10-18-2021 @ 10:31:38 - Importing as new order ID:5396
10-18-2021 @ 10:31:38 - Row :374 - Processing item.
10-18-2021 @ 10:31:39 - Found order object. ID:5396
10-18-2021 @ 10:31:40 - Row :374 - Order imported successfully.
10-18-2021 @ 10:31:40 - Row :375 - Parsing item.
10-18-2021 @ 10:31:40 - Importing as new order ID:5397
10-18-2021 @ 10:31:40 - Row :375 - Processing item.
10-18-2021 @ 10:31:40 - Found order object. ID:5397
10-18-2021 @ 10:31:41 - Row :375 - Order imported successfully.
10-18-2021 @ 10:31:41 - Row :376 - Parsing item.
10-18-2021 @ 10:31:41 - Importing as new order ID:5398
10-18-2021 @ 10:31:41 - Row :376 - Processing item.
10-18-2021 @ 10:31:42 - Found order object. ID:5398
10-18-2021 @ 10:31:43 - Row :376 - Order imported successfully.
10-18-2021 @ 10:31:43 - Row :377 - Parsing item.
10-18-2021 @ 10:31:43 - Importing as new order ID:5399
10-18-2021 @ 10:31:43 - Row :377 - Processing item.
10-18-2021 @ 10:31:44 - Found order object. ID:5399
10-18-2021 @ 10:31:45 - Row :377 - Order imported successfully.
10-18-2021 @ 10:31:45 - Row :378 - Parsing item.
10-18-2021 @ 10:31:45 - Importing as new order ID:5400
10-18-2021 @ 10:31:45 - Row :378 - Processing item.
10-18-2021 @ 10:31:46 - Found order object. ID:5400
10-18-2021 @ 10:31:47 - Row :378 - Order imported successfully.
10-18-2021 @ 10:31:47 - Row :379 - Parsing item.
10-18-2021 @ 10:31:47 - Importing as new order ID:5401
10-18-2021 @ 10:31:47 - Row :379 - Processing item.
10-18-2021 @ 10:31:48 - Found order object. ID:5401
10-18-2021 @ 10:31:48 - Row :379 - Order imported successfully.
10-18-2021 @ 10:31:48 - Row :380 - Parsing item.
10-18-2021 @ 10:31:49 - Importing as new order ID:5402
10-18-2021 @ 10:31:49 - Row :380 - Processing item.
10-18-2021 @ 10:31:49 - Found order object. ID:5402
10-18-2021 @ 10:31:50 - Row :380 - Order imported successfully.
10-18-2021 @ 10:31:51 - Preparing for import.
10-18-2021 @ 10:31:51 - Row :381 - Parsing item.
10-18-2021 @ 10:31:52 - Importing as new order ID:5403
10-18-2021 @ 10:31:52 - Row :381 - Processing item.
10-18-2021 @ 10:31:52 - Found order object. ID:5403
10-18-2021 @ 10:31:53 - Row :381 - Order imported successfully.
10-18-2021 @ 10:31:53 - Row :382 - Parsing item.
10-18-2021 @ 10:31:53 - Importing as new order ID:5404
10-18-2021 @ 10:31:53 - Row :382 - Processing item.
10-18-2021 @ 10:31:53 - Found order object. ID:5404
10-18-2021 @ 10:31:54 - Row :382 - Order imported successfully.
10-18-2021 @ 10:31:54 - Row :383 - Parsing item.
10-18-2021 @ 10:31:54 - Importing as new order ID:5405
10-18-2021 @ 10:31:54 - Row :383 - Processing item.
10-18-2021 @ 10:31:55 - Found order object. ID:5405
10-18-2021 @ 10:31:55 - Row :383 - Order imported successfully.
10-18-2021 @ 10:31:55 - Row :384 - Parsing item.
10-18-2021 @ 10:31:55 - Importing as new order ID:5406
10-18-2021 @ 10:31:55 - Row :384 - Processing item.
10-18-2021 @ 10:31:56 - Found order object. ID:5406
10-18-2021 @ 10:31:57 - Row :384 - Order imported successfully.
10-18-2021 @ 10:31:57 - Row :385 - Parsing item.
10-18-2021 @ 10:31:57 - Importing as new order ID:5408
10-18-2021 @ 10:31:57 - Row :385 - Processing item.
10-18-2021 @ 10:31:57 - Found order object. ID:5408
10-18-2021 @ 10:31:57 - Row :385 - Order imported successfully.
10-18-2021 @ 10:31:57 - Row :386 - Parsing item.
10-18-2021 @ 10:31:58 - Importing as new order ID:5409
10-18-2021 @ 10:31:58 - Row :386 - Processing item.
10-18-2021 @ 10:31:58 - Found order object. ID:5409
10-18-2021 @ 10:31:58 - Row :386 - Order imported successfully.
10-18-2021 @ 10:31:58 - Row :387 - Parsing item.
10-18-2021 @ 10:31:58 - Importing as new order ID:5410
10-18-2021 @ 10:31:58 - Row :387 - Processing item.
10-18-2021 @ 10:31:59 - Found order object. ID:5410
10-18-2021 @ 10:31:59 - Row :387 - Order imported successfully.
10-18-2021 @ 10:31:59 - Row :388 - Parsing item.
10-18-2021 @ 10:31:59 - Importing as new order ID:5411
10-18-2021 @ 10:31:59 - Row :388 - Processing item.
10-18-2021 @ 10:31:59 - Found order object. ID:5411
10-18-2021 @ 10:32:00 - Row :388 - Order imported successfully.
10-18-2021 @ 10:32:00 - Row :389 - Parsing item.
10-18-2021 @ 10:32:00 - Importing as new order ID:5412
10-18-2021 @ 10:32:00 - Row :389 - Processing item.
10-18-2021 @ 10:32:00 - Found order object. ID:5412
10-18-2021 @ 10:32:01 - Row :389 - Order imported successfully.
10-18-2021 @ 10:32:01 - Row :390 - Parsing item.
10-18-2021 @ 10:32:01 - Importing as new order ID:5413
10-18-2021 @ 10:32:01 - Row :390 - Processing item.
10-18-2021 @ 10:32:01 - Found order object. ID:5413
10-18-2021 @ 10:32:02 - Row :390 - Order imported successfully.
10-18-2021 @ 10:32:07 - Preparing for import.
10-18-2021 @ 10:32:07 - Row :391 - Parsing item.
10-18-2021 @ 10:32:07 - Importing as new order ID:5414
10-18-2021 @ 10:32:07 - Row :391 - Processing item.
10-18-2021 @ 10:32:07 - Found order object. ID:5414
10-18-2021 @ 10:32:08 - Row :391 - Order imported successfully.
10-18-2021 @ 10:32:08 - Row :392 - Parsing item.
10-18-2021 @ 10:32:08 - Importing as new order ID:5415
10-18-2021 @ 10:32:08 - Row :392 - Processing item.
10-18-2021 @ 10:32:08 - Found order object. ID:5415
10-18-2021 @ 10:32:09 - Row :392 - Order imported successfully.
10-18-2021 @ 10:32:09 - Row :393 - Parsing item.
10-18-2021 @ 10:32:09 - Importing as new order ID:5416
10-18-2021 @ 10:32:09 - Row :393 - Processing item.
10-18-2021 @ 10:32:09 - Found order object. ID:5416
10-18-2021 @ 10:32:10 - Row :393 - Order imported successfully.
10-18-2021 @ 10:32:10 - Row :394 - Parsing item.
10-18-2021 @ 10:32:10 - Importing as new order ID:5417
10-18-2021 @ 10:32:10 - Row :394 - Processing item.
10-18-2021 @ 10:32:10 - Found order object. ID:5417
10-18-2021 @ 10:32:10 - Row :394 - Order imported successfully.
10-18-2021 @ 10:32:10 - Row :395 - Parsing item.
10-18-2021 @ 10:32:10 - Importing as new order ID:5418
10-18-2021 @ 10:32:10 - Row :395 - Processing item.
10-18-2021 @ 10:32:11 - Found order object. ID:5418
10-18-2021 @ 10:32:11 - Row :395 - Order imported successfully.
10-18-2021 @ 10:32:11 - Row :396 - Parsing item.
10-18-2021 @ 10:32:11 - Importing as new order ID:5419
10-18-2021 @ 10:32:11 - Row :396 - Processing item.
10-18-2021 @ 10:32:11 - Found order object. ID:5419
10-18-2021 @ 10:32:12 - Row :396 - Order imported successfully.
10-18-2021 @ 10:32:12 - Row :397 - Parsing item.
10-18-2021 @ 10:32:12 - Importing as new order ID:5420
10-18-2021 @ 10:32:12 - Row :397 - Processing item.
10-18-2021 @ 10:32:12 - Found order object. ID:5420
10-18-2021 @ 10:32:13 - Row :397 - Order imported successfully.
10-18-2021 @ 10:32:13 - Row :398 - Parsing item.
10-18-2021 @ 10:32:13 - Importing as new order ID:5421
10-18-2021 @ 10:32:13 - Row :398 - Processing item.
10-18-2021 @ 10:32:13 - Found order object. ID:5421
10-18-2021 @ 10:32:13 - Row :398 - Order imported successfully.
10-18-2021 @ 10:32:13 - Row :399 - Parsing item.
10-18-2021 @ 10:32:13 - Importing as new order ID:5422
10-18-2021 @ 10:32:13 - Row :399 - Processing item.
10-18-2021 @ 10:32:14 - Found order object. ID:5422
10-18-2021 @ 10:32:14 - Row :399 - Order imported successfully.
10-18-2021 @ 10:32:14 - ---[ Import ended at 2021-10-18 10:32:14]---
